Log file open, 10/01/18 16:30:01
LogWindows: Failed to load 'aqProf.dll' (GetLastError=126)
LogWindows: File 'aqProf.dll' does not exist
LogWindows: Failed to load 'VtuneApi.dll' (GetLastError=126)
LogWindows: File 'VtuneApi.dll' does not exist
LogWindows: Failed to load 'VtuneApi32e.dll' (GetLastError=126)
LogWindows: File 'VtuneApi32e.dll' does not exist
LogInit: Display: Running engine for game: Spotlight
LogPlatformFile: Not using cached read wrapper
LogInit: Display: RandInit(-1838026702) SRandInit(-1838026702).
LogInit: Read version file with build ID '3944462'
LogInit: Overriding engine version to CL 4033788, compatible CL 3944462
LogInit: Registered custom module enumerator with build ID '3944462'
LogTaskGraph: Started task graph with 5 named threads and 11 total threads with 3 sets of task threads.
LogStats: Stats thread started at 0.242889
LogD3D11RHI: Aftermath initialized
LogICUInternationalization: Display: ICU TimeZone Detection - Raw Offset: -6:00, Platform Override: ''
LogModuleManager: Display: Found up-to-date module file ../../../Engine/Plugins/2D/Paper2D/Binaries/Win64/UE4Editor-Paper2D.dll (API version 3944462).
LogModuleManager: Display: Found up-to-date module file ../../../Engine/Plugins/2D/Paper2D/Binaries/Win64/UE4Editor-Paper2DEditor.dll (API version 3944462).
LogModuleManager: Display: Found up-to-date module file ../../../Engine/Plugins/2D/Paper2D/Binaries/Win64/UE4Editor-PaperSpriteSheetImporter.dll (API version 3944462).
LogModuleManager: Display: Found up-to-date module file ../../../Engine/Plugins/2D/Paper2D/Binaries/Win64/UE4Editor-PaperTiledImporter.dll (API version 3944462).
LogModuleManager: Display: Found up-to-date module file ../../../Engine/Plugins/2D/Paper2D/Binaries/Win64/UE4Editor-SmartSnapping.dll (API version 3944462).
LogModuleManager: Display: Found up-to-date module file ../../../Engine/Plugins/Blendables/LightPropagationVolume/Binaries/Win64/UE4Editor-LightPropagationVolumeRuntime.dll (API version 3944462).
LogModuleManager: Display: Found up-to-date module file ../../../Engine/Plugins/Blendables/LightPropagationVolume/Binaries/Win64/UE4Editor-LightPropagationVolumeEditor.dll (API version 3944462).
LogModuleManager: Display: Found up-to-date module file ../../../Engine/Plugins/Developer/CLionSourceCodeAccess/Binaries/Win64/UE4Editor-CLionSourceCodeAccess.dll (API version 3944462).
LogModuleManager: Display: Found up-to-date module file ../../../Engine/Plugins/Developer/GitSourceControl/Binaries/Win64/UE4Editor-GitSourceControl.dll (API version 3944462).
LogModuleManager: Display: Found up-to-date module file ../../../Engine/Plugins/Developer/PerforceSourceControl/Binaries/Win64/UE4Editor-PerforceSourceControl.dll (API version 3944462).
LogModuleManager: Display: Found up-to-date module file ../../../Engine/Plugins/Developer/SubversionSourceControl/Binaries/Win64/UE4Editor-SubversionSourceControl.dll (API version 3944462).
LogModuleManager: Display: Found up-to-date module file ../../../Engine/Plugins/Developer/UObjectPlugin/Binaries/Win64/UE4Editor-UObjectPlugin.dll (API version 3944462).
LogModuleManager: Display: Found up-to-date module file ../../../Engine/Plugins/Developer/VisualStudioCodeSourceCodeAccess/Binaries/Win64/UE4Editor-VisualStudioCodeSourceCodeAccess.dll (API version 3944462).
LogModuleManager: Display: Found up-to-date module file ../../../Engine/Plugins/Developer/VisualStudioSourceCodeAccess/Binaries/Win64/UE4Editor-VisualStudioSourceCodeAccess.dll (API version 3944462).
LogModuleManager: Display: Found up-to-date module file ../../../Engine/Plugins/Editor/AssetManagerEditor/Binaries/Win64/UE4Editor-AssetManagerEditor.dll (API version 3944462).
LogModuleManager: Display: Found up-to-date module file ../../../Engine/Plugins/Editor/CryptoKeys/Binaries/Win64/UE4Editor-CryptoKeys.dll (API version 3944462).
LogModuleManager: Display: Found up-to-date module file ../../../Engine/Plugins/Editor/CryptoKeys/Binaries/Win64/UE4Editor-CryptoKeysOpenSSL.dll (API version 3944462).
LogModuleManager: Display: Found up-to-date module file ../../../Engine/Plugins/Editor/DataValidation/Binaries/Win64/UE4Editor-DataValidation.dll (API version 3944462).
LogModuleManager: Display: Found up-to-date module file ../../../Engine/Plugins/Editor/FacialAnimation/Binaries/Win64/UE4Editor-FacialAnimation.dll (API version 3944462).
LogModuleManager: Display: Found up-to-date module file ../../../Engine/Plugins/Editor/FacialAnimation/Binaries/Win64/UE4Editor-FacialAnimationEditor.dll (API version 3944462).
LogModuleManager: Display: Found up-to-date module file ../../../Engine/Plugins/Editor/GameplayTagsEditor/Binaries/Win64/UE4Editor-GameplayTagsEditor.dll (API version 3944462).
LogModuleManager: Display: Found up-to-date module file ../../../Engine/Plugins/Editor/MobileLauncherProfileWizard/Binaries/Win64/UE4Editor-MobileLauncherProfileWizard.dll (API version 3944462).
LogModuleManager: Display: Found up-to-date module file ../../../Engine/Plugins/Editor/PluginBrowser/Binaries/Win64/UE4Editor-PluginBrowser.dll (API version 3944462).
LogModuleManager: Display: Found up-to-date module file ../../../Engine/Plugins/Editor/SpeedTreeImporter/Binaries/Win64/UE4Editor-SpeedTreeImporter.dll (API version 3944462).
LogModuleManager: Display: Found up-to-date module file ../../../Engine/Plugins/Enterprise/DatasmithContent/Binaries/Win64/UE4Editor-DatasmithContent.dll (API version 3944462).
LogModuleManager: Display: Found up-to-date module file ../../../Engine/Plugins/Experimental/AlembicImporter/Binaries/Win64/UE4Editor-AlembicImporter.dll (API version 3944462).
LogModuleManager: Display: Found up-to-date module file ../../../Engine/Plugins/Experimental/AlembicImporter/Binaries/Win64/UE4Editor-AlembicLibrary.dll (API version 3944462).
LogModuleManager: Display: Found up-to-date module file ../../../Engine/Plugins/Experimental/CharacterAI/Binaries/Win64/UE4Editor-CharacterAI.dll (API version 3944462).
LogModuleManager: Display: Found up-to-date module file ../../../Engine/Plugins/Experimental/HTML5Networking/Binaries/Win64/UE4Editor-HTML5Networking.dll (API version 3944462).
LogModuleManager: Display: Found up-to-date module file ../../../Engine/Plugins/Media/AndroidMedia/Binaries/Win64/UE4Editor-AndroidMediaEditor.dll (API version 3944462).
LogModuleManager: Display: Found up-to-date module file ../../../Engine/Plugins/Media/AndroidMedia/Binaries/Win64/UE4Editor-AndroidMediaFactory.dll (API version 3944462).
LogModuleManager: Display: Found up-to-date module file ../../../Engine/Plugins/Media/AvfMedia/Binaries/Win64/UE4Editor-AvfMediaEditor.dll (API version 3944462).
LogModuleManager: Display: Found up-to-date module file ../../../Engine/Plugins/Media/AvfMedia/Binaries/Win64/UE4Editor-AvfMediaFactory.dll (API version 3944462).
LogModuleManager: Display: Found up-to-date module file ../../../Engine/Plugins/Media/AvfMedia/Binaries/Win64/UE4Editor-AvfMediaFactory.dll (API version 3944462).
LogModuleManager: Display: Found up-to-date module file ../../../Engine/Plugins/Media/ImgMedia/Binaries/Win64/UE4Editor-ImgMedia.dll (API version 3944462).
LogModuleManager: Display: Found up-to-date module file ../../../Engine/Plugins/Media/ImgMedia/Binaries/Win64/UE4Editor-ImgMediaEditor.dll (API version 3944462).
LogModuleManager: Display: Found up-to-date module file ../../../Engine/Plugins/Media/ImgMedia/Binaries/Win64/UE4Editor-ImgMediaFactory.dll (API version 3944462).
LogModuleManager: Display: Found up-to-date module file ../../../Engine/Plugins/Media/ImgMedia/Binaries/Win64/UE4Editor-ImgMediaFactory.dll (API version 3944462).
LogModuleManager: Display: Found up-to-date module file ../../../Engine/Plugins/Media/ImgMedia/Binaries/Win64/UE4Editor-OpenExrWrapper.dll (API version 3944462).
LogModuleManager: Display: Found up-to-date module file ../../../Engine/Plugins/Media/LinearTimecode/Binaries/Win64/UE4Editor-LinearTimecode.dll (API version 3944462).
LogModuleManager: Display: Found up-to-date module file ../../../Engine/Plugins/Media/MediaCompositing/Binaries/Win64/UE4Editor-MediaCompositing.dll (API version 3944462).
LogModuleManager: Display: Found up-to-date module file ../../../Engine/Plugins/Media/MediaCompositing/Binaries/Win64/UE4Editor-MediaCompositingEditor.dll (API version 3944462).
LogModuleManager: Display: Found up-to-date module file ../../../Engine/Plugins/Media/MediaPlayerEditor/Binaries/Win64/UE4Editor-MediaPlayerEditor.dll (API version 3944462).
LogModuleManager: Display: Found up-to-date module file ../../../Engine/Plugins/Media/WmfMedia/Binaries/Win64/UE4Editor-WmfMedia.dll (API version 3944462).
LogModuleManager: Display: Found up-to-date module file ../../../Engine/Plugins/Media/WmfMedia/Binaries/Win64/UE4Editor-WmfMediaEditor.dll (API version 3944462).
LogModuleManager: Display: Found up-to-date module file ../../../Engine/Plugins/Media/WmfMedia/Binaries/Win64/UE4Editor-WmfMediaFactory.dll (API version 3944462).
LogModuleManager: Display: Found up-to-date module file ../../../Engine/Plugins/Media/WmfMedia/Binaries/Win64/UE4Editor-WmfMediaFactory.dll (API version 3944462).
LogModuleManager: Display: Found up-to-date module file ../../../Engine/Plugins/Messaging/TcpMessaging/Binaries/Win64/UE4Editor-TcpMessaging.dll (API version 3944462).
LogModuleManager: Display: Found up-to-date module file ../../../Engine/Plugins/Messaging/UdpMessaging/Binaries/Win64/UE4Editor-UdpMessaging.dll (API version 3944462).
LogModuleManager: Display: Found up-to-date module file ../../../Engine/Plugins/MovieScene/ActorSequence/Binaries/Win64/UE4Editor-ActorSequence.dll (API version 3944462).
LogModuleManager: Display: Found up-to-date module file ../../../Engine/Plugins/MovieScene/LevelSequenceEditor/Binaries/Win64/UE4Editor-LevelSequenceEditor.dll (API version 3944462).
LogModuleManager: Display: Found up-to-date module file ../../../Engine/Plugins/MovieScene/MatineeToLevelSequence/Binaries/Win64/UE4Editor-MatineeToLevelSequence.dll (API version 3944462).
LogModuleManager: Display: Found up-to-date module file ../../../Engine/Plugins/NetcodeUnitTest/NetcodeUnitTest/Binaries/Win64/UE4Editor-NetcodeUnitTest.dll (API version 3944462).
LogModuleManager: Display: Found up-to-date module file ../../../Engine/Plugins/NetcodeUnitTest/NUTUnrealEngine4/Binaries/Win64/UE4Editor-NUTUnrealEngine4.dll (API version 3944462).
LogModuleManager: Display: Found up-to-date module file ../../../Engine/Plugins/Online/OnlineSubsystem/Binaries/Win64/UE4Editor-OnlineSubsystem.dll (API version 3944462).
LogModuleManager: Display: Found up-to-date module file ../../../Engine/Plugins/Runtime/AndroidPermission/Binaries/Win64/UE4Editor-AndroidPermission.dll (API version 3944462).
LogModuleManager: Display: Found up-to-date module file ../../../Engine/Plugins/Online/OnlineSubsystemNull/Binaries/Win64/UE4Editor-OnlineSubsystemNull.dll (API version 3944462).
LogModuleManager: Display: Found up-to-date module file ../../../Engine/Plugins/Online/OnlineSubsystemUtils/Binaries/Win64/UE4Editor-OnlineSubsystemUtils.dll (API version 3944462).
LogModuleManager: Display: Found up-to-date module file ../../../Engine/Plugins/Online/OnlineSubsystemUtils/Binaries/Win64/UE4Editor-OnlineBlueprintSupport.dll (API version 3944462).
LogModuleManager: Display: Found up-to-date module file ../../../Engine/Plugins/Runtime/AndroidDeviceProfileSelector/Binaries/Win64/UE4Editor-AndroidDeviceProfileSelector.dll (API version 3944462).
LogModuleManager: Display: Found up-to-date module file ../../../Engine/Plugins/Runtime/AppleARKit/Binaries/Win64/UE4Editor-AppleARKit.dll (API version 3944462).
LogModuleManager: Display: Found up-to-date module file ../../../Engine/Plugins/Runtime/ProceduralMeshComponent/Binaries/Win64/UE4Editor-ProceduralMeshComponent.dll (API version 3944462).
LogModuleManager: Display: Found up-to-date module file ../../../Engine/Plugins/Runtime/ProceduralMeshComponent/Binaries/Win64/UE4Editor-ProceduralMeshComponentEditor.dll (API version 3944462).
LogModuleManager: Display: Found up-to-date module file ../../../Engine/Plugins/Animation/LiveLink/Binaries/Win64/UE4Editor-LiveLink.dll (API version 3944462).
LogModuleManager: Display: Found up-to-date module file ../../../Engine/Plugins/Animation/LiveLink/Binaries/Win64/UE4Editor-LiveLinkEditor.dll (API version 3944462).
LogModuleManager: Display: Found up-to-date module file ../../../Engine/Plugins/Runtime/ArchVisCharacter/Binaries/Win64/UE4Editor-ArchVisCharacter.dll (API version 3944462).
LogModuleManager: Display: Found up-to-date module file ../../../Engine/Plugins/Runtime/AudioCapture/Binaries/Win64/UE4Editor-AudioCapture.dll (API version 3944462).
LogModuleManager: Display: Found up-to-date module file ../../../Engine/Plugins/Runtime/AudioCapture/Binaries/Win64/UE4Editor-AudioCaptureEditor.dll (API version 3944462).
LogModuleManager: Display: Found up-to-date module file ../../../Engine/Plugins/Runtime/CableComponent/Binaries/Win64/UE4Editor-CableComponent.dll (API version 3944462).
LogModuleManager: Display: Found up-to-date module file ../../../Engine/Plugins/Runtime/CustomMeshComponent/Binaries/Win64/UE4Editor-CustomMeshComponent.dll (API version 3944462).
LogModuleManager: Display: Found up-to-date module file ../../../Engine/Plugins/Runtime/ExampleDeviceProfileSelector/Binaries/Win64/UE4Editor-ExampleDeviceProfileSelector.dll (API version 3944462).
LogModuleManager: Display: Found up-to-date module file ../../../Engine/Plugins/Runtime/ImmediatePhysics/Binaries/Win64/UE4Editor-ImmediatePhysics.dll (API version 3944462).
LogModuleManager: Display: Found up-to-date module file ../../../Engine/Plugins/Runtime/ImmediatePhysics/Binaries/Win64/UE4Editor-ImmediatePhysicsEditor.dll (API version 3944462).
LogModuleManager: Display: Found up-to-date module file ../../../Engine/Plugins/Runtime/LocationServicesBPLibrary/Binaries/Win64/UE4Editor-LocationServicesBPLibrary.dll (API version 3944462).
LogModuleManager: Display: Found up-to-date module file ../../../Engine/Plugins/Runtime/MobilePatchingUtils/Binaries/Win64/UE4Editor-MobilePatchingUtils.dll (API version 3944462).
LogModuleManager: Display: Found up-to-date module file ../../../Engine/Plugins/Runtime/Oculus/OculusVR/Binaries/Win64/UE4Editor-OculusHMD.dll (API version 3944462).
LogModuleManager: Display: Found up-to-date module file ../../../Engine/Plugins/Runtime/Oculus/OculusVR/Binaries/Win64/UE4Editor-OculusInput.dll (API version 3944462).
LogModuleManager: Display: Found up-to-date module file ../../../Engine/Plugins/Runtime/Oculus/OculusVR/Binaries/Win64/UE4Editor-OculusEditor.dll (API version 3944462).
LogModuleManager: Display: Found up-to-date module file ../../../Engine/Plugins/Runtime/PhysXVehicles/Binaries/Win64/UE4Editor-PhysXVehicles.dll (API version 3944462).
LogModuleManager: Display: Found up-to-date module file ../../../Engine/Plugins/Runtime/PhysXVehicles/Binaries/Win64/UE4Editor-PhysXVehiclesEditor.dll (API version 3944462).
LogModuleManager: Display: Found up-to-date module file ../../../Engine/Plugins/Runtime/RuntimePhysXCooking/Binaries/Win64/UE4Editor-RuntimePhysXCooking.dll (API version 3944462).
LogModuleManager: Display: Found up-to-date module file ../../../Engine/Plugins/Runtime/Steam/SteamVR/Binaries/Win64/UE4Editor-SteamVR.dll (API version 3944462).
LogModuleManager: Display: Found up-to-date module file ../../../Engine/Plugins/Runtime/Steam/SteamVR/Binaries/Win64/UE4Editor-SteamVRController.dll (API version 3944462).
LogModuleManager: Display: Found up-to-date module file ../../../Engine/Plugins/Runtime/WindowsMoviePlayer/Binaries/Win64/UE4Editor-WindowsMoviePlayer.dll (API version 3944462).
LogPluginManager: Mounting plugin Paper2D
LogPluginManager: Mounting plugin LiveLink
LogPluginManager: Mounting plugin LightPropagationVolume
LogPluginManager: Mounting plugin CLionSourceCodeAccess
LogPluginManager: Mounting plugin CodeLiteSourceCodeAccess
LogPluginManager: Mounting plugin GitSourceControl
LogPluginManager: Mounting plugin KDevelopSourceCodeAccess
LogPluginManager: Mounting plugin NullSourceCodeAccess
LogPluginManager: Mounting plugin PerforceSourceControl
LogPluginManager: Mounting plugin SubversionSourceControl
LogPluginManager: Mounting plugin UObjectPlugin
LogPluginManager: Mounting plugin VisualStudioCodeSourceCodeAccess
LogPluginManager: Mounting plugin VisualStudioSourceCodeAccess
LogPluginManager: Mounting plugin XCodeSourceCodeAccess
LogPluginManager: Mounting plugin AssetManagerEditor
LogPluginManager: Mounting plugin CryptoKeys
LogPluginManager: Mounting plugin DataValidation
LogPluginManager: Mounting plugin FacialAnimation
LogPluginManager: Mounting plugin GameplayTagsEditor
LogPluginManager: Mounting plugin MobileLauncherProfileWizard
LogPluginManager: Mounting plugin PluginBrowser
LogPluginManager: Mounting plugin SpeedTreeImporter
LogPluginManager: Mounting plugin DatasmithContent
LogPluginManager: Mounting plugin AlembicImporter
LogPluginManager: Mounting plugin CharacterAI
LogPluginManager: Mounting plugin HTML5Networking
LogPluginManager: Mounting plugin AndroidMedia
LogPluginManager: Mounting plugin AvfMedia
LogPluginManager: Mounting plugin ImgMedia
LogPluginManager: Mounting plugin LinearTimecode
LogPluginManager: Mounting plugin MediaCompositing
LogPluginManager: Mounting plugin MediaPlayerEditor
LogPluginManager: Mounting plugin WmfMedia
LogPluginManager: Mounting plugin TcpMessaging
LogPluginManager: Mounting plugin UdpMessaging
LogPluginManager: Mounting plugin ActorSequence
LogPluginManager: Mounting plugin LevelSequenceEditor
LogPluginManager: Mounting plugin MatineeToLevelSequence
LogPluginManager: Mounting plugin NetcodeUnitTest
LogPluginManager: Mounting plugin NUTUnrealEngine4
LogPluginManager: Mounting plugin OnlineSubsystemGooglePlay
LogPluginManager: Mounting plugin OnlineSubsystemIOS
LogPluginManager: Mounting plugin OnlineSubsystem
LogPluginManager: Mounting plugin OnlineSubsystemNull
LogPluginManager: Mounting plugin OnlineSubsystemUtils
LogPluginManager: Mounting plugin AndroidDeviceProfileSelector
LogPluginManager: Mounting plugin AndroidMoviePlayer
LogPluginManager: Mounting plugin AndroidPermission
LogPluginManager: Mounting plugin AppleARKit
LogPluginManager: Mounting plugin AppleMoviePlayer
LogPluginManager: Mounting plugin ArchVisCharacter
LogPluginManager: Mounting plugin AudioCapture
LogPluginManager: Mounting plugin CableComponent
LogPluginManager: Mounting plugin CustomMeshComponent
LogPluginManager: Mounting plugin ExampleDeviceProfileSelector
LogPluginManager: Mounting plugin GoogleCloudMessaging
LogPluginManager: Mounting plugin ImmediatePhysics
LogPluginManager: Mounting plugin IOSDeviceProfileSelector
LogPluginManager: Mounting plugin LinuxDeviceProfileSelector
LogPluginManager: Mounting plugin LocationServicesBPLibrary
LogPluginManager: Mounting plugin MobilePatchingUtils
LogPluginManager: Mounting plugin OculusVR
LogPluginManager: Plugin shader directory ../../../Engine/Plugins/Runtime/Oculus/OculusVR/Shaders found
LogPluginManager: Mapping shader source directory ../../../Engine/Plugins/Runtime/Oculus/OculusVR/Shaders to virtual directory /Plugin/OculusVR
LogPluginManager: Mounting plugin PhysXVehicles
LogPluginManager: Mounting plugin ProceduralMeshComponent
LogPluginManager: Mounting plugin RuntimePhysXCooking
LogPluginManager: Mounting plugin SteamVR
LogPluginManager: Mounting plugin WindowsMoviePlayer
LogStreaming: Display: Took  3.683s to configure plugins.
LogInit: Using libcurl 7.47.1
LogInit:  - built for x86_64-pc-win32
LogInit:  - supports SSL with OpenSSL/1.0.2g
LogInit:  - supports HTTP deflate (compression) using libz 1.2.8
LogInit:  - other features:
LogInit:      CURL_VERSION_SSL
LogInit:      CURL_VERSION_LIBZ
LogInit:      CURL_VERSION_IPV6
LogInit:      CURL_VERSION_ASYNCHDNS
LogInit:      CURL_VERSION_LARGEFILE
LogInit:      CURL_VERSION_IDN
LogInit:  CurlRequestOptions (configurable via config and command line):
LogInit:  - bVerifyPeer = false  - Libcurl will NOT verify peer certificate
LogInit:  - bUseHttpProxy = false  - Libcurl will NOT use HTTP proxy
LogInit:  - bDontReuseConnections = false  - Libcurl will reuse connections
LogInit:  - CertBundlePath = nullptr  - Libcurl will use whatever was configured at build time.
LogInit:  - MaxHostConnections = 16  - Libcurl will limit the number of connections to a host
LogInit:  - LocalHostAddr = Default
LogInit: WinSock: version 1.1 (2.2), MaxSocks=32767, MaxUdp=65467
LogInit: WinSock: I am LAPTOP-VV1029DO (192.168.1.7:0)
LogInit: Build: ++UE4+Release-4.19-CL-4033788
LogInit: Engine Version: 4.19.2-4033788+++UE4+Release-4.19
LogInit: Compatible Engine Version: 4.19.0-3944462+++UE4+Release-4.19
LogInit: Net CL: 3944462
LogDevObjectVersion: Number of dev versions registered: 18
LogDevObjectVersion:   Dev-Blueprints (B0D832E4-1F89-4F0D-ACCF-7EB736FD4AA2): 10
LogDevObjectVersion:   Dev-Build (E1C64328-A22C-4D53-A36C-8E866417BD8C): 0
LogDevObjectVersion:   Dev-Core (375EC13C-06E4-48FB-B500-84F0262A717E): 2
LogDevObjectVersion:   Dev-Editor (E4B068ED-F494-42E9-A231-DA0B2E46BB41): 23
LogDevObjectVersion:   Dev-Framework (CFFC743F-43B0-4480-9391-14DF171D2073): 33
LogDevObjectVersion:   Dev-Mobile (B02B49B5-BB20-44E9-A304-32B752E40360): 2
LogDevObjectVersion:   Dev-Networking (A4E4105C-59A1-49B5-A7C5-40C4547EDFEE): 0
LogDevObjectVersion:   Dev-Online (39C831C9-5AE6-47DC-9A44-9C173E1C8E7C): 0
LogDevObjectVersion:   Dev-Physics (78F01B33-EBEA-4F98-B9B4-84EACCB95AA2): 0
LogDevObjectVersion:   Dev-Platform (6631380F-2D4D-43E0-8009-CF276956A95A): 0
LogDevObjectVersion:   Dev-Rendering (12F88B9F-8875-4AFC-A67C-D90C383ABD29): 25
LogDevObjectVersion:   Dev-Sequencer (7B5AE74C-D270-4C10-A958-57980B212A5A): 6
LogDevObjectVersion:   Dev-VR (D7296918-1DD6-4BDD-9DE2-64A83CC13884): 1
LogDevObjectVersion:   Dev-LoadTimes (C2A15278-BFE7-4AFE-6C17-90FF531DF755): 1
LogDevObjectVersion:   Private-Geometry (6EACA3D4-40EC-4CC1-B786-8BED09428FC5): 2
LogDevObjectVersion:   Dev-AnimPhys (29E575DD-E0A3-4627-9D10-D276232CDCEA): 16
LogDevObjectVersion:   Dev-ReflectionCapture (6B266CEC-1EC7-4B8F-A30B-E4D90942FC07): 1
LogDevObjectVersion:   Dev-Automation (0DF73D61-A23F-47EA-B727-89E90C41499A): 1
LogInit: Compiled (64-bit): Apr 27 2018 02:06:57
LogInit: Compiled with Visual C++: 19.00.24215.01
LogInit: Build Configuration: Development
LogInit: Branch Name: ++UE4+Release-4.19
LogInit: Command Line:  
LogInit: Base Directory: C:/Program Files/Epic Games/UE_4.19/Engine/Binaries/Win64/
LogInit: Installed Engine Build: 1
LogStreaming: Display: Took  0.029s to delete old logs.
LogInit: Presizing for max 8388607 objects, including 0 objects not considered by GC, pre-allocating 0 bytes for permanent pool.
LogInit: Object subsystem initialized
[2018.10.01-21.30.05:526][  0]LogInit: Selected Device Profile: [Windows]
[2018.10.01-21.30.05:526][  0]LogInit: Applying CVar settings loaded from the selected device profile: [Windows]
[2018.10.01-21.30.05:616][  0]LogInit: Computer: LAPTOP-VV1029DO
[2018.10.01-21.30.05:616][  0]LogInit: User: chori
[2018.10.01-21.30.05:616][  0]LogInit: CPU Page size=4096, Cores=2
[2018.10.01-21.30.05:616][  0]LogInit: High frequency timer resolution =2.250001 MHz
[2018.10.01-21.30.05:616][  0]LogMemory: Memory total: Physical=7.9GB (8GB approx)
[2018.10.01-21.30.05:616][  0]LogMemory: Platform Memory Stats for Windows
[2018.10.01-21.30.05:616][  0]LogMemory: Process Physical Memory: 273.42 MB used, 273.42 MB peak
[2018.10.01-21.30.05:616][  0]LogMemory: Process Virtual Memory: 266.03 MB used, 266.03 MB peak
[2018.10.01-21.30.05:616][  0]LogMemory: Physical Memory: 4968.19 MB used,  3114.72 MB free, 8082.91 MB total
[2018.10.01-21.30.05:617][  0]LogMemory: Virtual Memory: 4783.03 MB used,  3114.72 MB free, 134217728.00 MB total
[2018.10.01-21.30.05:723][  0]LogInit: Using OS detected language (en-US).
[2018.10.01-21.30.05:723][  0]LogInit: Using OS detected locale (en-US).
[2018.10.01-21.30.05:827][  0]LogTextLocalizationManager: No specific localization for 'en-US' exists, so the 'en' localization will be used.
[2018.10.01-21.30.07:007][  0]LogStreaming: Display: Took  1.285s to EndInitTextLocalization.
[2018.10.01-21.30.07:053][  0]LogInit: Setting process to per monitor DPI aware
[2018.10.01-21.30.07:443][  0]LogSlate: New Slate User Created.  User Index 0, Is Virtual User: 0
[2018.10.01-21.30.07:443][  0]LogSlate: Slate User Registered.  User Index 0, Is Virtual User: 0
[2018.10.01-21.30.10:798][  0]LogD3D11RHI: D3D11 adapters:
[2018.10.01-21.30.10:814][  0]LogD3D11RHI:    0. 'Intel(R) HD Graphics 520' (Feature Level 11_0)
[2018.10.01-21.30.10:814][  0]LogD3D11RHI:       128/0/4041 MB DedicatedVideo/DedicatedSystem/SharedSystem, Outputs:1, VendorId:0x8086
[2018.10.01-21.30.10:817][  0]LogD3D11RHI:    1. 'Microsoft Basic Render Driver' (Feature Level 11_0)
[2018.10.01-21.30.10:817][  0]LogD3D11RHI:       0/0/4041 MB DedicatedVideo/DedicatedSystem/SharedSystem, Outputs:0, VendorId:0x1414
[2018.10.01-21.30.10:818][  0]LogD3D11RHI: Chosen D3D11 Adapter: 0
[2018.10.01-21.30.10:836][  0]LogD3D11RHI: Creating new Direct3DDevice
[2018.10.01-21.30.10:836][  0]LogD3D11RHI:     GPU DeviceId: 0x1916 (for the marketing name, search the web for "GPU Device Id")
[2018.10.01-21.30.10:836][  0]LogWindows: EnumDisplayDevices:
[2018.10.01-21.30.10:837][  0]LogWindows:    0. 'Intel(R) HD Graphics 520' (P:1 D:1)
[2018.10.01-21.30.10:837][  0]LogWindows:    1. 'Intel(R) HD Graphics 520' (P:0 D:0)
[2018.10.01-21.30.10:837][  0]LogWindows:    2. 'Intel(R) HD Graphics 520' (P:0 D:0)
[2018.10.01-21.30.10:837][  0]LogWindows: DebugString: GetVideoDriverDetailsInvalid PrimaryIsNotTheChoosenAdapter GetVideoDriverDetailsInvalid PrimaryIsNotTheChoosenAdapter GetVideoDriverDetailsInvalid PrimaryIsNotTheChoosenAdapter FoundDriverCount:0 
[2018.10.01-21.30.10:837][  0]LogD3D11RHI:     Adapter Name: Intel(R) HD Graphics 520
[2018.10.01-21.30.10:837][  0]LogD3D11RHI:   Driver Version: Unknown (internal:Unknown, unified:Unknown)
[2018.10.01-21.30.10:837][  0]LogD3D11RHI:      Driver Date: Unknown
[2018.10.01-21.30.10:837][  0]LogRHI: Texture pool is 1504 MB (70% of 2148 MB)
[2018.10.01-21.30.10:848][  0]LogD3D11RHI: Async texture creation enabled
[2018.10.01-21.30.10:874][  0]LogD3D11RHI: GPU Timing Frequency: 12.000000 (Debug: 2 0)
[2018.10.01-21.30.10:876][  0]LogShaderCompilers: Guid format shader working directory is -33 characters bigger than the processId version (../../../../../../Users/chori/Desktop/Project Spotlight/ProjectSpotlight/trunk/Intermediate/Shaders/WorkingDirectory/38932/).
[2018.10.01-21.30.10:876][  0]LogShaderCompilers: Cleaned the shader compiler working directory 'C:/Users/chori/AppData/Local/Temp/UnrealShaderWorkingDir/C57C80104063F1B00377A3A7EE3222CD/'.
[2018.10.01-21.30.12:319][  0]LogTemp: Display: Loaded TP AllDesktopTargetPlatform
[2018.10.01-21.30.12:358][  0]LogTemp: Display: Loaded TP MacClientTargetPlatform
[2018.10.01-21.30.12:395][  0]LogTemp: Display: Loaded TP MacNoEditorTargetPlatform
[2018.10.01-21.30.12:441][  0]LogTemp: Display: Loaded TP MacServerTargetPlatform
[2018.10.01-21.30.12:492][  0]LogTemp: Display: Loaded TP MacTargetPlatform
[2018.10.01-21.30.12:547][  0]LogTemp: Display: Loaded TP WindowsClientTargetPlatform
[2018.10.01-21.30.12:594][  0]LogTemp: Display: Loaded TP WindowsNoEditorTargetPlatform
[2018.10.01-21.30.12:642][  0]LogTemp: Display: Loaded TP WindowsServerTargetPlatform
[2018.10.01-21.30.12:674][  0]LogTemp: Display: Loaded TP WindowsTargetPlatform
[2018.10.01-21.30.12:716][  0]LogTemp: Display: Loaded TP Android_ASTCTargetPlatform
[2018.10.01-21.30.12:762][  0]LogTemp: Display: Loaded TP Android_ATCTargetPlatform
[2018.10.01-21.30.12:806][  0]LogTemp: Display: Loaded TP Android_DXTTargetPlatform
[2018.10.01-21.30.12:856][  0]LogTemp: Display: Loaded TP Android_ETC1aTargetPlatform
[2018.10.01-21.30.12:897][  0]LogTemp: Display: Loaded TP Android_ETC1TargetPlatform
[2018.10.01-21.30.12:928][  0]LogTemp: Display: Loaded TP Android_ETC2TargetPlatform
[2018.10.01-21.30.13:017][  0]LogTemp: Display: Loaded TP Android_MultiTargetPlatform
[2018.10.01-21.30.13:017][  0]LogTemp: Display: Loaded TP Android_PVRTCTargetPlatform
[2018.10.01-21.30.13:070][  0]LogTemp: Display: Loaded TP AndroidTargetPlatform
[2018.10.01-21.30.13:085][  0]LogTemp: Display: Loaded TP HTML5TargetPlatform
[2018.10.01-21.30.13:204][  0]LogTemp: Display: Loaded TP IOSTargetPlatform
[2018.10.01-21.30.13:247][  0]LogTemp: Display: Loaded TP TVOSTargetPlatform
[2018.10.01-21.30.13:292][  0]LogTemp: Display: Loaded TP LinuxClientTargetPlatform
[2018.10.01-21.30.13:328][  0]LogTemp: Display: Loaded TP LinuxNoEditorTargetPlatform
[2018.10.01-21.30.13:368][  0]LogTemp: Display: Loaded TP LinuxServerTargetPlatform
[2018.10.01-21.30.13:413][  0]LogTemp: Display: Loaded TP LinuxTargetPlatform
[2018.10.01-21.30.13:413][  0]LogTargetPlatformManager: Display: Building Assets For Windows
[2018.10.01-21.30.14:244][  0]LogXGEController: Cleaning working directory: C:/Users/chori/AppData/Local/Temp/UnrealXGEWorkingDir/
[2018.10.01-21.30.14:244][  0]LogXGEController: Cannot use XGE Controller as Incredibuild is not installed on this machine.
[2018.10.01-21.30.14:244][  0]LogShaderCompilers: Cannot use XGE Shader Compiler as Incredibuild is not installed on this machine.
[2018.10.01-21.30.14:244][  0]LogShaderCompilers: Display: Using Local Shader Compiler.
[2018.10.01-21.30.18:448][  0]LogDerivedDataCache: Display: Max Cache Size: 512 MB
[2018.10.01-21.30.19:244][  0]LogDerivedDataCache: Loaded boot cache 0.80s 74MB C:/Users/chori/AppData/Local/UnrealEngine/4.19/DerivedDataCache/Boot.ddc.
[2018.10.01-21.30.19:244][  0]LogDerivedDataCache: Display: Loaded Boot cache: C:/Users/chori/AppData/Local/UnrealEngine/4.19/DerivedDataCache/Boot.ddc
[2018.10.01-21.30.19:245][  0]LogDerivedDataCache: FDerivedDataBackendGraph:  Pak pak cache file ../../../../../../Users/chori/Desktop/Project Spotlight/ProjectSpotlight/trunk/DerivedDataCache/DDC.ddp not found, will not use a pak cache.
[2018.10.01-21.30.19:245][  0]LogDerivedDataCache: Unable to find inner node Pak for hierarchical cache Hierarchy.
[2018.10.01-21.30.19:245][  0]LogDerivedDataCache: FDerivedDataBackendGraph:  CompressedPak pak cache file ../../../../../../Users/chori/Desktop/Project Spotlight/ProjectSpotlight/trunk/DerivedDataCache/Compressed.ddp not found, will not use a pak cache.
[2018.10.01-21.30.19:245][  0]LogDerivedDataCache: Unable to find inner node CompressedPak for hierarchical cache Hierarchy.
[2018.10.01-21.30.19:315][  0]LogDerivedDataCache: Display: Pak cache opened for reading ../../../Engine/DerivedDataCache/Compressed.ddp.
[2018.10.01-21.30.19:329][  0]LogDerivedDataCache: Using Local data cache path C:/Users/chori/AppData/Local/UnrealEngine/Common/DerivedDataCache: Writable
[2018.10.01-21.30.19:329][  0]LogDerivedDataCache: Shared data cache path not found in *engine.ini, will not use an Shared cache.
[2018.10.01-21.30.19:329][  0]LogDerivedDataCache: Unable to find inner node Shared for hierarchical cache Hierarchy.
[2018.10.01-21.30.19:355][  0]LogMaterial: Verifying Global Shaders for PCD3D_SM5
[2018.10.01-21.30.19:356][  0]LogSlate: Using Freetype 2.6.0
[2018.10.01-21.30.19:380][  0]LogSlate: SlateFontCache - WITH_FREETYPE: 1, WITH_HARFBUZZ: 1
[2018.10.01-21.30.19:380][  0]LogSlate: SlateFontCache - WITH_FREETYPE: 1, WITH_HARFBUZZ: 1
[2018.10.01-21.30.23:563][  0]LogAssetRegistry: FAssetRegistry took 0.0327 seconds to start up
[2018.10.01-21.30.24:398][  0]LogInit: Selected Device Profile: [Windows]
[2018.10.01-21.30.25:084][  0]LogSimplygon: Simplygon DLL not present - disabling.
[2018.10.01-21.30.25:099][  0]LogMeshReduction: Using SimplygonSwarm for distributed automatic mesh merging
[2018.10.01-21.30.25:099][  0]LogMeshReduction: Using QuadricMeshReduction for automatic static mesh reduction
[2018.10.01-21.30.25:099][  0]LogMeshReduction: No automatic skeletal mesh reduction module available
[2018.10.01-21.30.25:099][  0]LogMeshReduction: No automatic mesh merging module available
[2018.10.01-21.30.25:099][  0]LogMeshMerging: No automatic mesh merging module available
[2018.10.01-21.30.25:220][  0]LogNetVersion: Spotlight , NetCL: 3944462, EngineNetVer: 2, GameNetVer: 0 (Checksum: 1270383860)
[2018.10.01-21.30.27:418][  0]LogPackageLocalizationCache: Processed 9 localized package path(s) for 2 prioritized culture(s) in 0.131835 seconds
[2018.10.01-21.30.27:424][  0]LogUObjectArray: 36728 objects as part of root set at end of initial load.
[2018.10.01-21.30.27:424][  0]LogUObjectAllocator: 7314304 out of 0 bytes used by permanent object pool.
[2018.10.01-21.30.27:424][  0]LogUObjectArray: CloseDisregardForGC: 0/0 objects in disregard for GC pool
[2018.10.01-21.30.50:616][  0]LogTcpMessaging: Initializing TcpMessaging bridge
[2018.10.01-21.30.50:664][  0]LogUdpMessaging: Initializing bridge on interface 0.0.0.0:0 to multicast group 230.0.0.1:6666.
[2018.10.01-21.30.51:589][  0]SourceControl: Source control is disabled
[2018.10.01-21.30.51:589][  0]SourceControl: Source control is disabled
[2018.10.01-21.30.51:791][  0]SourceControl: Source control is disabled
[2018.10.01-21.30.51:836][  0]SourceControl: Source control is disabled
[2018.10.01-21.30.53:048][  0]LogAndroidPermission: UAndroidPermissionCallbackProxy::GetInstance
[2018.10.01-21.30.53:367][  0]LogOcInput: OculusInput pre-init called
[2018.10.01-21.30.53:726][  0]LogEngine: Initializing Engine...
[2018.10.01-21.30.53:729][  0]LogHMD: Failed to initialize OpenVR with code 110
[2018.10.01-21.30.53:764][  0]LogStats: UGameplayTagsManager::ConstructGameplayTagTree: Construct from data asset -  0.000 s
[2018.10.01-21.30.53:764][  0]LogStats: UGameplayTagsManager::ConstructGameplayTagTree: GameplayTagTreeChangedEvent.Broadcast -  0.000 s
[2018.10.01-21.30.54:568][  0]LogAIModule: Creating AISystem for world Untitled
[2018.10.01-21.30.54:581][  0]LogInit: XAudio2 using 'Speaker/Headphone (Realtek High Definition Audio)' : 2 channels at 48 kHz using 32 bits per sample (channel mask 0x3)
[2018.10.01-21.30.55:004][  0]LogInit: FAudioDevice initialized.
[2018.10.01-21.30.55:229][  0]LogDerivedDataCache: Saved boot cache 0.22s 74MB C:/Users/chori/AppData/Local/UnrealEngine/4.19/DerivedDataCache/Boot.ddc.
[2018.10.01-21.30.55:242][  0]LogInit: Texture streaming: Enabled
[2018.10.01-21.30.55:337][  0]LogEngineSessionManager: EngineSessionManager initialized
[2018.10.01-21.30.55:524][  0]LogInit: Transaction tracking system initialized
[2018.10.01-21.30.56:085][  0]BlueprintLog: New page: Editor Load
[2018.10.01-21.30.56:894][  0]LocalizationService: Localization service is disabled
[2018.10.01-21.30.57:893][  0]LogConsoleResponse: Display: 
[2018.10.01-21.30.59:484][  0]LogCook: Display: Max memory allowance for cook 16384mb min free memory 0mb
[2018.10.01-21.30.59:484][  0]LogCook: Display: Mobile HDR setting 1
[2018.10.01-21.30.59:484][  0]LogGameplayTags: Display: UGameplayTagsManager::DoneAddingNativeTags. DelegateIsBound: 0
[2018.10.01-21.30.59:484][  0]LogStats: UGameplayTagsManager::ConstructGameplayTagTree: Construct from data asset -  0.000 s
[2018.10.01-21.30.59:484][  0]LogStats: UGameplayTagsManager::ConstructGameplayTagTree: GameplayTagTreeChangedEvent.Broadcast -  0.000 s
[2018.10.01-21.31.00:296][  0]LogFileCache: Scanning file cache for directory 'C:/Users/chori/Desktop/Project Spotlight/ProjectSpotlight/trunk/Content/' took 0.04s
[2018.10.01-21.31.01:545][  0]SourceControl: Source control is disabled
[2018.10.01-21.31.01:545][  0]Cmd: MAP LOAD FILE="../../../../../../Users/chori/Desktop/Project Spotlight/ProjectSpotlight/trunk/Content/ThirdPersonBP/Maps/ThirdPersonExampleMap.umap" TEMPLATE=0 SHOWPROGRESS=1 FEATURELEVEL=3
[2018.10.01-21.31.01:563][  0]LightingResults: New page: Lighting Build
[2018.10.01-21.31.01:601][  0]MapCheck: New page: Map Check
[2018.10.01-21.31.01:601][  0]LightingResults: New page: Lighting Build
[2018.10.01-21.31.01:989][  0]LogUObjectGlobals: Created PersistentFrame Addr=0x000002a18c992880, Size=64, Default__ThirdPerson_AnimBP_C Function /Game/Mannequin/Animations/ThirdPerson_AnimBP.ThirdPerson_AnimBP_C:ExecuteUbergraph_ThirdPerson_AnimBP
[2018.10.01-21.31.02:004][  0]LogUObjectGlobals: Destroyed PersistentFrame Addr=0x000002a18c992880, Size=64
[2018.10.01-21.31.02:004][  0]LogUObjectGlobals: Created PersistentFrame Addr=0x000002a18c992940, Size=64, Default__ThirdPerson_AnimBP_C Function /Engine/Transient.REINST_ThirdPerson_AnimBP_C_0:ExecuteUbergraph_ThirdPerson_AnimBP
[2018.10.01-21.31.02:017][  0]LogUObjectGlobals: Created PersistentFrame Addr=0x000002a18d5887c0, Size=72, Default__ThirdPerson_AnimBP_C Function /Game/Mannequin/Animations/ThirdPerson_AnimBP.ThirdPerson_AnimBP_C:ExecuteUbergraph_ThirdPerson_AnimBP
[2018.10.01-21.31.02:755][  0]LogUObjectGlobals: Created PersistentFrame Addr=0x000002a18d4e9480, Size=384, Default__BP_BaseInteractable_C Function /Game/Interactables/BP_BaseInteractable.BP_BaseInteractable_C:ExecuteUbergraph_BP_BaseInteractable
[2018.10.01-21.31.02:816][  0]LogUObjectGlobals: Created PersistentFrame Addr=0x000002a18d1a1d00, Size=1200, Default__ThirdPersonCharacter_C Function /Game/ThirdPersonBP/Blueprints/ThirdPersonCharacter.ThirdPersonCharacter_C:ExecuteUbergraph_ThirdPersonCharacter
[2018.10.01-21.31.02:817][  0]LogUObjectGlobals: Created PersistentFrame Addr=0x000002a18d596ac0, Size=40, Default__BP_BaseItem_C Function /Game/Interactables/BP_BaseItem.BP_BaseItem_C:ExecuteUbergraph_BP_BaseItem
[2018.10.01-21.31.02:817][  0]LogUObjectGlobals: Created PersistentFrame Addr=0x000002a18d1a8d00, Size=384, Default__BP_BaseItem_C Function /Game/Interactables/BP_BaseInteractable.BP_BaseInteractable_C:ExecuteUbergraph_BP_BaseInteractable
[2018.10.01-21.31.02:846][  0]LogUObjectGlobals: Created PersistentFrame Addr=0x000002a18d596548, Size=40, Default__BP_BaseArmor_C Function /Game/Interactables/BP_BaseItem.BP_BaseItem_C:ExecuteUbergraph_BP_BaseItem
[2018.10.01-21.31.02:846][  0]LogUObjectGlobals: Created PersistentFrame Addr=0x000002a18d12bb80, Size=384, Default__BP_BaseArmor_C Function /Game/Interactables/BP_BaseInteractable.BP_BaseInteractable_C:ExecuteUbergraph_BP_BaseInteractable
[2018.10.01-21.31.02:854][  0]LogUObjectGlobals: Created PersistentFrame Addr=0x000002a1efac4dc0, Size=192, Default__BP_CharacterRecorder_C Function /Game/SceneCaptures/BP_CharacterRecorder.BP_CharacterRecorder_C:ExecuteUbergraph_BP_CharacterRecorder
[2018.10.01-21.31.02:857][  0]LogUObjectGlobals: Created PersistentFrame Addr=0x000002a18d5963b8, Size=40, Default__BP_BaseWeapon_C Function /Game/Interactables/BP_BaseItem.BP_BaseItem_C:ExecuteUbergraph_BP_BaseItem
[2018.10.01-21.31.02:857][  0]LogUObjectGlobals: Created PersistentFrame Addr=0x000002a18d10eb00, Size=384, Default__BP_BaseWeapon_C Function /Game/Interactables/BP_BaseInteractable.BP_BaseInteractable_C:ExecuteUbergraph_BP_BaseInteractable
[2018.10.01-21.31.02:869][  0]LogUObjectGlobals: Created PersistentFrame Addr=0x000002a1efac5fc0, Size=184, Default__Equipment_C Function /Game/Ui/Equipment.Equipment_C:ExecuteUbergraph_Equipment
[2018.10.01-21.31.02:870][  0]LogUObjectGlobals: Created PersistentFrame Addr=0x000002a18d13de40, Size=312, Default__EquipmentSlot_C Function /Game/Ui/EquipmentSlot.EquipmentSlot_C:ExecuteUbergraph_EquipmentSlot
[2018.10.01-21.31.02:876][  0]LogUObjectGlobals: Created PersistentFrame Addr=0x000002a18d0fd200, Size=472, Default__inventory_C Function /Game/Ui/inventory.inventory_C:ExecuteUbergraph_inventory
[2018.10.01-21.31.02:878][  0]LogUObjectGlobals: Created PersistentFrame Addr=0x000002a18d13dbc0, Size=320, Default__Inventory_Item_C Function /Game/Ui/Inventory_Item.Inventory_Item_C:ExecuteUbergraph_Inventory_Item
[2018.10.01-21.31.02:938][  0]LogUObjectGlobals: Created PersistentFrame Addr=0x000002a1efb1c6a0, Size=32, Default__GameHUD_C Function /Game/Ui/GameHUD.GameHUD_C:ExecuteUbergraph_GameHUD
[2018.10.01-21.31.02:941][  0]LogUObjectGlobals: Created PersistentFrame Addr=0x000002a18d596430, Size=40, Default__PauseMenu_C Function /Game/Ui/PauseMenu.PauseMenu_C:ExecuteUbergraph_PauseMenu
[2018.10.01-21.31.02:970][  0]LogUObjectGlobals: Created PersistentFrame Addr=0x000002a18d594090, Size=40, Default__BP_BaseItem_C Function /Game/Interactables/BP_BaseItem.BP_BaseItem_C:ExecuteUbergraph_BP_BaseItem
[2018.10.01-21.31.02:970][  0]LogUObjectGlobals: Created PersistentFrame Addr=0x000002a18cd12e00, Size=384, Default__BP_BaseItem_C Function /Game/Interactables/BP_BaseInteractable.BP_BaseInteractable_C:ExecuteUbergraph_BP_BaseInteractable
[2018.10.01-21.31.02:972][  0]LogUObjectGlobals: Created PersistentFrame Addr=0x000002a18ccfff60, Size=40, Default__BP_BaseWeapon_C Function /Game/Interactables/BP_BaseItem.BP_BaseItem_C:ExecuteUbergraph_BP_BaseItem
[2018.10.01-21.31.02:972][  0]LogUObjectGlobals: Created PersistentFrame Addr=0x000002a18ccf5900, Size=384, Default__BP_BaseWeapon_C Function /Game/Interactables/BP_BaseInteractable.BP_BaseInteractable_C:ExecuteUbergraph_BP_BaseInteractable
[2018.10.01-21.31.02:972][  0]LogUObjectGlobals: Created PersistentFrame Addr=0x000002a18ccfff38, Size=40, Default__BP_BaseArmor_C Function /Game/Interactables/BP_BaseItem.BP_BaseItem_C:ExecuteUbergraph_BP_BaseItem
[2018.10.01-21.31.02:972][  0]LogUObjectGlobals: Created PersistentFrame Addr=0x000002a18ccf5600, Size=384, Default__BP_BaseArmor_C Function /Game/Interactables/BP_BaseInteractable.BP_BaseInteractable_C:ExecuteUbergraph_BP_BaseInteractable
[2018.10.01-21.31.03:165][  0]LogUObjectGlobals: Destroyed PersistentFrame Addr=0x000002a18d4e9480, Size=384
[2018.10.01-21.31.03:165][  0]LogUObjectGlobals: Created PersistentFrame Addr=0x000002a18cf16c80, Size=384, Default__BP_BaseInteractable_C Function /Engine/Transient.REINST_BP_BaseInteractable_C_7:ExecuteUbergraph_BP_BaseInteractable
[2018.10.01-21.31.03:166][  0]LogUObjectGlobals: Destroyed PersistentFrame Addr=0x000002a1efac4dc0, Size=192
[2018.10.01-21.31.03:166][  0]LogUObjectGlobals: Created PersistentFrame Addr=0x000002a18cf0fa00, Size=192, Default__BP_CharacterRecorder_C Function /Engine/Transient.REINST_BP_CharacterRecorder_C_8:ExecuteUbergraph_BP_CharacterRecorder
[2018.10.01-21.31.03:166][  0]LogUObjectGlobals: Destroyed PersistentFrame Addr=0x000002a18d594090, Size=40
[2018.10.01-21.31.03:166][  0]LogUObjectGlobals: Destroyed PersistentFrame Addr=0x000002a18cd12e00, Size=384
[2018.10.01-21.31.03:166][  0]LogUObjectGlobals: Created PersistentFrame Addr=0x000002a18ccfc1a8, Size=40, Default__BP_BaseItem_C Function /Engine/Transient.REINST_BP_BaseItem_C_9:ExecuteUbergraph_BP_BaseItem
[2018.10.01-21.31.03:166][  0]LogUObjectGlobals: Created PersistentFrame Addr=0x000002a18cf14b80, Size=384, Default__BP_BaseItem_C Function /Engine/Transient.REINST_BP_BaseInteractable_C_7:ExecuteUbergraph_BP_BaseInteractable
[2018.10.01-21.31.03:167][  0]LogUObjectGlobals: Destroyed PersistentFrame Addr=0x000002a18ccfff38, Size=40
[2018.10.01-21.31.03:167][  0]LogUObjectGlobals: Destroyed PersistentFrame Addr=0x000002a18ccf5600, Size=384
[2018.10.01-21.31.03:167][  0]LogUObjectGlobals: Created PersistentFrame Addr=0x000002a18ccfff38, Size=40, Default__BP_BaseArmor_C Function /Engine/Transient.REINST_BP_BaseItem_C_9:ExecuteUbergraph_BP_BaseItem
[2018.10.01-21.31.03:167][  0]LogUObjectGlobals: Created PersistentFrame Addr=0x000002a18cf14880, Size=384, Default__BP_BaseArmor_C Function /Engine/Transient.REINST_BP_BaseInteractable_C_7:ExecuteUbergraph_BP_BaseInteractable
[2018.10.01-21.31.03:167][  0]LogUObjectGlobals: Destroyed PersistentFrame Addr=0x000002a18ccfff60, Size=40
[2018.10.01-21.31.03:167][  0]LogUObjectGlobals: Destroyed PersistentFrame Addr=0x000002a18ccf5900, Size=384
[2018.10.01-21.31.03:167][  0]LogUObjectGlobals: Created PersistentFrame Addr=0x000002a18ccfff60, Size=40, Default__BP_BaseWeapon_C Function /Engine/Transient.REINST_BP_BaseItem_C_9:ExecuteUbergraph_BP_BaseItem
[2018.10.01-21.31.03:167][  0]LogUObjectGlobals: Created PersistentFrame Addr=0x000002a18cf14400, Size=384, Default__BP_BaseWeapon_C Function /Engine/Transient.REINST_BP_BaseInteractable_C_7:ExecuteUbergraph_BP_BaseInteractable
[2018.10.01-21.31.03:167][  0]LogUObjectGlobals: Destroyed PersistentFrame Addr=0x000002a1efac5fc0, Size=184
[2018.10.01-21.31.03:167][  0]LogUObjectGlobals: Created PersistentFrame Addr=0x000002a18cf0f7c0, Size=184, Default__Equipment_C Function /Engine/Transient.REINST_Equipment_C_0:ExecuteUbergraph_Equipment
[2018.10.01-21.31.03:168][  0]LogUObjectGlobals: Destroyed PersistentFrame Addr=0x000002a18d13de40, Size=312
[2018.10.01-21.31.03:168][  0]LogUObjectGlobals: Created PersistentFrame Addr=0x000002a18d13de40, Size=312, Default__EquipmentSlot_C Function /Engine/Transient.REINST_EquipmentSlot_C_1:ExecuteUbergraph_EquipmentSlot
[2018.10.01-21.31.03:168][  0]LogUObjectGlobals: Destroyed PersistentFrame Addr=0x000002a1efb1c6a0, Size=32
[2018.10.01-21.31.03:168][  0]LogUObjectGlobals: Created PersistentFrame Addr=0x000002a18cf03260, Size=32, Default__GameHUD_C Function /Engine/Transient.REINST_GameHUD_C_2:ExecuteUbergraph_GameHUD
[2018.10.01-21.31.03:169][  0]LogUObjectGlobals: Destroyed PersistentFrame Addr=0x000002a18d0fd200, Size=472
[2018.10.01-21.31.03:169][  0]LogUObjectGlobals: Created PersistentFrame Addr=0x000002a18ca8aa00, Size=472, Default__inventory_C Function /Engine/Transient.REINST_inventory_C_3:ExecuteUbergraph_inventory
[2018.10.01-21.31.03:169][  0]LogUObjectGlobals: Destroyed PersistentFrame Addr=0x000002a18d13dbc0, Size=320
[2018.10.01-21.31.03:169][  0]LogUObjectGlobals: Created PersistentFrame Addr=0x000002a18cf36ac0, Size=320, Default__Inventory_Item_C Function /Engine/Transient.REINST_Inventory_Item_C_4:ExecuteUbergraph_Inventory_Item
[2018.10.01-21.31.03:169][  0]LogUObjectGlobals: Destroyed PersistentFrame Addr=0x000002a18d596430, Size=40
[2018.10.01-21.31.03:169][  0]LogUObjectGlobals: Created PersistentFrame Addr=0x000002a18ccfc130, Size=40, Default__PauseMenu_C Function /Engine/Transient.REINST_PauseMenu_C_5:ExecuteUbergraph_PauseMenu
[2018.10.01-21.31.03:171][  0]LogUObjectGlobals: Destroyed PersistentFrame Addr=0x000002a18d1a1d00, Size=1200
[2018.10.01-21.31.03:171][  0]LogUObjectGlobals: Created PersistentFrame Addr=0x000002a18cf46400, Size=1200, Default__ThirdPersonCharacter_C Function /Engine/Transient.REINST_ThirdPersonCharacter_C_12:ExecuteUbergraph_ThirdPersonCharacter
[2018.10.01-21.31.03:293][  0]LogUObjectGlobals: Created PersistentFrame Addr=0x000002a1908bfd00, Size=384, Default__BP_BaseInteractable_C Function /Game/Interactables/BP_BaseInteractable.BP_BaseInteractable_C:ExecuteUbergraph_BP_BaseInteractable
[2018.10.01-21.31.03:299][  0]LogUObjectGlobals: Created PersistentFrame Addr=0x000002a1908713c0, Size=192, Default__BP_CharacterRecorder_C Function /Game/SceneCaptures/BP_CharacterRecorder.BP_CharacterRecorder_C:ExecuteUbergraph_BP_CharacterRecorder
[2018.10.01-21.31.03:301][  0]LogUObjectGlobals: Created PersistentFrame Addr=0x000002a1908c7e20, Size=40, Default__BP_BaseItem_C Function /Game/Interactables/BP_BaseItem.BP_BaseItem_C:ExecuteUbergraph_BP_BaseItem
[2018.10.01-21.31.03:301][  0]LogUObjectGlobals: Created PersistentFrame Addr=0x000002a19088ac80, Size=384, Default__BP_BaseItem_C Function /Game/Interactables/BP_BaseInteractable.BP_BaseInteractable_C:ExecuteUbergraph_BP_BaseInteractable
[2018.10.01-21.31.03:302][  0]LogUObjectGlobals: Created PersistentFrame Addr=0x000002a1908c7740, Size=40, Default__BP_BaseArmor_C Function /Game/Interactables/BP_BaseItem.BP_BaseItem_C:ExecuteUbergraph_BP_BaseItem
[2018.10.01-21.31.03:302][  0]LogUObjectGlobals: Created PersistentFrame Addr=0x000002a19088ab00, Size=384, Default__BP_BaseArmor_C Function /Game/Interactables/BP_BaseInteractable.BP_BaseInteractable_C:ExecuteUbergraph_BP_BaseInteractable
[2018.10.01-21.31.03:302][  0]LogUObjectGlobals: Created PersistentFrame Addr=0x000002a1908c7718, Size=40, Default__BP_BaseWeapon_C Function /Game/Interactables/BP_BaseItem.BP_BaseItem_C:ExecuteUbergraph_BP_BaseItem
[2018.10.01-21.31.03:302][  0]LogUObjectGlobals: Created PersistentFrame Addr=0x000002a19088a680, Size=384, Default__BP_BaseWeapon_C Function /Game/Interactables/BP_BaseInteractable.BP_BaseInteractable_C:ExecuteUbergraph_BP_BaseInteractable
[2018.10.01-21.31.03:304][  0]LogUObjectGlobals: Created PersistentFrame Addr=0x000002a190832980, Size=184, Default__Equipment_C Function /Game/Ui/Equipment.Equipment_C:ExecuteUbergraph_Equipment
[2018.10.01-21.31.03:306][  0]LogUObjectGlobals: Created PersistentFrame Addr=0x000002a1908b3240, Size=312, Default__EquipmentSlot_C Function /Game/Ui/EquipmentSlot.EquipmentSlot_C:ExecuteUbergraph_EquipmentSlot
[2018.10.01-21.31.03:350][  0]LogUObjectGlobals: Created PersistentFrame Addr=0x000002a190861880, Size=32, Default__GameHUD_C Function /Game/Ui/GameHUD.GameHUD_C:ExecuteUbergraph_GameHUD
[2018.10.01-21.31.03:354][  0]LogUObjectGlobals: Created PersistentFrame Addr=0x000002a1908f2400, Size=472, Default__inventory_C Function /Game/Ui/inventory.inventory_C:ExecuteUbergraph_inventory
[2018.10.01-21.31.03:356][  0]LogUObjectGlobals: Created PersistentFrame Addr=0x000002a1908b2c00, Size=320, Default__Inventory_Item_C Function /Game/Ui/Inventory_Item.Inventory_Item_C:ExecuteUbergraph_Inventory_Item
[2018.10.01-21.31.03:357][  0]LogUObjectGlobals: Created PersistentFrame Addr=0x000002a1908c6ae8, Size=40, Default__PauseMenu_C Function /Game/Ui/PauseMenu.PauseMenu_C:ExecuteUbergraph_PauseMenu
[2018.10.01-21.31.03:371][  0]LogUObjectGlobals: Created PersistentFrame Addr=0x000002a1906af200, Size=1200, Default__ThirdPersonCharacter_C Function /Game/ThirdPersonBP/Blueprints/ThirdPersonCharacter.ThirdPersonCharacter_C:ExecuteUbergraph_ThirdPersonCharacter
[2018.10.01-21.31.03:955][  0]LogUObjectGlobals: Created PersistentFrame Addr=0x000002a18cbd5b70, Size=72, Default__Zombie_AnimBP_C Function /Game/Charecters/zombies/normal_zombie/animations/Zombie_AnimBP.Zombie_AnimBP_C:ExecuteUbergraph_Zombie_AnimBP
[2018.10.01-21.31.03:964][  0]LogUObjectGlobals: Destroyed PersistentFrame Addr=0x000002a18cbd5b70, Size=72
[2018.10.01-21.31.03:964][  0]LogUObjectGlobals: Created PersistentFrame Addr=0x000002a18cbf8bd0, Size=72, Default__Zombie_AnimBP_C Function /Engine/Transient.REINST_Zombie_AnimBP_C_1:ExecuteUbergraph_Zombie_AnimBP
[2018.10.01-21.31.03:972][  0]LogUObjectGlobals: Created PersistentFrame Addr=0x000002a18cd93600, Size=72, Default__Zombie_AnimBP_C Function /Game/Charecters/zombies/normal_zombie/animations/Zombie_AnimBP.Zombie_AnimBP_C:ExecuteUbergraph_Zombie_AnimBP
[2018.10.01-21.31.04:843][  0]LogUObjectGlobals: Created PersistentFrame Addr=0x000002a1908c5300, Size=40, Default__BP_Axe_C Function /Game/Interactables/BP_BaseItem.BP_BaseItem_C:ExecuteUbergraph_BP_BaseItem
[2018.10.01-21.31.04:843][  0]LogUObjectGlobals: Created PersistentFrame Addr=0x000002a1efc9f880, Size=384, Default__BP_Axe_C Function /Game/Interactables/BP_BaseInteractable.BP_BaseInteractable_C:ExecuteUbergraph_BP_BaseInteractable
[2018.10.01-21.31.04:845][  0]LogUObjectGlobals: Destroyed PersistentFrame Addr=0x000002a1908c5300, Size=40
[2018.10.01-21.31.04:845][  0]LogUObjectGlobals: Destroyed PersistentFrame Addr=0x000002a1efc9f880, Size=384
[2018.10.01-21.31.04:845][  0]LogUObjectGlobals: Created PersistentFrame Addr=0x000002a1908c5300, Size=40, Default__BP_Axe_C Function /Game/Interactables/BP_BaseItem.BP_BaseItem_C:ExecuteUbergraph_BP_BaseItem
[2018.10.01-21.31.04:845][  0]LogUObjectGlobals: Created PersistentFrame Addr=0x000002a190b0d780, Size=384, Default__BP_Axe_C Function /Game/Interactables/BP_BaseInteractable.BP_BaseInteractable_C:ExecuteUbergraph_BP_BaseInteractable
[2018.10.01-21.31.04:845][  0]LogUObjectGlobals: Created PersistentFrame Addr=0x000002a1908c5030, Size=40, Default__BP_Axe_C Function /Game/Interactables/BP_BaseItem.BP_BaseItem_C:ExecuteUbergraph_BP_BaseItem
[2018.10.01-21.31.04:845][  0]LogUObjectGlobals: Created PersistentFrame Addr=0x000002a190b0d600, Size=384, Default__BP_Axe_C Function /Game/Interactables/BP_BaseInteractable.BP_BaseInteractable_C:ExecuteUbergraph_BP_BaseInteractable
[2018.10.01-21.31.05:203][  0]LogUObjectGlobals: Created PersistentFrame Addr=0x000002a1908c5058, Size=40, Default__BP_GreatAxe_C Function /Game/Interactables/BP_BaseItem.BP_BaseItem_C:ExecuteUbergraph_BP_BaseItem
[2018.10.01-21.31.05:203][  0]LogUObjectGlobals: Created PersistentFrame Addr=0x000002a190a1fe80, Size=384, Default__BP_GreatAxe_C Function /Game/Interactables/BP_BaseInteractable.BP_BaseInteractable_C:ExecuteUbergraph_BP_BaseInteractable
[2018.10.01-21.31.05:205][  0]LogUObjectGlobals: Destroyed PersistentFrame Addr=0x000002a1908c5058, Size=40
[2018.10.01-21.31.05:205][  0]LogUObjectGlobals: Destroyed PersistentFrame Addr=0x000002a190a1fe80, Size=384
[2018.10.01-21.31.05:205][  0]LogUObjectGlobals: Created PersistentFrame Addr=0x000002a1908c5058, Size=40, Default__BP_GreatAxe_C Function /Game/Interactables/BP_BaseItem.BP_BaseItem_C:ExecuteUbergraph_BP_BaseItem
[2018.10.01-21.31.05:205][  0]LogUObjectGlobals: Created PersistentFrame Addr=0x000002a1909d5d80, Size=384, Default__BP_GreatAxe_C Function /Game/Interactables/BP_BaseInteractable.BP_BaseInteractable_C:ExecuteUbergraph_BP_BaseInteractable
[2018.10.01-21.31.05:205][  0]LogUObjectGlobals: Created PersistentFrame Addr=0x000002a1908c49f0, Size=40, Default__BP_GreatAxe_C Function /Game/Interactables/BP_BaseItem.BP_BaseItem_C:ExecuteUbergraph_BP_BaseItem
[2018.10.01-21.31.05:206][  0]LogUObjectGlobals: Created PersistentFrame Addr=0x000002a1909d5780, Size=384, Default__BP_GreatAxe_C Function /Game/Interactables/BP_BaseInteractable.BP_BaseInteractable_C:ExecuteUbergraph_BP_BaseInteractable
[2018.10.01-21.31.05:455][  0]LogUObjectGlobals: Created PersistentFrame Addr=0x000002a1908c46f8, Size=40, Default__BP_Mace_C Function /Game/Interactables/BP_BaseItem.BP_BaseItem_C:ExecuteUbergraph_BP_BaseItem
[2018.10.01-21.31.05:455][  0]LogUObjectGlobals: Created PersistentFrame Addr=0x000002a1909c6200, Size=384, Default__BP_Mace_C Function /Game/Interactables/BP_BaseInteractable.BP_BaseInteractable_C:ExecuteUbergraph_BP_BaseInteractable
[2018.10.01-21.31.05:458][  0]LogUObjectGlobals: Destroyed PersistentFrame Addr=0x000002a1908c46f8, Size=40
[2018.10.01-21.31.05:458][  0]LogUObjectGlobals: Destroyed PersistentFrame Addr=0x000002a1909c6200, Size=384
[2018.10.01-21.31.05:458][  0]LogUObjectGlobals: Created PersistentFrame Addr=0x000002a1908c46f8, Size=40, Default__BP_Mace_C Function /Game/Interactables/BP_BaseItem.BP_BaseItem_C:ExecuteUbergraph_BP_BaseItem
[2018.10.01-21.31.05:458][  0]LogUObjectGlobals: Created PersistentFrame Addr=0x000002a1909b9f00, Size=384, Default__BP_Mace_C Function /Game/Interactables/BP_BaseInteractable.BP_BaseInteractable_C:ExecuteUbergraph_BP_BaseInteractable
[2018.10.01-21.31.05:458][  0]LogUObjectGlobals: Created PersistentFrame Addr=0x000002a1908c4518, Size=40, Default__BP_Mace_C Function /Game/Interactables/BP_BaseItem.BP_BaseItem_C:ExecuteUbergraph_BP_BaseItem
[2018.10.01-21.31.05:458][  0]LogUObjectGlobals: Created PersistentFrame Addr=0x000002a1909b9900, Size=384, Default__BP_Mace_C Function /Game/Interactables/BP_BaseInteractable.BP_BaseInteractable_C:ExecuteUbergraph_BP_BaseInteractable
[2018.10.01-21.31.05:515][  0]LogUObjectGlobals: Created PersistentFrame Addr=0x000002a1908c44c8, Size=40, Default__BP_Sword_C Function /Game/Interactables/BP_BaseItem.BP_BaseItem_C:ExecuteUbergraph_BP_BaseItem
[2018.10.01-21.31.05:515][  0]LogUObjectGlobals: Created PersistentFrame Addr=0x000002a19099fe80, Size=384, Default__BP_Sword_C Function /Game/Interactables/BP_BaseInteractable.BP_BaseInteractable_C:ExecuteUbergraph_BP_BaseInteractable
[2018.10.01-21.31.05:517][  0]LogUObjectGlobals: Destroyed PersistentFrame Addr=0x000002a1908c44c8, Size=40
[2018.10.01-21.31.05:517][  0]LogUObjectGlobals: Destroyed PersistentFrame Addr=0x000002a19099fe80, Size=384
[2018.10.01-21.31.05:517][  0]LogUObjectGlobals: Created PersistentFrame Addr=0x000002a1908c44c8, Size=40, Default__BP_Sword_C Function /Game/Interactables/BP_BaseItem.BP_BaseItem_C:ExecuteUbergraph_BP_BaseItem
[2018.10.01-21.31.05:517][  0]LogUObjectGlobals: Created PersistentFrame Addr=0x000002a19099fe80, Size=384, Default__BP_Sword_C Function /Game/Interactables/BP_BaseInteractable.BP_BaseInteractable_C:ExecuteUbergraph_BP_BaseInteractable
[2018.10.01-21.31.05:517][  0]LogUObjectGlobals: Created PersistentFrame Addr=0x000002a1908c4220, Size=40, Default__BP_Sword_C Function /Game/Interactables/BP_BaseItem.BP_BaseItem_C:ExecuteUbergraph_BP_BaseItem
[2018.10.01-21.31.05:517][  0]LogUObjectGlobals: Created PersistentFrame Addr=0x000002a19099be80, Size=384, Default__BP_Sword_C Function /Game/Interactables/BP_BaseInteractable.BP_BaseInteractable_C:ExecuteUbergraph_BP_BaseInteractable
[2018.10.01-21.31.05:773][  0]LogUObjectGlobals: Created PersistentFrame Addr=0x000002a190987db0, Size=16, Default__ThirdPersonExampleMap_C Function /Game/ThirdPersonBP/Maps/ThirdPersonExampleMap.ThirdPersonExampleMap_C:ExecuteUbergraph_ThirdPersonExampleMap
[2018.10.01-21.31.05:774][  0]LogUObjectGlobals: Destroyed PersistentFrame Addr=0x000002a190987db0, Size=16
[2018.10.01-21.31.05:774][  0]LogUObjectGlobals: Created PersistentFrame Addr=0x000002a190987db0, Size=16, Default__ThirdPersonExampleMap_C Function /Engine/Transient.REINST_ThirdPersonExampleMap_C_35:ExecuteUbergraph_ThirdPersonExampleMap
[2018.10.01-21.31.05:775][  0]LogUObjectGlobals: Created PersistentFrame Addr=0x000002a190987940, Size=16, Default__ThirdPersonExampleMap_C Function /Game/ThirdPersonBP/Maps/ThirdPersonExampleMap.ThirdPersonExampleMap_C:ExecuteUbergraph_ThirdPersonExampleMap
[2018.10.01-21.31.07:885][  0]LogSkeletalMesh: Skeletal Mesh found in DDC [19.247103ms] /Game/Charecters/King/ganfaul_m_aure.ganfaul_m_aure
[2018.10.01-21.31.07:950][  0]LogSkeletalMesh: Skeletal Mesh found in DDC [26.011988ms] /Game/Charecters/knight/paladin_j_nordstrom.paladin_j_nordstrom
[2018.10.01-21.31.08:175][  0]LogSkeletalMesh: Skeletal Mesh found in DDC [59.431973ms] /Game/Mannequin/Character/Mesh/SK_Mannequin.SK_Mannequin
[2018.10.01-21.31.08:624][  0]LogSkeletalMesh: Skeletal Mesh found in DDC [41.929760ms] /Game/Charecters/zombies/normal_zombie/zombie13.zombie13
[2018.10.01-21.31.08:849][  0]LogAIModule: Creating AISystem for world ThirdPersonExampleMap
[2018.10.01-21.31.08:930][  0]LogEditorServer: Finished looking for orphan Actors (0.000 secs)
[2018.10.01-21.31.09:015][  0]LogUObjectGlobals: Destroyed PersistentFrame Addr=0x000002a18c992940, Size=64
[2018.10.01-21.31.09:015][  0]LogUObjectGlobals: Destroyed PersistentFrame Addr=0x000002a18cf16c80, Size=384
[2018.10.01-21.31.09:015][  0]LogUObjectGlobals: Destroyed PersistentFrame Addr=0x000002a18cf46400, Size=1200
[2018.10.01-21.31.09:015][  0]LogUObjectGlobals: Destroyed PersistentFrame Addr=0x000002a18ccfc1a8, Size=40
[2018.10.01-21.31.09:015][  0]LogUObjectGlobals: Destroyed PersistentFrame Addr=0x000002a18cf14b80, Size=384
[2018.10.01-21.31.09:015][  0]LogUObjectGlobals: Destroyed PersistentFrame Addr=0x000002a18ccfff38, Size=40
[2018.10.01-21.31.09:016][  0]LogUObjectGlobals: Destroyed PersistentFrame Addr=0x000002a18cf14880, Size=384
[2018.10.01-21.31.09:016][  0]LogUObjectGlobals: Destroyed PersistentFrame Addr=0x000002a18cf0fa00, Size=192
[2018.10.01-21.31.09:016][  0]LogUObjectGlobals: Destroyed PersistentFrame Addr=0x000002a18ccfff60, Size=40
[2018.10.01-21.31.09:016][  0]LogUObjectGlobals: Destroyed PersistentFrame Addr=0x000002a18cf14400, Size=384
[2018.10.01-21.31.09:016][  0]LogUObjectGlobals: Destroyed PersistentFrame Addr=0x000002a18cf0f7c0, Size=184
[2018.10.01-21.31.09:016][  0]LogUObjectGlobals: Destroyed PersistentFrame Addr=0x000002a18d13de40, Size=312
[2018.10.01-21.31.09:016][  0]LogUObjectGlobals: Destroyed PersistentFrame Addr=0x000002a18ca8aa00, Size=472
[2018.10.01-21.31.09:016][  0]LogUObjectGlobals: Destroyed PersistentFrame Addr=0x000002a18cf36ac0, Size=320
[2018.10.01-21.31.09:016][  0]LogUObjectGlobals: Destroyed PersistentFrame Addr=0x000002a18cf03260, Size=32
[2018.10.01-21.31.09:016][  0]LogUObjectGlobals: Destroyed PersistentFrame Addr=0x000002a18ccfc130, Size=40
[2018.10.01-21.31.09:017][  0]LogUObjectGlobals: Destroyed PersistentFrame Addr=0x000002a18cbf8bd0, Size=72
[2018.10.01-21.31.09:017][  0]LogUObjectGlobals: Destroyed PersistentFrame Addr=0x000002a1908c5300, Size=40
[2018.10.01-21.31.09:017][  0]LogUObjectGlobals: Destroyed PersistentFrame Addr=0x000002a190b0d780, Size=384
[2018.10.01-21.31.09:017][  0]LogUObjectGlobals: Destroyed PersistentFrame Addr=0x000002a1908c5058, Size=40
[2018.10.01-21.31.09:017][  0]LogUObjectGlobals: Destroyed PersistentFrame Addr=0x000002a1909d5d80, Size=384
[2018.10.01-21.31.09:017][  0]LogUObjectGlobals: Destroyed PersistentFrame Addr=0x000002a1908c46f8, Size=40
[2018.10.01-21.31.09:017][  0]LogUObjectGlobals: Destroyed PersistentFrame Addr=0x000002a1909b9f00, Size=384
[2018.10.01-21.31.09:017][  0]LogUObjectGlobals: Destroyed PersistentFrame Addr=0x000002a1908c44c8, Size=40
[2018.10.01-21.31.09:017][  0]LogUObjectGlobals: Destroyed PersistentFrame Addr=0x000002a19099fe80, Size=384
[2018.10.01-21.31.09:017][  0]LogUObjectGlobals: Destroyed PersistentFrame Addr=0x000002a190987db0, Size=16
[2018.10.01-21.31.09:020][  0]Cmd: MAP CHECKDEP NOCLEARLOG
[2018.10.01-21.31.09:132][  0]MapCheck: Map check complete: 0 Error(s), 0 Warning(s), took 112.423ms to complete.
[2018.10.01-21.31.09:132][  0]LogFileHelpers: Loading map 'ThirdPersonExampleMap' took 7.588
[2018.10.01-21.31.09:715][  0]LogCollectionManager: Loaded 0 collections in 0.004133 seconds
[2018.10.01-21.31.09:802][  0]LogFileCache: Scanning file cache for directory 'C:/Users/chori/Desktop/Project Spotlight/ProjectSpotlight/trunk/Saved/Collections/' took 0.01s
[2018.10.01-21.31.09:802][  0]LogFileCache: Scanning file cache for directory 'C:/Users/chori/Desktop/Project Spotlight/ProjectSpotlight/trunk/Content/Developers/chori/Collections/' took 0.01s
[2018.10.01-21.31.09:802][  0]LogFileCache: Scanning file cache for directory 'C:/Users/chori/Desktop/Project Spotlight/ProjectSpotlight/trunk/Content/Collections/' took 0.01s
[2018.10.01-21.31.09:802][  0]LogCollectionManager: Rebuilt the GUID cache for 0 collections in 0.000000 seconds
[2018.10.01-21.31.09:817][  0]LogContentBrowser: Native class hierarchy populated in 0.0147 seconds. Added 2452 classes and 558 folders.
[2018.10.01-21.31.09:872][  0]LogContentBrowser: Native class hierarchy updated for 'WidgetCarousel' in 0.0003 seconds. Added 0 classes and 0 folders.
[2018.10.01-21.31.10:729][  0]LogContentBrowser: Native class hierarchy updated for 'AddContentDialog' in 0.0003 seconds. Added 0 classes and 0 folders.
[2018.10.01-21.31.10:751][  0]LogContentBrowser: Native class hierarchy updated for 'SceneOutliner' in 0.0003 seconds. Added 1 classes and 2 folders.
[2018.10.01-21.31.11:056][  0]LogSlate: Took 0.007676 seconds to synchronously load lazily loaded font '../../../Engine/Content/Slate/Fonts/Roboto-Regular.ttf' (155K)
[2018.10.01-21.31.11:071][  0]LogSlate: Took 0.010885 seconds to synchronously load lazily loaded font '../../../Engine/Content/Slate/Fonts/Roboto-Bold.ttf' (160K)
[2018.10.01-21.31.11:090][  0]LogSlate: Took 0.009125 seconds to synchronously load lazily loaded font '../../../Engine/Content/Editor/Slate/Fonts/FontAwesome.ttf' (139K)
[2018.10.01-21.31.11:434][  0]LogRenderer: Reallocating scene render targets to support 512x512 Format 10 NumSamples 1 (Frame:1).
[2018.10.01-21.31.12:024][  0]LogRenderer: Reallocating scene render targets to support 784x512 Format 9 NumSamples 1 (Frame:1).
[2018.10.01-21.31.12:690][  0]LogContentBrowser: Native class hierarchy updated for 'HierarchicalLODOutliner' in 0.0003 seconds. Added 0 classes and 0 folders.
[2018.10.01-21.31.12:690][  0]LogLoad: (Engine Initialization) Total time: 75.42 seconds
[2018.10.01-21.31.12:690][  0]LogLoad: (Engine Initialization) Total Blueprint compile time: 0.00 seconds
[2018.10.01-21.31.12:761][  0]LogContentStreaming: Texture pool size now 400 MB
[2018.10.01-21.31.12:973][  0]LogSlate: Took 0.008735 seconds to synchronously load lazily loaded font '../../../Engine/Content/Slate/Fonts/Roboto-Light.ttf' (167K)
[2018.10.01-21.31.15:335][  2]LogEditorViewport: Clicking on Actor (context menu): StaticMeshActor (Floor)
[2018.10.01-21.31.15:712][  2]LogSlate: FSceneViewport::OnFocusLost() reason 2
[2018.10.01-21.31.15:743][  2]LogAssetRegistry: Asset discovery search completed in 52.2029 seconds
[2018.10.01-21.31.15:746][  2]LogCollectionManager: Rebuilt the object cache for 0 collections in 0.000001 seconds (found 0 objects)
[2018.10.01-21.31.15:746][  2]LogCollectionManager: Fixed up redirectors for 0 collections in 0.000085 seconds (updated 0 objects)
[2018.10.01-21.31.16:067][ 16]LogEditorViewport: Clicking on Actor (context menu): BP_GreatAxe_C (BP_BigAxe)
[2018.10.01-21.31.16:212][ 16]LogSlate: FSceneViewport::OnFocusLost() reason 2
[2018.10.01-21.31.17:293][ 72]LogEditorViewport: Clicking on Actor (LMB): StaticMeshActor (Floor)
[2018.10.01-21.31.18:107][103]LogFileCache: Retrieving MD5 hashes for directory 'C:/Users/chori/Desktop/Project Spotlight/ProjectSpotlight/trunk/Content/' took 5.38s
[2018.10.01-21.31.22:644][231]LogEditorViewport: Clicking on Actor (LMB): StaticMeshActor (Linear_Stair_StaticMesh)
[2018.10.01-21.31.24:191][316]Cmd: DELETE
[2018.10.01-21.31.24:191][316]Cmd: ACTOR DELETE
[2018.10.01-21.31.24:517][316]LogEditorActor: Deleted Actor: StaticMeshActor
[2018.10.01-21.31.24:534][316]LogEditorActor: Deleted 1 Actors (0.047 secs)
[2018.10.01-21.31.25:169][351]LogEditorViewport: Clicking on Actor (LMB): StaticMeshActor (RightArm_StaticMesh)
[2018.10.01-21.31.25:412][360]Cmd: DELETE
[2018.10.01-21.31.25:412][360]Cmd: ACTOR DELETE
[2018.10.01-21.31.25:414][360]LogEditorActor: Deleted Actor: StaticMeshActor
[2018.10.01-21.31.25:431][360]LogEditorActor: Deleted 1 Actors (0.019 secs)
[2018.10.01-21.31.26:143][403]LogEditorViewport: Clicking on Actor (LMB): StaticMeshActor (Bump_StaticMesh)
[2018.10.01-21.31.26:259][404]Cmd: DELETE
[2018.10.01-21.31.26:259][404]Cmd: ACTOR DELETE
[2018.10.01-21.31.26:261][404]LogEditorActor: Deleted Actor: StaticMeshActor
[2018.10.01-21.31.26:278][404]LogEditorActor: Deleted 1 Actors (0.019 secs)
[2018.10.01-21.31.27:596][469]LogEditorViewport: Clicking on Actor (LMB): StaticMeshActor (LeftArm_StaticMesh)
[2018.10.01-21.31.27:658][469]Cmd: DELETE
[2018.10.01-21.31.27:659][469]Cmd: ACTOR DELETE
[2018.10.01-21.31.27:661][469]LogEditorActor: Deleted Actor: StaticMeshActor
[2018.10.01-21.31.27:677][469]LogEditorActor: Deleted 1 Actors (0.019 secs)
[2018.10.01-21.31.28:331][506]LogEditorViewport: Clicking on Actor (LMB): StaticMeshActor (Ramp_StaticMesh)
[2018.10.01-21.31.28:390][506]Cmd: DELETE
[2018.10.01-21.31.28:390][506]Cmd: ACTOR DELETE
[2018.10.01-21.31.28:392][506]LogEditorActor: Deleted Actor: StaticMeshActor
[2018.10.01-21.31.28:410][506]LogEditorActor: Deleted 1 Actors (0.019 secs)
[2018.10.01-21.31.29:383][554]LogEditorViewport: Clicking on Actor (LMB): StaticMeshActor (CubeMesh)
[2018.10.01-21.31.29:446][554]Cmd: DELETE
[2018.10.01-21.31.29:446][554]Cmd: ACTOR DELETE
[2018.10.01-21.31.29:448][554]LogEditorActor: Deleted Actor: StaticMeshActor
[2018.10.01-21.31.29:465][554]LogEditorActor: Deleted 1 Actors (0.019 secs)
[2018.10.01-21.31.30:853][629]LogSlate: FSceneViewport::OnFocusLost() reason 2
[2018.10.01-21.31.32:323][717]MapCheck: New page: Map Check
[2018.10.01-21.31.32:353][717]LogSlate: FSceneViewport::OnFocusLost() reason 2
[2018.10.01-21.31.32:461][717]LightingResults: New page: Lighting Build - Oct 1, 2018, 11:31:32 AM
[2018.10.01-21.31.32:613][717]LogSwarmInterface: [OpenConnection] Registering TCP channel ...
[2018.10.01-21.31.32:799][717]LogSwarmInterface: [OpenConnection] Connecting to agent ...
[2018.10.01-21.31.32:927][717]LogSwarmInterface: [TryOpenConnection] Testing the Agent
[2018.10.01-21.31.35:157][717]LogSwarmInterface: Error: [TryOpenConnection] Waiting for the agent to start up ...
[2018.10.01-21.31.35:238][717]LogSwarmInterface: Error: System.Net.Sockets.SocketException (0x80004005): No connection could be made because the target machine actively refused it 127.0.0.1:8008

Server stack trace: 
   at System.Net.Sockets.Socket.DoConnect(EndPoint endPointSnapshot, SocketAddress socketAddress)
   at System.Net.Sockets.Socket.Connect(EndPoint remoteEP)
   at System.Runtime.Remoting.Channels.RemoteConnection.CreateNewSocket(EndPoint ipEndPoint)
   at System.Runtime.Remoting.Channels.SocketCache.GetSocket(String machinePortAndSid, Boolean openNew)
   at System.Runtime.Remoting.Channels.Tcp.TcpClientTransportSink.SendRequestWithRetry(IMessage msg, ITransportHeaders requestHeaders, Stream requestStream)
   at System.Runtime.Remoting.Channels.Tcp.TcpClientTransportSink.AsyncProcessRequest(IClientChannelSinkStack sinkStack, IMessage msg, ITransportHeaders headers, Stream stream)
   at System.Runtime.Remoting.Channels.BinaryClientFormatterSink.AsyncProcessMessage(IMessage msg, IMessageSink replySink)

Exception rethrown at [0]: 
   at System.Runtime.Remoting.Proxies.RealProxy.HandleReturnMessage(IMessage reqMsg, IMessage retMsg)
   at System.Runtime.Remoting.Proxies.RealProxy.PrivateInvoke(MessageData& msgData, Int32 type)
   at NSwarm.IAgentInterfaceWrapper.MethodDelegate.EndInvoke(Hashtable& OutParameters, IAsyncResult result)
   at NSwarm.FSwarmInterface.TryOpenConnection(FConnectionCallback CallbackFunc, IntPtr CallbackData, ELogFlags LoggingFlags)
[2018.10.01-21.31.40:319][717]LogSwarmInterface: [TryOpenConnection] Opening Connection to Agent
[2018.10.01-21.31.40:319][717]LogSwarmInterface: [TryOpenConnection] Local Process ID is 38932
[2018.10.01-21.31.45:049][717]LogStaticLightingSystem: Running Lightmass w/ ImmediateImport mode ENABLED
[2018.10.01-21.31.45:049][717]LogStaticLightingSystem: Running Lightmass w/ ImmediateProcess mode ENABLED
[2018.10.01-21.31.45:049][717]LogStaticLightingSystem: Running Lightmass w/ Sorting mode ENABLED
[2018.10.01-21.31.45:049][717]LogStaticLightingSystem: Running Lightmass w/ Mapping paddings ENABLED
[2018.10.01-21.31.45:049][717]LogStaticLightingSystem: Running Lightmass w/ Mapping debug paddings DISABLED
[2018.10.01-21.31.45:450][717]LogEditorBuildUtils: Build time 0:13
[2018.10.01-21.31.56:536][252]Job is a success!
[2018.10.01-21.31.56:616][253]LogSlate: Took 0.011215 seconds to synchronously load lazily loaded font '../../../Engine/Content/Slate/Fonts/Roboto-Light.ttf' (167K)
[2018.10.01-21.31.56:619][253]LogSlate: FSceneViewport::OnFocusLost() reason 2
[2018.10.01-21.31.56:889][253]LogVolumetricLightmapImport: Imported Volumetric Lightmap in 0.047s
[2018.10.01-21.31.56:889][253]LogVolumetricLightmapImport:      Indirection Texture 16x16x16 = 0.0Mb
[2018.10.01-21.31.56:889][253]LogVolumetricLightmapImport:      BrickData 230x5x5 = 0.2Mb (trimmed 0.0Mb due to 0.010000 MinBrickError)
[2018.10.01-21.31.56:889][253]LogVolumetricLightmapImport:      Bricks at Level
[2018.10.01-21.31.56:889][253]LogVolumetricLightmapImport:          0: 2.2% covering 100.0% of volume
[2018.10.01-21.31.56:889][253]LogVolumetricLightmapImport:          1: 8.7% covering 6.3% of volume
[2018.10.01-21.31.56:889][253]LogVolumetricLightmapImport:          2: 89.1% covering 1.0% of volume
[2018.10.01-21.31.58:590][253]LogTexture: Display: Building textures: SkyOcclusion1_1 (AutoDXT, 1024X512)
[2018.10.01-21.31.58:590][253]LogTexture: Display: Building textures: HQ_Lightmap1_1 (AutoDXT, 1024X1024)
[2018.10.01-21.31.58:590][253]LogTexture: Display: Building textures: LQ_Lightmap_1_1 (DXT1, 1024X1024)
[2018.10.01-21.31.58:590][253]LogTexture: Display: Building textures: SkyOcclusion1_2 (AutoDXT, 64X32)
[2018.10.01-21.31.58:590][253]LogTexture: Display: Building textures: HQ_Lightmap1_2 (AutoDXT, 64X64)
[2018.10.01-21.31.58:591][253]LogTexture: Display: Building textures: LQ_Lightmap_1_2 (DXT1, 64X64)
[2018.10.01-21.31.58:791][253]LogTexture: Display: Building textures: ShadowMapTexture2D_3 (G8, 32X32)
[2018.10.01-21.31.58:889][253]LogTexture: Display: Building textures: ShadowMapTexture2D_2 (G8, 1024X512)
[2018.10.01-21.31.59:542][253]Lightmass on LAPTOP-VV1029DO: 10.6 sec total, 233 ms importing, 91 ms setup, 1.36 sec photons, 8.86 sec processing, 0 ms extra exporting [6/6 mappings]. Threads: 35.4 sec total, 14.7 sec processing.
[2018.10.01-21.31.59:669][253]LogStaticLightingSystem: Illumination: 27.2 sec (1.55 sec encoding lightmaps, 294 ms encoding shadowmaps)
[2018.10.01-21.31.59:669][253]LogStaticLightingSystem: Lightmap texture memory:  2.7 MB (2.7 MB streaming, 0.0 MB non-streaming), 4 textures
[2018.10.01-21.31.59:669][253]LogStaticLightingSystem: Shadowmap texture memory: 0.7 MB (0.7 MB streaming, 0.0 MB non-streaming), 2 textures
[2018.10.01-21.32.06:077][253]DumpUnbuiltLightIteractions
[2018.10.01-21.32.06:077][253]Lights with unbuilt interactions: 0
[2018.10.01-21.32.06:077][253]
[2018.10.01-21.32.06:077][253]Primitives with unbuilt interactions: 0
[2018.10.01-21.32.06:094][253]LogSlate: FSceneViewport::OnFocusLost() reason 2
[2018.10.01-21.32.06:383][254]Cmd: MAP CHECK NOTIFYRESULTS
[2018.10.01-21.32.06:384][254]MapCheck: New page: ThirdPersonExampleMap - Oct 1, 2018, 11:32:06 AM
[2018.10.01-21.32.06:578][254]MapCheck: Map check complete: 0 Error(s), 0 Warning(s), took 195.195ms to complete.
[2018.10.01-21.32.13:058][529]LogEditorViewport: Clicking on Actor (LMB): StaticMeshActor (Floor)
[2018.10.01-21.32.14:147][587]LogEditorViewport: Clicking on Actor (LMB): StaticMeshActor (Floor)
[2018.10.01-21.32.14:709][615]LogEditorViewport: Clicking on Actor (LMB): TextRenderActor (TextRenderActor)
[2018.10.01-21.32.18:446][832]Cmd: DELETE
[2018.10.01-21.32.18:446][832]Cmd: ACTOR DELETE
[2018.10.01-21.32.18:449][832]LogEditorActor: Deleted Actor: TextRenderActor
[2018.10.01-21.32.18:465][832]LogEditorActor: Deleted 1 Actors (0.019 secs)
[2018.10.01-21.32.22:736][ 88]LogEditorViewport: Clicking on Actor (LMB): DocumentationActor (DocumentationActor1)
[2018.10.01-21.32.31:042][535]LogEditorViewport: Clicking on Actor (LMB): StaticMeshActor (Floor)
[2018.10.01-21.32.33:417][654]LogEditorViewport: Clicking on Actor (LMB): BP_Sky_Sphere_C (SkySphereBlueprint)
[2018.10.01-21.32.36:033][753]LogEditorViewport: Clicking on Actor (LMB): BP_Sky_Sphere_C (SkySphereBlueprint)
[2018.10.01-21.32.39:061][859]LogEditorViewport: Clicking on Actor (LMB): StaticMeshActor (Wall7)
[2018.10.01-21.32.40:381][914]LogEditorViewport: Clicking on Actor (LMB): BP_Sky_Sphere_C (SkySphereBlueprint)
[2018.10.01-21.32.40:920][941]LogEditorViewport: Clicking on Actor (LMB): BP_Sky_Sphere_C (SkySphereBlueprint)
[2018.10.01-21.32.41:140][948]LogEditorViewport: Clicking on Component (LMB): StaticMeshComponent (Sky Sphere mesh)
[2018.10.01-21.35.00:213][ 55]LogSlate: FSceneViewport::OnFocusLost() reason 0
[2018.10.01-21.36.50:623][901]LogSlate: Window 'Pick Parent Class' being destroyed
[2018.10.01-21.37.11:825][956]LogMetaData: Removing '/Game/ZombieSpawner/EnemyPortal.EnemyPortal:UserConstructionScript.K2Node_FunctionEntry_0' ref from Metadata '/Game/ZombieSpawner/NewBlueprint.PackageMetaData'
[2018.10.01-21.37.11:825][956]LogMetaData: Removing '/Game/ZombieSpawner/EnemyPortal.SKEL_EnemyPortal_C' ref from Metadata '/Game/ZombieSpawner/NewBlueprint.PackageMetaData'
[2018.10.01-21.37.11:825][956]LogMetaData: Removing '/Game/ZombieSpawner/EnemyPortal.EnemyPortal_C' ref from Metadata '/Game/ZombieSpawner/NewBlueprint.PackageMetaData'
[2018.10.01-21.37.11:825][956]LogMetaData: Removing '/Game/ZombieSpawner/EnemyPortal.EnemyPortal:EventGraph.K2Node_Event_0' ref from Metadata '/Game/ZombieSpawner/NewBlueprint.PackageMetaData'
[2018.10.01-21.37.11:825][956]LogMetaData: Removing '/Game/ZombieSpawner/EnemyPortal.EnemyPortal:EventGraph.K2Node_Event_1' ref from Metadata '/Game/ZombieSpawner/NewBlueprint.PackageMetaData'
[2018.10.01-21.37.11:825][956]LogMetaData: Removing '/Game/ZombieSpawner/EnemyPortal.EnemyPortal:EventGraph.K2Node_Event_2' ref from Metadata '/Game/ZombieSpawner/NewBlueprint.PackageMetaData'
[2018.10.01-21.37.11:849][956]Cmd: OBJ SAVEPACKAGE PACKAGE="/Game/ZombieSpawner/EnemyPortal" FILE="../../../../../../Users/chori/Desktop/Project Spotlight/ProjectSpotlight/trunk/Content/ZombieSpawner/EnemyPortal.uasset" SILENT=true
[2018.10.01-21.37.11:861][956]LogSavePackage: Save=8.76ms
[2018.10.01-21.37.11:861][956]LogSavePackage: Moving '../../../../../../Users/chori/Desktop/Project Spotlight/ProjectSpotlight/trunk/Saved/EnemyPortal343312C048ED331797F27BBC9FA4C235.tmp' to '../../../../../../Users/chori/Desktop/Project Spotlight/ProjectSpotlight/trunk/Content/ZombieSpawner/EnemyPortal.uasset'
[2018.10.01-21.37.11:866][956]LogSavePackage: Display: Finished SavePackage ../../../../../../Users/chori/Desktop/Project Spotlight/ProjectSpotlight/trunk/Content/ZombieSpawner/EnemyPortal.uasset
[2018.10.01-21.37.38:913][513]LogSlate: Window 'Pick Parent Class' being destroyed
[2018.10.01-21.37.59:963][ 99]Cmd: TRANSACTION UNDO
[2018.10.01-21.37.59:963][ 99]LogEditorTransaction: Undo Clicking on Components
[2018.10.01-21.38.11:003][750]Cmd: TRANSACTION REDO
[2018.10.01-21.38.11:003][750]LogEditorTransaction: Redo Clicking on Components
[2018.10.01-21.38.17:877][ 47]LogSlate: Window 'Pick Parent Class' being destroyed
[2018.10.01-21.38.44:987][768]LogSlate: Window 'Pick Parent Class' being destroyed
[2018.10.01-21.38.53:447][215]LogSlate: Window 'Pick Parent Class' being destroyed
[2018.10.01-21.39.21:061][866]LogUObjectGlobals: Destroyed PersistentFrame Addr=0x000002a190987940, Size=16
[2018.10.01-21.39.21:061][866]LogUObjectGlobals: Created PersistentFrame Addr=0x000002a1f4b70a10, Size=16, Default__ThirdPersonExampleMap_C Function /Engine/Transient.REINST_ThirdPersonExampleMap_C_53:ExecuteUbergraph_ThirdPersonExampleMap
[2018.10.01-21.39.21:063][866]LogUObjectGlobals: Created PersistentFrame Addr=0x000002a1f4b70780, Size=16, Default__ThirdPersonExampleMap_C Function /Game/ThirdPersonBP/Maps/ThirdPersonExampleMap.ThirdPersonExampleMap_C:ExecuteUbergraph_ThirdPersonExampleMap
[2018.10.01-21.39.21:278][866]LogSavePackage: Save=232.42ms
[2018.10.01-21.39.21:278][866]LogSavePackage: Moving '../../../../../../Users/chori/Desktop/Project Spotlight/ProjectSpotlight/trunk/Saved/ThirdPersonExampleMapEFC7E17746F7BDFD62E65FB71F125B52.tmp' to '../../../../../../Users/chori/Desktop/Project Spotlight/ProjectSpotlight/trunk/Content/ThirdPersonBP/Maps/ThirdPersonExampleMap.umap'
[2018.10.01-21.39.21:284][866]LogSavePackage: Display: Finished SavePackage ../../../../../../Users/chori/Desktop/Project Spotlight/ProjectSpotlight/trunk/Content/ThirdPersonBP/Maps/ThirdPersonExampleMap.umap
[2018.10.01-21.39.21:318][866]LogFileHelpers: Saving map 'ThirdPersonExampleMap' took 0.427
[2018.10.01-21.39.21:803][866]LogSavePackage: Save=437.04ms
[2018.10.01-21.39.21:803][866]LogSavePackage: Moving '../../../../../../Users/chori/Desktop/Project Spotlight/ProjectSpotlight/trunk/Saved/ThirdPersonExampleMap_BuiltData33B2947844C07C35C6BAD3960D3ECB3B.tmp' to '../../../../../../Users/chori/Desktop/Project Spotlight/ProjectSpotlight/trunk/Content/ThirdPersonBP/Maps/ThirdPersonExampleMap_BuiltData.uasset'
[2018.10.01-21.39.21:809][866]LogSavePackage: Display: Finished SavePackage ../../../../../../Users/chori/Desktop/Project Spotlight/ProjectSpotlight/trunk/Content/ThirdPersonBP/Maps/ThirdPersonExampleMap_BuiltData.uasset
[2018.10.01-21.39.21:814][866]Cmd: OBJ SAVEPACKAGE PACKAGE="/Game/ZombieSpawner/TheEnemy" FILE="../../../../../../Users/chori/Desktop/Project Spotlight/ProjectSpotlight/trunk/Content/ZombieSpawner/TheEnemy.uasset" SILENT=true
[2018.10.01-21.39.21:829][866]LogSavePackage: Save=12.67ms
[2018.10.01-21.39.21:829][866]LogSavePackage: Moving '../../../../../../Users/chori/Desktop/Project Spotlight/ProjectSpotlight/trunk/Saved/TheEnemyEBF73B4A4CE574BCD033779B786F4D99.tmp' to '../../../../../../Users/chori/Desktop/Project Spotlight/ProjectSpotlight/trunk/Content/ZombieSpawner/TheEnemy.uasset'
[2018.10.01-21.39.21:835][866]LogSavePackage: Display: Finished SavePackage ../../../../../../Users/chori/Desktop/Project Spotlight/ProjectSpotlight/trunk/Content/ZombieSpawner/TheEnemy.uasset
[2018.10.01-21.39.21:839][866]Cmd: OBJ SAVEPACKAGE PACKAGE="/Game/ZombieSpawner/Easy" FILE="../../../../../../Users/chori/Desktop/Project Spotlight/ProjectSpotlight/trunk/Content/ZombieSpawner/Easy.uasset" SILENT=true
[2018.10.01-21.39.21:853][866]LogSavePackage: Save=10.98ms
[2018.10.01-21.39.21:853][866]LogSavePackage: Moving '../../../../../../Users/chori/Desktop/Project Spotlight/ProjectSpotlight/trunk/Saved/Easy94E6D3DC4B661F009D067CAC3F394977.tmp' to '../../../../../../Users/chori/Desktop/Project Spotlight/ProjectSpotlight/trunk/Content/ZombieSpawner/Easy.uasset'
[2018.10.01-21.39.21:859][866]LogSavePackage: Display: Finished SavePackage ../../../../../../Users/chori/Desktop/Project Spotlight/ProjectSpotlight/trunk/Content/ZombieSpawner/Easy.uasset
[2018.10.01-21.39.21:865][866]Cmd: OBJ SAVEPACKAGE PACKAGE="/Game/ZombieSpawner/Meduim" FILE="../../../../../../Users/chori/Desktop/Project Spotlight/ProjectSpotlight/trunk/Content/ZombieSpawner/Meduim.uasset" SILENT=true
[2018.10.01-21.39.21:880][866]LogSavePackage: Save=12.25ms
[2018.10.01-21.39.21:880][866]LogSavePackage: Moving '../../../../../../Users/chori/Desktop/Project Spotlight/ProjectSpotlight/trunk/Saved/MeduimD601D8AC46DEAC3DDCA4CD81E4CAFBAF.tmp' to '../../../../../../Users/chori/Desktop/Project Spotlight/ProjectSpotlight/trunk/Content/ZombieSpawner/Meduim.uasset'
[2018.10.01-21.39.21:886][866]LogSavePackage: Display: Finished SavePackage ../../../../../../Users/chori/Desktop/Project Spotlight/ProjectSpotlight/trunk/Content/ZombieSpawner/Meduim.uasset
[2018.10.01-21.39.21:892][866]Cmd: OBJ SAVEPACKAGE PACKAGE="/Game/ZombieSpawner/Hard" FILE="../../../../../../Users/chori/Desktop/Project Spotlight/ProjectSpotlight/trunk/Content/ZombieSpawner/Hard.uasset" SILENT=true
[2018.10.01-21.39.21:909][866]LogSavePackage: Save=12.54ms
[2018.10.01-21.39.21:909][866]LogSavePackage: Moving '../../../../../../Users/chori/Desktop/Project Spotlight/ProjectSpotlight/trunk/Saved/Hard5ABD424C42834283648A1A86D89C213D.tmp' to '../../../../../../Users/chori/Desktop/Project Spotlight/ProjectSpotlight/trunk/Content/ZombieSpawner/Hard.uasset'
[2018.10.01-21.39.21:916][866]LogSavePackage: Display: Finished SavePackage ../../../../../../Users/chori/Desktop/Project Spotlight/ProjectSpotlight/trunk/Content/ZombieSpawner/Hard.uasset
[2018.10.01-21.39.34:022][341]LogContentBrowser: Native class hierarchy updated for 'BlueprintGraph' in 0.0010 seconds. Added 116 classes and 0 folders.
[2018.10.01-21.39.34:524][341]LogUObjectGlobals: Created PersistentFrame Addr=0x000002a206829450, Size=4, Default__SKEL_PROTO_BP_AnimBlueprint_0_C Function /Engine/Transient.SKEL_PROTO_BP_AnimBlueprint_0_C:ExecuteUbergraph_PROTO_BP_AnimBlueprint_0
[2018.10.01-21.39.34:525][341]LogUObjectGlobals: Created PersistentFrame Addr=0x000002a206829448, Size=4, Default__PROTO_BP_AnimBlueprint_0_C Function /Engine/Transient.PROTO_BP_AnimBlueprint_0_C:ExecuteUbergraph_PROTO_BP_AnimBlueprint_0
[2018.10.01-21.39.35:917][341]LogRenderer: Reallocating scene render targets to support 840x512 Format 9 NumSamples 1 (Frame:1).
[2018.10.01-21.39.44:879][490]LogSlate: Window 'EnemyPortal' being destroyed
[2018.10.01-21.40.19:578][981]LogSlate: Took 0.015396 seconds to synchronously load lazily loaded font '../../../Engine/Content/Slate/Fonts/Roboto-Italic.ttf' (157K)
[2018.10.01-21.40.22:704][ 72]LogSlate: Took 0.014404 seconds to synchronously load lazily loaded font '../../../Engine/Content/Slate/Fonts/Roboto-BoldCondensed.ttf' (158K)
[2018.10.01-21.41.04:254][102]LogD3D11RHI: Timed out while waiting for GPU to catch up. (0.5 s)
[2018.10.01-21.41.04:499][102]LogD3D11RHI: Error: Result failed 
 at D:\Build\++UE4+Release-4.19+Compile\Sync\Engine\Source\Runtime\Windows\D3D11RHI\Private\D3D11Viewport.cpp:303 
 with error DXGI_ERROR_DEVICE_REMOVED DXGI_ERROR_DEVICE_HUNG
[2018.10.01-21.41.04:691][102]LogWindows: Windows GetLastError: The operation completed successfully. (0)
[2018.10.01-21.41.16:397][102]LogWindows: Windows GetLastError: The operation completed successfully. (0)
[2018.10.01-21.41.16:744][102]LogWindows: Error: === Critical error: ===
[2018.10.01-21.41.16:744][102]LogWindows: Error: 
[2018.10.01-21.41.16:744][102]LogWindows: Error: Fatal error: [File:D:\Build\++UE4+Release-4.19+Compile\Sync\Engine\Source\Runtime\RenderCore\Private\RenderingThread.cpp] [Line: 819] 
[2018.10.01-21.41.16:744][102]LogWindows: Error: Rendering thread exception:
[2018.10.01-21.41.16:744][102]LogWindows: Error: Fatal error: [File:D:\Build\++UE4+Release-4.19+Compile\Sync\Engine\Source\Runtime\Windows\D3D11RHI\Private\D3D11Util.cpp] [Line: 182] 
[2018.10.01-21.41.16:744][102]LogWindows: Error: Unreal Engine is exiting due to D3D device being lost. (Error: 0x887A0006 - 'HUNG')
[2018.10.01-21.41.16:744][102]LogWindows: Error: 
[2018.10.01-21.41.16:744][102]LogWindows: Error: 
[2018.10.01-21.41.16:744][102]LogWindows: Error: [Callstack] 0x000000004949A388 KERNELBASE.dll!UnknownFunction []
[2018.10.01-21.41.16:744][102]LogWindows: Error: [Callstack] 0x000000000EE17884 UE4Editor-ApplicationCore.dll!UnknownFunction []
[2018.10.01-21.41.16:744][102]LogWindows: Error: [Callstack] 0x00000000D0576D9B UE4Editor-Core.dll!UnknownFunction []
[2018.10.01-21.41.16:744][102]LogWindows: Error: [Callstack] 0x00000000D04B1949 UE4Editor-Core.dll!UnknownFunction []
[2018.10.01-21.41.16:745][102]LogWindows: Error: [Callstack] 0x00000000C4CEA0CF UE4Editor-D3D11RHI.dll!UnknownFunction []
[2018.10.01-21.41.16:745][102]LogWindows: Error: [Callstack] 0x00000000C4CEE5E0 UE4Editor-D3D11RHI.dll!UnknownFunction []
[2018.10.01-21.41.16:745][102]LogWindows: Error: [Callstack] 0x00000000C4CCD62A UE4Editor-D3D11RHI.dll!UnknownFunction []
[2018.10.01-21.41.16:745][102]LogWindows: Error: [Callstack] 0x00000000C4CCD58C UE4Editor-D3D11RHI.dll!UnknownFunction []
[2018.10.01-21.41.16:745][102]LogWindows: Error: [Callstack] 0x00000000C4CDAADF UE4Editor-D3D11RHI.dll!UnknownFunction []
[2018.10.01-21.41.16:745][102]LogWindows: Error: [Callstack] 0x000000000F3FF0B6 UE4Editor-RHI.dll!UnknownFunction []
[2018.10.01-21.41.16:745][102]LogWindows: Error: [Callstack] 0x00000000C4AB1FF8 UE4Editor-SlateRHIRenderer.dll!UnknownFunction []
[2018.10.01-21.41.16:745][102]LogWindows: Error: [Callstack] 0x00000000C4AB7C4C UE4Editor-SlateRHIRenderer.dll!UnknownFunction []
[2018.10.01-21.41.16:745][102]LogWindows: Error: [Callstack] 0x00000000D038B713 UE4Editor-Core.dll!UnknownFunction []
[2018.10.01-21.41.16:745][102]LogWindows: Error: [Callstack] 0x00000000D038BD3A UE4Editor-Core.dll!UnknownFunction []
[2018.10.01-21.41.16:745][102]LogWindows: Error: [Callstack] 0x000000000FF23CC9 UE4Editor-RenderCore.dll!UnknownFunction []
[2018.10.01-21.41.16:745][102]LogWindows: Error: [Callstack] 0x000000000FF24CF6 UE4Editor-RenderCore.dll!UnknownFunction []
[2018.10.01-21.41.16:745][102]LogWindows: Error: [Callstack] 0x00000000D0759FFC UE4Editor-Core.dll!UnknownFunction []
[2018.10.01-21.41.16:745][102]LogWindows: Error: [Callstack] 0x00000000D074ED63 UE4Editor-Core.dll!UnknownFunction []
[2018.10.01-21.41.16:745][102]LogWindows: Error: [Callstack] 0x000000004AA43034 KERNEL32.DLL!UnknownFunction []
[2018.10.01-21.41.16:745][102]LogWindows: Error: [Callstack] 0x000000004CAD1461 ntdll.dll!UnknownFunction []
[2018.10.01-21.41.16:745][102]LogWindows: Error: [Callstack] 0x000000004CAD1461 ntdll.dll!UnknownFunction []
[2018.10.01-21.41.16:745][102]LogWindows: Error: 
[2018.10.01-21.41.16:745][102]LogWindows: Error: 
[2018.10.01-21.41.16:745][102]LogWindows: Error: 
[2018.10.01-21.41.16:745][102]LogWindows: Error: 
[2018.10.01-21.41.16:756][102]LogExit: Executing StaticShutdownAfterError
[2018.10.01-21.41.17:110][102]LogWindows: FPlatformMisc::RequestExit(1)
[2018.10.01-21.41.17:194][102]Log file closed, 10/01/18 16:41:17
