Log file open, 09/27/18 14:17:01
LogWindows: Failed to load 'aqProf.dll' (GetLastError=126)
LogWindows: File 'aqProf.dll' does not exist
LogWindows: Failed to load 'VtuneApi.dll' (GetLastError=126)
LogWindows: File 'VtuneApi.dll' does not exist
LogWindows: Failed to load 'VtuneApi32e.dll' (GetLastError=126)
LogWindows: File 'VtuneApi32e.dll' does not exist
LogInit: Display: Running engine for game: Spotlight
LogPlatformFile: Not using cached read wrapper
LogInit: Display: RandInit(-422497625) SRandInit(-422497625).
LogInit: Read version file with build ID '3944462'
LogInit: Overriding engine version to CL 4033788, compatible CL 3944462
LogInit: Registered custom module enumerator with build ID '3944462'
LogTaskGraph: Started task graph with 5 named threads and 35 total threads with 3 sets of task threads.
LogStats: Stats thread started at 0.365349
LogD3D11RHI: Aftermath initialized
LogICUInternationalization: Display: ICU TimeZone Detection - Raw Offset: -6:00, Platform Override: ''
LogModuleManager: Display: Found up-to-date module file ../../../Engine/Plugins/2D/Paper2D/Binaries/Win64/UE4Editor-Paper2D.dll (API version 3944462).
LogModuleManager: Display: Found up-to-date module file ../../../Engine/Plugins/2D/Paper2D/Binaries/Win64/UE4Editor-Paper2DEditor.dll (API version 3944462).
LogModuleManager: Display: Found up-to-date module file ../../../Engine/Plugins/2D/Paper2D/Binaries/Win64/UE4Editor-PaperSpriteSheetImporter.dll (API version 3944462).
LogModuleManager: Display: Found up-to-date module file ../../../Engine/Plugins/2D/Paper2D/Binaries/Win64/UE4Editor-PaperTiledImporter.dll (API version 3944462).
LogModuleManager: Display: Found up-to-date module file ../../../Engine/Plugins/2D/Paper2D/Binaries/Win64/UE4Editor-SmartSnapping.dll (API version 3944462).
LogModuleManager: Display: Found up-to-date module file ../../../Engine/Plugins/Blendables/LightPropagationVolume/Binaries/Win64/UE4Editor-LightPropagationVolumeRuntime.dll (API version 3944462).
LogModuleManager: Display: Found up-to-date module file ../../../Engine/Plugins/Blendables/LightPropagationVolume/Binaries/Win64/UE4Editor-LightPropagationVolumeEditor.dll (API version 3944462).
LogModuleManager: Display: Found up-to-date module file ../../../Engine/Plugins/Developer/CLionSourceCodeAccess/Binaries/Win64/UE4Editor-CLionSourceCodeAccess.dll (API version 3944462).
LogModuleManager: Display: Found up-to-date module file ../../../Engine/Plugins/Developer/GitSourceControl/Binaries/Win64/UE4Editor-GitSourceControl.dll (API version 3944462).
LogModuleManager: Display: Found up-to-date module file ../../../Engine/Plugins/Developer/PerforceSourceControl/Binaries/Win64/UE4Editor-PerforceSourceControl.dll (API version 3944462).
LogModuleManager: Display: Found up-to-date module file ../../../Engine/Plugins/Developer/SubversionSourceControl/Binaries/Win64/UE4Editor-SubversionSourceControl.dll (API version 3944462).
LogModuleManager: Display: Found up-to-date module file ../../../Engine/Plugins/Developer/UObjectPlugin/Binaries/Win64/UE4Editor-UObjectPlugin.dll (API version 3944462).
LogModuleManager: Display: Found up-to-date module file ../../../Engine/Plugins/Developer/VisualStudioCodeSourceCodeAccess/Binaries/Win64/UE4Editor-VisualStudioCodeSourceCodeAccess.dll (API version 3944462).
LogModuleManager: Display: Found up-to-date module file ../../../Engine/Plugins/Developer/VisualStudioSourceCodeAccess/Binaries/Win64/UE4Editor-VisualStudioSourceCodeAccess.dll (API version 3944462).
LogModuleManager: Display: Found up-to-date module file ../../../Engine/Plugins/Editor/AssetManagerEditor/Binaries/Win64/UE4Editor-AssetManagerEditor.dll (API version 3944462).
LogModuleManager: Display: Found up-to-date module file ../../../Engine/Plugins/Editor/CryptoKeys/Binaries/Win64/UE4Editor-CryptoKeys.dll (API version 3944462).
LogModuleManager: Display: Found up-to-date module file ../../../Engine/Plugins/Editor/CryptoKeys/Binaries/Win64/UE4Editor-CryptoKeysOpenSSL.dll (API version 3944462).
LogModuleManager: Display: Found up-to-date module file ../../../Engine/Plugins/Editor/DataValidation/Binaries/Win64/UE4Editor-DataValidation.dll (API version 3944462).
LogModuleManager: Display: Found up-to-date module file ../../../Engine/Plugins/Editor/FacialAnimation/Binaries/Win64/UE4Editor-FacialAnimation.dll (API version 3944462).
LogModuleManager: Display: Found up-to-date module file ../../../Engine/Plugins/Editor/FacialAnimation/Binaries/Win64/UE4Editor-FacialAnimationEditor.dll (API version 3944462).
LogModuleManager: Display: Found up-to-date module file ../../../Engine/Plugins/Editor/GameplayTagsEditor/Binaries/Win64/UE4Editor-GameplayTagsEditor.dll (API version 3944462).
LogModuleManager: Display: Found up-to-date module file ../../../Engine/Plugins/Editor/MobileLauncherProfileWizard/Binaries/Win64/UE4Editor-MobileLauncherProfileWizard.dll (API version 3944462).
LogModuleManager: Display: Found up-to-date module file ../../../Engine/Plugins/Editor/PluginBrowser/Binaries/Win64/UE4Editor-PluginBrowser.dll (API version 3944462).
LogModuleManager: Display: Found up-to-date module file ../../../Engine/Plugins/Editor/SpeedTreeImporter/Binaries/Win64/UE4Editor-SpeedTreeImporter.dll (API version 3944462).
LogModuleManager: Display: Found up-to-date module file ../../../Engine/Plugins/Enterprise/DatasmithContent/Binaries/Win64/UE4Editor-DatasmithContent.dll (API version 3944462).
LogModuleManager: Display: Found up-to-date module file ../../../Engine/Plugins/Experimental/AlembicImporter/Binaries/Win64/UE4Editor-AlembicImporter.dll (API version 3944462).
LogModuleManager: Display: Found up-to-date module file ../../../Engine/Plugins/Experimental/AlembicImporter/Binaries/Win64/UE4Editor-AlembicLibrary.dll (API version 3944462).
LogModuleManager: Display: Found up-to-date module file ../../../Engine/Plugins/Experimental/CharacterAI/Binaries/Win64/UE4Editor-CharacterAI.dll (API version 3944462).
LogModuleManager: Display: Found up-to-date module file ../../../Engine/Plugins/Experimental/HTML5Networking/Binaries/Win64/UE4Editor-HTML5Networking.dll (API version 3944462).
LogModuleManager: Display: Found up-to-date module file ../../../Engine/Plugins/Media/AndroidMedia/Binaries/Win64/UE4Editor-AndroidMediaEditor.dll (API version 3944462).
LogModuleManager: Display: Found up-to-date module file ../../../Engine/Plugins/Media/AndroidMedia/Binaries/Win64/UE4Editor-AndroidMediaFactory.dll (API version 3944462).
LogModuleManager: Display: Found up-to-date module file ../../../Engine/Plugins/Media/AvfMedia/Binaries/Win64/UE4Editor-AvfMediaEditor.dll (API version 3944462).
LogModuleManager: Display: Found up-to-date module file ../../../Engine/Plugins/Media/AvfMedia/Binaries/Win64/UE4Editor-AvfMediaFactory.dll (API version 3944462).
LogModuleManager: Display: Found up-to-date module file ../../../Engine/Plugins/Media/AvfMedia/Binaries/Win64/UE4Editor-AvfMediaFactory.dll (API version 3944462).
LogModuleManager: Display: Found up-to-date module file ../../../Engine/Plugins/Media/ImgMedia/Binaries/Win64/UE4Editor-ImgMedia.dll (API version 3944462).
LogModuleManager: Display: Found up-to-date module file ../../../Engine/Plugins/Media/ImgMedia/Binaries/Win64/UE4Editor-ImgMediaEditor.dll (API version 3944462).
LogModuleManager: Display: Found up-to-date module file ../../../Engine/Plugins/Media/ImgMedia/Binaries/Win64/UE4Editor-ImgMediaFactory.dll (API version 3944462).
LogModuleManager: Display: Found up-to-date module file ../../../Engine/Plugins/Media/ImgMedia/Binaries/Win64/UE4Editor-ImgMediaFactory.dll (API version 3944462).
LogModuleManager: Display: Found up-to-date module file ../../../Engine/Plugins/Media/ImgMedia/Binaries/Win64/UE4Editor-OpenExrWrapper.dll (API version 3944462).
LogModuleManager: Display: Found up-to-date module file ../../../Engine/Plugins/Media/LinearTimecode/Binaries/Win64/UE4Editor-LinearTimecode.dll (API version 3944462).
LogModuleManager: Display: Found up-to-date module file ../../../Engine/Plugins/Media/MediaCompositing/Binaries/Win64/UE4Editor-MediaCompositing.dll (API version 3944462).
LogModuleManager: Display: Found up-to-date module file ../../../Engine/Plugins/Media/MediaCompositing/Binaries/Win64/UE4Editor-MediaCompositingEditor.dll (API version 3944462).
LogModuleManager: Display: Found up-to-date module file ../../../Engine/Plugins/Media/MediaPlayerEditor/Binaries/Win64/UE4Editor-MediaPlayerEditor.dll (API version 3944462).
LogModuleManager: Display: Found up-to-date module file ../../../Engine/Plugins/Media/WmfMedia/Binaries/Win64/UE4Editor-WmfMedia.dll (API version 3944462).
LogModuleManager: Display: Found up-to-date module file ../../../Engine/Plugins/Media/WmfMedia/Binaries/Win64/UE4Editor-WmfMediaEditor.dll (API version 3944462).
LogModuleManager: Display: Found up-to-date module file ../../../Engine/Plugins/Media/WmfMedia/Binaries/Win64/UE4Editor-WmfMediaFactory.dll (API version 3944462).
LogModuleManager: Display: Found up-to-date module file ../../../Engine/Plugins/Media/WmfMedia/Binaries/Win64/UE4Editor-WmfMediaFactory.dll (API version 3944462).
LogModuleManager: Display: Found up-to-date module file ../../../Engine/Plugins/Messaging/TcpMessaging/Binaries/Win64/UE4Editor-TcpMessaging.dll (API version 3944462).
LogModuleManager: Display: Found up-to-date module file ../../../Engine/Plugins/Messaging/UdpMessaging/Binaries/Win64/UE4Editor-UdpMessaging.dll (API version 3944462).
LogModuleManager: Display: Found up-to-date module file ../../../Engine/Plugins/MovieScene/ActorSequence/Binaries/Win64/UE4Editor-ActorSequence.dll (API version 3944462).
LogModuleManager: Display: Found up-to-date module file ../../../Engine/Plugins/MovieScene/LevelSequenceEditor/Binaries/Win64/UE4Editor-LevelSequenceEditor.dll (API version 3944462).
LogModuleManager: Display: Found up-to-date module file ../../../Engine/Plugins/MovieScene/MatineeToLevelSequence/Binaries/Win64/UE4Editor-MatineeToLevelSequence.dll (API version 3944462).
LogModuleManager: Display: Found up-to-date module file ../../../Engine/Plugins/NetcodeUnitTest/NetcodeUnitTest/Binaries/Win64/UE4Editor-NetcodeUnitTest.dll (API version 3944462).
LogModuleManager: Display: Found up-to-date module file ../../../Engine/Plugins/NetcodeUnitTest/NUTUnrealEngine4/Binaries/Win64/UE4Editor-NUTUnrealEngine4.dll (API version 3944462).
LogModuleManager: Display: Found up-to-date module file ../../../Engine/Plugins/Online/OnlineSubsystem/Binaries/Win64/UE4Editor-OnlineSubsystem.dll (API version 3944462).
LogModuleManager: Display: Found up-to-date module file ../../../Engine/Plugins/Runtime/AndroidPermission/Binaries/Win64/UE4Editor-AndroidPermission.dll (API version 3944462).
LogModuleManager: Display: Found up-to-date module file ../../../Engine/Plugins/Online/OnlineSubsystemNull/Binaries/Win64/UE4Editor-OnlineSubsystemNull.dll (API version 3944462).
LogModuleManager: Display: Found up-to-date module file ../../../Engine/Plugins/Online/OnlineSubsystemUtils/Binaries/Win64/UE4Editor-OnlineSubsystemUtils.dll (API version 3944462).
LogModuleManager: Display: Found up-to-date module file ../../../Engine/Plugins/Online/OnlineSubsystemUtils/Binaries/Win64/UE4Editor-OnlineBlueprintSupport.dll (API version 3944462).
LogModuleManager: Display: Found up-to-date module file ../../../Engine/Plugins/Runtime/AndroidDeviceProfileSelector/Binaries/Win64/UE4Editor-AndroidDeviceProfileSelector.dll (API version 3944462).
LogModuleManager: Display: Found up-to-date module file ../../../Engine/Plugins/Runtime/AppleARKit/Binaries/Win64/UE4Editor-AppleARKit.dll (API version 3944462).
LogModuleManager: Display: Found up-to-date module file ../../../Engine/Plugins/Runtime/ProceduralMeshComponent/Binaries/Win64/UE4Editor-ProceduralMeshComponent.dll (API version 3944462).
LogModuleManager: Display: Found up-to-date module file ../../../Engine/Plugins/Runtime/ProceduralMeshComponent/Binaries/Win64/UE4Editor-ProceduralMeshComponentEditor.dll (API version 3944462).
LogModuleManager: Display: Found up-to-date module file ../../../Engine/Plugins/Animation/LiveLink/Binaries/Win64/UE4Editor-LiveLink.dll (API version 3944462).
LogModuleManager: Display: Found up-to-date module file ../../../Engine/Plugins/Animation/LiveLink/Binaries/Win64/UE4Editor-LiveLinkEditor.dll (API version 3944462).
LogModuleManager: Display: Found up-to-date module file ../../../Engine/Plugins/Runtime/ArchVisCharacter/Binaries/Win64/UE4Editor-ArchVisCharacter.dll (API version 3944462).
LogModuleManager: Display: Found up-to-date module file ../../../Engine/Plugins/Runtime/AudioCapture/Binaries/Win64/UE4Editor-AudioCapture.dll (API version 3944462).
LogModuleManager: Display: Found up-to-date module file ../../../Engine/Plugins/Runtime/AudioCapture/Binaries/Win64/UE4Editor-AudioCaptureEditor.dll (API version 3944462).
LogModuleManager: Display: Found up-to-date module file ../../../Engine/Plugins/Runtime/CableComponent/Binaries/Win64/UE4Editor-CableComponent.dll (API version 3944462).
LogModuleManager: Display: Found up-to-date module file ../../../Engine/Plugins/Runtime/CustomMeshComponent/Binaries/Win64/UE4Editor-CustomMeshComponent.dll (API version 3944462).
LogModuleManager: Display: Found up-to-date module file ../../../Engine/Plugins/Runtime/ExampleDeviceProfileSelector/Binaries/Win64/UE4Editor-ExampleDeviceProfileSelector.dll (API version 3944462).
LogModuleManager: Display: Found up-to-date module file ../../../Engine/Plugins/Runtime/ImmediatePhysics/Binaries/Win64/UE4Editor-ImmediatePhysics.dll (API version 3944462).
LogModuleManager: Display: Found up-to-date module file ../../../Engine/Plugins/Runtime/ImmediatePhysics/Binaries/Win64/UE4Editor-ImmediatePhysicsEditor.dll (API version 3944462).
LogModuleManager: Display: Found up-to-date module file ../../../Engine/Plugins/Runtime/LocationServicesBPLibrary/Binaries/Win64/UE4Editor-LocationServicesBPLibrary.dll (API version 3944462).
LogModuleManager: Display: Found up-to-date module file ../../../Engine/Plugins/Runtime/MobilePatchingUtils/Binaries/Win64/UE4Editor-MobilePatchingUtils.dll (API version 3944462).
LogModuleManager: Display: Found up-to-date module file ../../../Engine/Plugins/Runtime/Oculus/OculusVR/Binaries/Win64/UE4Editor-OculusHMD.dll (API version 3944462).
LogModuleManager: Display: Found up-to-date module file ../../../Engine/Plugins/Runtime/Oculus/OculusVR/Binaries/Win64/UE4Editor-OculusInput.dll (API version 3944462).
LogModuleManager: Display: Found up-to-date module file ../../../Engine/Plugins/Runtime/Oculus/OculusVR/Binaries/Win64/UE4Editor-OculusEditor.dll (API version 3944462).
LogModuleManager: Display: Found up-to-date module file ../../../Engine/Plugins/Runtime/PhysXVehicles/Binaries/Win64/UE4Editor-PhysXVehicles.dll (API version 3944462).
LogModuleManager: Display: Found up-to-date module file ../../../Engine/Plugins/Runtime/PhysXVehicles/Binaries/Win64/UE4Editor-PhysXVehiclesEditor.dll (API version 3944462).
LogModuleManager: Display: Found up-to-date module file ../../../Engine/Plugins/Runtime/RuntimePhysXCooking/Binaries/Win64/UE4Editor-RuntimePhysXCooking.dll (API version 3944462).
LogModuleManager: Display: Found up-to-date module file ../../../Engine/Plugins/Runtime/Steam/SteamVR/Binaries/Win64/UE4Editor-SteamVR.dll (API version 3944462).
LogModuleManager: Display: Found up-to-date module file ../../../Engine/Plugins/Runtime/Steam/SteamVR/Binaries/Win64/UE4Editor-SteamVRController.dll (API version 3944462).
LogModuleManager: Display: Found up-to-date module file ../../../Engine/Plugins/Runtime/WindowsMoviePlayer/Binaries/Win64/UE4Editor-WindowsMoviePlayer.dll (API version 3944462).
LogPluginManager: Mounting plugin Paper2D
LogPluginManager: Mounting plugin LiveLink
LogPluginManager: Mounting plugin LightPropagationVolume
LogPluginManager: Mounting plugin CLionSourceCodeAccess
LogPluginManager: Mounting plugin CodeLiteSourceCodeAccess
LogPluginManager: Mounting plugin GitSourceControl
LogPluginManager: Mounting plugin KDevelopSourceCodeAccess
LogPluginManager: Mounting plugin NullSourceCodeAccess
LogPluginManager: Mounting plugin PerforceSourceControl
LogPluginManager: Mounting plugin SubversionSourceControl
LogPluginManager: Mounting plugin UObjectPlugin
LogPluginManager: Mounting plugin VisualStudioCodeSourceCodeAccess
LogPluginManager: Mounting plugin VisualStudioSourceCodeAccess
LogPluginManager: Mounting plugin XCodeSourceCodeAccess
LogPluginManager: Mounting plugin AssetManagerEditor
LogPluginManager: Mounting plugin CryptoKeys
LogPluginManager: Mounting plugin DataValidation
LogPluginManager: Mounting plugin FacialAnimation
LogPluginManager: Mounting plugin GameplayTagsEditor
LogPluginManager: Mounting plugin MobileLauncherProfileWizard
LogPluginManager: Mounting plugin PluginBrowser
LogPluginManager: Mounting plugin SpeedTreeImporter
LogPluginManager: Mounting plugin DatasmithContent
LogPluginManager: Mounting plugin AlembicImporter
LogPluginManager: Mounting plugin CharacterAI
LogPluginManager: Mounting plugin HTML5Networking
LogPluginManager: Mounting plugin AndroidMedia
LogPluginManager: Mounting plugin AvfMedia
LogPluginManager: Mounting plugin ImgMedia
LogPluginManager: Mounting plugin LinearTimecode
LogPluginManager: Mounting plugin MediaCompositing
LogPluginManager: Mounting plugin MediaPlayerEditor
LogPluginManager: Mounting plugin WmfMedia
LogPluginManager: Mounting plugin TcpMessaging
LogPluginManager: Mounting plugin UdpMessaging
LogPluginManager: Mounting plugin ActorSequence
LogPluginManager: Mounting plugin LevelSequenceEditor
LogPluginManager: Mounting plugin MatineeToLevelSequence
LogPluginManager: Mounting plugin NetcodeUnitTest
LogPluginManager: Mounting plugin NUTUnrealEngine4
LogPluginManager: Mounting plugin OnlineSubsystemGooglePlay
LogPluginManager: Mounting plugin OnlineSubsystemIOS
LogPluginManager: Mounting plugin OnlineSubsystem
LogPluginManager: Mounting plugin OnlineSubsystemNull
LogPluginManager: Mounting plugin OnlineSubsystemUtils
LogPluginManager: Mounting plugin AndroidDeviceProfileSelector
LogPluginManager: Mounting plugin AndroidMoviePlayer
LogPluginManager: Mounting plugin AndroidPermission
LogPluginManager: Mounting plugin AppleARKit
LogPluginManager: Mounting plugin AppleMoviePlayer
LogPluginManager: Mounting plugin ArchVisCharacter
LogPluginManager: Mounting plugin AudioCapture
LogPluginManager: Mounting plugin CableComponent
LogPluginManager: Mounting plugin CustomMeshComponent
LogPluginManager: Mounting plugin ExampleDeviceProfileSelector
LogPluginManager: Mounting plugin GoogleCloudMessaging
LogPluginManager: Mounting plugin ImmediatePhysics
LogPluginManager: Mounting plugin IOSDeviceProfileSelector
LogPluginManager: Mounting plugin LinuxDeviceProfileSelector
LogPluginManager: Mounting plugin LocationServicesBPLibrary
LogPluginManager: Mounting plugin MobilePatchingUtils
LogPluginManager: Mounting plugin OculusVR
LogPluginManager: Plugin shader directory ../../../Engine/Plugins/Runtime/Oculus/OculusVR/Shaders found
LogPluginManager: Mapping shader source directory ../../../Engine/Plugins/Runtime/Oculus/OculusVR/Shaders to virtual directory /Plugin/OculusVR
LogPluginManager: Mounting plugin PhysXVehicles
LogPluginManager: Mounting plugin ProceduralMeshComponent
LogPluginManager: Mounting plugin RuntimePhysXCooking
LogPluginManager: Mounting plugin SteamVR
LogPluginManager: Mounting plugin WindowsMoviePlayer
LogStreaming: Display: Took  0.762s to configure plugins.
LogInit: Using libcurl 7.47.1
LogInit:  - built for x86_64-pc-win32
LogInit:  - supports SSL with OpenSSL/1.0.2g
LogInit:  - supports HTTP deflate (compression) using libz 1.2.8
LogInit:  - other features:
LogInit:      CURL_VERSION_SSL
LogInit:      CURL_VERSION_LIBZ
LogInit:      CURL_VERSION_IPV6
LogInit:      CURL_VERSION_ASYNCHDNS
LogInit:      CURL_VERSION_LARGEFILE
LogInit:      CURL_VERSION_IDN
LogInit:  CurlRequestOptions (configurable via config and command line):
LogInit:  - bVerifyPeer = false  - Libcurl will NOT verify peer certificate
LogInit:  - bUseHttpProxy = false  - Libcurl will NOT use HTTP proxy
LogInit:  - bDontReuseConnections = false  - Libcurl will reuse connections
LogInit:  - CertBundlePath = nullptr  - Libcurl will use whatever was configured at build time.
LogInit:  - MaxHostConnections = 16  - Libcurl will limit the number of connections to a host
LogInit:  - LocalHostAddr = Default
LogInit: WinSock: version 1.1 (2.2), MaxSocks=32767, MaxUdp=65467
LogInit: WinSock: I am T250-2 (144.162.189.124:0)
LogInit: Build: ++UE4+Release-4.19-CL-4033788
LogInit: Engine Version: 4.19.2-4033788+++UE4+Release-4.19
LogInit: Compatible Engine Version: 4.19.0-3944462+++UE4+Release-4.19
LogInit: Net CL: 3944462
LogDevObjectVersion: Number of dev versions registered: 18
LogDevObjectVersion:   Dev-Blueprints (B0D832E4-1F89-4F0D-ACCF-7EB736FD4AA2): 10
LogDevObjectVersion:   Dev-Build (E1C64328-A22C-4D53-A36C-8E866417BD8C): 0
LogDevObjectVersion:   Dev-Core (375EC13C-06E4-48FB-B500-84F0262A717E): 2
LogDevObjectVersion:   Dev-Editor (E4B068ED-F494-42E9-A231-DA0B2E46BB41): 23
LogDevObjectVersion:   Dev-Framework (CFFC743F-43B0-4480-9391-14DF171D2073): 33
LogDevObjectVersion:   Dev-Mobile (B02B49B5-BB20-44E9-A304-32B752E40360): 2
LogDevObjectVersion:   Dev-Networking (A4E4105C-59A1-49B5-A7C5-40C4547EDFEE): 0
LogDevObjectVersion:   Dev-Online (39C831C9-5AE6-47DC-9A44-9C173E1C8E7C): 0
LogDevObjectVersion:   Dev-Physics (78F01B33-EBEA-4F98-B9B4-84EACCB95AA2): 0
LogDevObjectVersion:   Dev-Platform (6631380F-2D4D-43E0-8009-CF276956A95A): 0
LogDevObjectVersion:   Dev-Rendering (12F88B9F-8875-4AFC-A67C-D90C383ABD29): 25
LogDevObjectVersion:   Dev-Sequencer (7B5AE74C-D270-4C10-A958-57980B212A5A): 6
LogDevObjectVersion:   Dev-VR (D7296918-1DD6-4BDD-9DE2-64A83CC13884): 1
LogDevObjectVersion:   Dev-LoadTimes (C2A15278-BFE7-4AFE-6C17-90FF531DF755): 1
LogDevObjectVersion:   Private-Geometry (6EACA3D4-40EC-4CC1-B786-8BED09428FC5): 2
LogDevObjectVersion:   Dev-AnimPhys (29E575DD-E0A3-4627-9D10-D276232CDCEA): 16
LogDevObjectVersion:   Dev-ReflectionCapture (6B266CEC-1EC7-4B8F-A30B-E4D90942FC07): 1
LogDevObjectVersion:   Dev-Automation (0DF73D61-A23F-47EA-B727-89E90C41499A): 1
LogInit: Compiled (64-bit): Apr 27 2018 02:06:57
LogInit: Compiled with Visual C++: 19.00.24215.01
LogInit: Build Configuration: Development
LogInit: Branch Name: ++UE4+Release-4.19
LogInit: Command Line:  
LogInit: Base Directory: C:/Program Files/Epic Games/UE_4.19/Engine/Binaries/Win64/
LogInit: Installed Engine Build: 1
LogStreaming: Display: Took  0.000s to delete old logs.
LogInit: Presizing for max 8388607 objects, including 0 objects not considered by GC, pre-allocating 0 bytes for permanent pool.
LogInit: Object subsystem initialized
[2018.09.27-19.17.02:935][  0]LogInit: Selected Device Profile: [Windows]
[2018.09.27-19.17.02:935][  0]LogInit: Applying CVar settings loaded from the selected device profile: [Windows]
[2018.09.27-19.17.02:962][  0]LogInit: Computer: T250-2
[2018.09.27-19.17.02:962][  0]LogInit: User: student
[2018.09.27-19.17.02:963][  0]LogInit: CPU Page size=4096, Cores=6
[2018.09.27-19.17.02:963][  0]LogInit: High frequency timer resolution =3.312675 MHz
[2018.09.27-19.17.02:963][  0]LogMemory: Memory total: Physical=31.9GB (32GB approx)
[2018.09.27-19.17.02:963][  0]LogMemory: Platform Memory Stats for Windows
[2018.09.27-19.17.02:963][  0]LogMemory: Process Physical Memory: 276.68 MB used, 276.68 MB peak
[2018.09.27-19.17.02:963][  0]LogMemory: Process Virtual Memory: 275.28 MB used, 275.28 MB peak
[2018.09.27-19.17.02:963][  0]LogMemory: Physical Memory: 6095.40 MB used,  26562.64 MB free, 32658.04 MB total
[2018.09.27-19.17.02:963][  0]LogMemory: Virtual Memory: 663.45 MB used,  26562.64 MB free, 8388608.00 MB total
[2018.09.27-19.17.03:007][  0]LogInit: Using OS detected language (en-US).
[2018.09.27-19.17.03:007][  0]LogInit: Using OS detected locale (en-US).
[2018.09.27-19.17.03:010][  0]LogTextLocalizationManager: No specific localization for 'en-US' exists, so the 'en' localization will be used.
[2018.09.27-19.17.03:406][  0]LogStreaming: Display: Took  0.400s to EndInitTextLocalization.
[2018.09.27-19.17.03:407][  0]LogWindows: Failed to load 'shcore.dll' (GetLastError=126)
[2018.09.27-19.17.03:407][  0]LogWindows: File 'shcore.dll' does not exist
[2018.09.27-19.17.03:407][  0]LogInit: Setting process to DPI aware
[2018.09.27-19.17.03:411][  0]LogWindows: Failed to load 'shcore.dll' (GetLastError=126)
[2018.09.27-19.17.03:411][  0]LogWindows: File 'shcore.dll' does not exist
[2018.09.27-19.17.03:411][  0]LogInit: Setting process to DPI aware
[2018.09.27-19.17.03:447][  0]LogSlate: New Slate User Created.  User Index 0, Is Virtual User: 0
[2018.09.27-19.17.03:447][  0]LogSlate: Slate User Registered.  User Index 0, Is Virtual User: 0
[2018.09.27-19.17.03:639][  0]LogD3D11RHI: D3D11 adapters:
[2018.09.27-19.17.03:668][  0]LogD3D11RHI:    0. 'NVIDIA GeForce GTX 1070' (Feature Level 11_0)
[2018.09.27-19.17.03:668][  0]LogD3D11RHI:       8085/0/16073 MB DedicatedVideo/DedicatedSystem/SharedSystem, Outputs:1, VendorId:0x10de
[2018.09.27-19.17.03:668][  0]LogD3D11RHI: Chosen D3D11 Adapter: 0
[2018.09.27-19.17.03:673][  0]LogD3D11RHI: Creating new Direct3DDevice
[2018.09.27-19.17.03:673][  0]LogD3D11RHI:     GPU DeviceId: 0x1b81 (for the marketing name, search the web for "GPU Device Id")
[2018.09.27-19.17.03:673][  0]LogWindows: EnumDisplayDevices:
[2018.09.27-19.17.03:673][  0]LogWindows:    0. 'NVIDIA GeForce GTX 1070' (P:1 D:1)
[2018.09.27-19.17.03:673][  0]LogWindows:    1. 'NVIDIA GeForce GTX 1070' (P:0 D:0)
[2018.09.27-19.17.03:673][  0]LogWindows:    2. 'NVIDIA GeForce GTX 1070' (P:0 D:0)
[2018.09.27-19.17.03:673][  0]LogWindows:    3. 'NVIDIA GeForce GTX 1070' (P:0 D:0)
[2018.09.27-19.17.03:673][  0]LogWindows:    4. 'RDPDD Chained DD' (P:0 D:0)
[2018.09.27-19.17.03:673][  0]LogWindows:    5. 'RDP Encoder Mirror Driver' (P:0 D:0)
[2018.09.27-19.17.03:674][  0]LogWindows:    6. 'RDP Reflector Display Driver' (P:0 D:0)
[2018.09.27-19.17.03:674][  0]LogWindows: DebugString: GetVideoDriverDetailsInvalid PrimaryIsNotTheChoosenAdapter GetVideoDriverDetailsInvalid PrimaryIsNotTheChoosenAdapter GetVideoDriverDetailsInvalid PrimaryIsNotTheChoosenAdapter FoundDriverCount:4 
[2018.09.27-19.17.03:674][  0]LogD3D11RHI:     Adapter Name: NVIDIA GeForce GTX 1070
[2018.09.27-19.17.03:674][  0]LogD3D11RHI:   Driver Version: 382.33 (internal:22.21.13.8233, unified:382.33)
[2018.09.27-19.17.03:674][  0]LogD3D11RHI:      Driver Date: 5-17-2017
[2018.09.27-19.17.03:674][  0]LogRHI: Texture pool is 5659 MB (70% of 8085 MB)
[2018.09.27-19.17.03:684][  0]LogD3D11RHI: [Aftermath] Aftermath enabled but failed to initialize
[2018.09.27-19.17.03:684][  0]LogD3D11RHI: [Aftermath] Aftermath enabled and primed
[2018.09.27-19.17.03:684][  0]LogD3D11RHI: Async texture creation enabled
[2018.09.27-19.17.03:699][  0]LogD3D11RHI: GPU Timing Frequency: 1000.000000 (Debug: 2 2)
[2018.09.27-19.17.03:746][  0]LogShaderCompilers: Guid format shader working directory is 23 characters bigger than the processId version (D:/ProjectSpotlight/trunk/Intermediate/Shaders/WorkingDirectory/2224/).
[2018.09.27-19.17.03:747][  0]LogShaderCompilers: Cleaned the shader compiler working directory 'C:/Users/student/AppData/Local/Temp/UnrealShaderWorkingDir/2CC5A0754A6406DA6322D18A6E051504/'.
[2018.09.27-19.17.03:995][  0]LogTemp: Display: Loaded TP AllDesktopTargetPlatform
[2018.09.27-19.17.04:009][  0]LogTemp: Display: Loaded TP MacClientTargetPlatform
[2018.09.27-19.17.04:022][  0]LogTemp: Display: Loaded TP MacNoEditorTargetPlatform
[2018.09.27-19.17.04:034][  0]LogTemp: Display: Loaded TP MacServerTargetPlatform
[2018.09.27-19.17.04:046][  0]LogTemp: Display: Loaded TP MacTargetPlatform
[2018.09.27-19.17.04:057][  0]LogTemp: Display: Loaded TP WindowsClientTargetPlatform
[2018.09.27-19.17.04:068][  0]LogTemp: Display: Loaded TP WindowsNoEditorTargetPlatform
[2018.09.27-19.17.04:080][  0]LogTemp: Display: Loaded TP WindowsServerTargetPlatform
[2018.09.27-19.17.04:085][  0]LogTemp: Display: Loaded TP WindowsTargetPlatform
[2018.09.27-19.17.04:095][  0]LogTemp: Display: Loaded TP Android_ASTCTargetPlatform
[2018.09.27-19.17.04:106][  0]LogTemp: Display: Loaded TP Android_ATCTargetPlatform
[2018.09.27-19.17.04:116][  0]LogTemp: Display: Loaded TP Android_DXTTargetPlatform
[2018.09.27-19.17.04:126][  0]LogTemp: Display: Loaded TP Android_ETC1aTargetPlatform
[2018.09.27-19.17.04:136][  0]LogTemp: Display: Loaded TP Android_ETC1TargetPlatform
[2018.09.27-19.17.04:146][  0]LogTemp: Display: Loaded TP Android_ETC2TargetPlatform
[2018.09.27-19.17.04:166][  0]LogTemp: Display: Loaded TP Android_MultiTargetPlatform
[2018.09.27-19.17.04:166][  0]LogTemp: Display: Loaded TP Android_PVRTCTargetPlatform
[2018.09.27-19.17.04:196][  0]LogTemp: Display: Loaded TP AndroidTargetPlatform
[2018.09.27-19.17.04:198][  0]LogTemp: Display: Loaded TP HTML5TargetPlatform
[2018.09.27-19.17.04:254][  0]LogTemp: Display: Loaded TP IOSTargetPlatform
[2018.09.27-19.17.04:275][  0]LogTemp: Display: Loaded TP TVOSTargetPlatform
[2018.09.27-19.17.04:293][  0]LogTemp: Display: Loaded TP LinuxClientTargetPlatform
[2018.09.27-19.17.04:303][  0]LogTemp: Display: Loaded TP LinuxNoEditorTargetPlatform
[2018.09.27-19.17.04:313][  0]LogTemp: Display: Loaded TP LinuxServerTargetPlatform
[2018.09.27-19.17.04:323][  0]LogTemp: Display: Loaded TP LinuxTargetPlatform
[2018.09.27-19.17.04:323][  0]LogTargetPlatformManager: Display: Building Assets For Windows
[2018.09.27-19.17.04:432][  0]LogXGEController: Cleaning working directory: C:/Users/student/AppData/Local/Temp/UnrealXGEWorkingDir/
[2018.09.27-19.17.04:432][  0]LogXGEController: Cannot use XGE Controller as Incredibuild is not installed on this machine.
[2018.09.27-19.17.04:432][  0]LogShaderCompilers: Cannot use XGE Shader Compiler as Incredibuild is not installed on this machine.
[2018.09.27-19.17.04:432][  0]LogShaderCompilers: Display: Using Local Shader Compiler.
[2018.09.27-19.17.05:247][  0]LogDerivedDataCache: Display: Max Cache Size: 512 MB
[2018.09.27-19.17.05:347][  0]LogDerivedDataCache: Loaded boot cache 0.10s 74MB C:/Users/student/AppData/Local/UnrealEngine/4.19/DerivedDataCache/Boot.ddc.
[2018.09.27-19.17.05:347][  0]LogDerivedDataCache: Display: Loaded Boot cache: C:/Users/student/AppData/Local/UnrealEngine/4.19/DerivedDataCache/Boot.ddc
[2018.09.27-19.17.05:347][  0]LogDerivedDataCache: FDerivedDataBackendGraph:  Pak pak cache file D:/ProjectSpotlight/trunk/DerivedDataCache/DDC.ddp not found, will not use a pak cache.
[2018.09.27-19.17.05:347][  0]LogDerivedDataCache: Unable to find inner node Pak for hierarchical cache Hierarchy.
[2018.09.27-19.17.05:347][  0]LogDerivedDataCache: FDerivedDataBackendGraph:  CompressedPak pak cache file D:/ProjectSpotlight/trunk/DerivedDataCache/Compressed.ddp not found, will not use a pak cache.
[2018.09.27-19.17.05:347][  0]LogDerivedDataCache: Unable to find inner node CompressedPak for hierarchical cache Hierarchy.
[2018.09.27-19.17.05:364][  0]LogDerivedDataCache: Display: Pak cache opened for reading ../../../Engine/DerivedDataCache/Compressed.ddp.
[2018.09.27-19.17.05:375][  0]LogDerivedDataCache: Using Local data cache path C:/Users/student/AppData/Local/UnrealEngine/Common/DerivedDataCache: Writable
[2018.09.27-19.17.05:375][  0]LogDerivedDataCache: Shared data cache path not found in *engine.ini, will not use an Shared cache.
[2018.09.27-19.17.05:375][  0]LogDerivedDataCache: Unable to find inner node Shared for hierarchical cache Hierarchy.
[2018.09.27-19.17.05:399][  0]LogMaterial: Verifying Global Shaders for PCD3D_SM5
[2018.09.27-19.17.05:400][  0]LogSlate: Using Freetype 2.6.0
[2018.09.27-19.17.05:400][  0]LogSlate: SlateFontCache - WITH_FREETYPE: 1, WITH_HARFBUZZ: 1
[2018.09.27-19.17.05:400][  0]LogSlate: SlateFontCache - WITH_FREETYPE: 1, WITH_HARFBUZZ: 1
[2018.09.27-19.17.05:523][  0]LogAssetRegistry: FAssetRegistry took 0.0236 seconds to start up
[2018.09.27-19.17.05:860][  0]LogInit: Selected Device Profile: [Windows]
[2018.09.27-19.17.06:060][  0]LogSimplygon: Simplygon DLL not present - disabling.
[2018.09.27-19.17.06:062][  0]LogMeshReduction: Using SimplygonSwarm for distributed automatic mesh merging
[2018.09.27-19.17.06:062][  0]LogMeshReduction: Using QuadricMeshReduction for automatic static mesh reduction
[2018.09.27-19.17.06:062][  0]LogMeshReduction: No automatic skeletal mesh reduction module available
[2018.09.27-19.17.06:062][  0]LogMeshReduction: No automatic mesh merging module available
[2018.09.27-19.17.06:062][  0]LogMeshMerging: No automatic mesh merging module available
[2018.09.27-19.17.06:122][  0]LogNetVersion: Spotlight , NetCL: 3944462, EngineNetVer: 2, GameNetVer: 0 (Checksum: 1270383860)
[2018.09.27-19.17.06:696][  0]LogPackageLocalizationCache: Processed 9 localized package path(s) for 2 prioritized culture(s) in 0.082937 seconds
[2018.09.27-19.17.06:701][  0]LogUObjectArray: 36728 objects as part of root set at end of initial load.
[2018.09.27-19.17.06:701][  0]LogUObjectAllocator: 7314312 out of 0 bytes used by permanent object pool.
[2018.09.27-19.17.06:701][  0]LogUObjectArray: CloseDisregardForGC: 0/0 objects in disregard for GC pool
[2018.09.27-19.17.08:628][  0]LogTcpMessaging: Initializing TcpMessaging bridge
[2018.09.27-19.17.08:650][  0]LogUdpMessaging: Initializing bridge on interface 0.0.0.0:0 to multicast group 230.0.0.1:6666.
[2018.09.27-19.17.09:023][  0]SourceControl: Source control is disabled
[2018.09.27-19.17.09:023][  0]SourceControl: Source control is disabled
[2018.09.27-19.17.09:035][  0]SourceControl: Source control is disabled
[2018.09.27-19.17.09:046][  0]SourceControl: Source control is disabled
[2018.09.27-19.17.09:513][  0]LogAndroidPermission: UAndroidPermissionCallbackProxy::GetInstance
[2018.09.27-19.17.09:723][  0]LogOcInput: OculusInput pre-init called
[2018.09.27-19.17.09:855][  0]LogEngine: Initializing Engine...
[2018.09.27-19.17.09:856][  0]LogHMD: Failed to initialize OpenVR with code 110
[2018.09.27-19.17.09:859][  0]LogStats: UGameplayTagsManager::ConstructGameplayTagTree: Construct from data asset -  0.000 s
[2018.09.27-19.17.09:859][  0]LogStats: UGameplayTagsManager::ConstructGameplayTagTree: GameplayTagTreeChangedEvent.Broadcast -  0.000 s
[2018.09.27-19.17.10:185][  0]LogAIModule: Creating AISystem for world Untitled
[2018.09.27-19.17.10:231][  0]LogInit: XAudio2 using 'Speakers (Sound Blaster Recon3Di)' : 2 channels at 48 kHz using 32 bits per sample (channel mask 0x3)
[2018.09.27-19.17.10:267][  0]LogInit: FAudioDevice initialized.
[2018.09.27-19.17.10:382][  0]LogDerivedDataCache: Saved boot cache 0.11s 74MB C:/Users/student/AppData/Local/UnrealEngine/4.19/DerivedDataCache/Boot.ddc.
[2018.09.27-19.17.10:407][  0]LogInit: Texture streaming: Enabled
[2018.09.27-19.17.10:431][  0]LogEngineSessionManager: EngineSessionManager initialized
[2018.09.27-19.17.10:445][  0]LogInit: Transaction tracking system initialized
[2018.09.27-19.17.10:474][  0]BlueprintLog: New page: Editor Load
[2018.09.27-19.17.10:572][  0]LocalizationService: Localization service is disabled
[2018.09.27-19.17.10:695][  0]LogConsoleResponse: Display: 
[2018.09.27-19.17.10:891][  0]LogCook: Display: Max memory allowance for cook 16384mb min free memory 0mb
[2018.09.27-19.17.10:891][  0]LogCook: Display: Mobile HDR setting 1
[2018.09.27-19.17.10:891][  0]LogGameplayTags: Display: UGameplayTagsManager::DoneAddingNativeTags. DelegateIsBound: 0
[2018.09.27-19.17.10:891][  0]LogStats: UGameplayTagsManager::ConstructGameplayTagTree: Construct from data asset -  0.000 s
[2018.09.27-19.17.10:891][  0]LogStats: UGameplayTagsManager::ConstructGameplayTagTree: GameplayTagTreeChangedEvent.Broadcast -  0.000 s
[2018.09.27-19.17.11:333][  0]LogFileCache: Scanning file cache for directory 'D:/ProjectSpotlight/trunk/Content/' took 0.02s
[2018.09.27-19.17.11:333][  0]SourceControl: Source control is disabled
[2018.09.27-19.17.11:334][  0]Cmd: MAP LOAD FILE="D:/ProjectSpotlight/trunk/Content/ThirdPersonBP/Maps/ThirdPersonExampleMap.umap" TEMPLATE=0 SHOWPROGRESS=1 FEATURELEVEL=3
[2018.09.27-19.17.11:334][  0]LightingResults: New page: Lighting Build
[2018.09.27-19.17.11:337][  0]MapCheck: New page: Map Check
[2018.09.27-19.17.11:338][  0]LightingResults: New page: Lighting Build
[2018.09.27-19.17.11:407][  0]LogUObjectGlobals: Created PersistentFrame Addr=0x0000000026323800, Size=64, Default__ThirdPerson_AnimBP_C Function /Game/Mannequin/Animations/ThirdPerson_AnimBP.ThirdPerson_AnimBP_C:ExecuteUbergraph_ThirdPerson_AnimBP
[2018.09.27-19.17.11:417][  0]LogUObjectGlobals: Destroyed PersistentFrame Addr=0x0000000026323800, Size=64
[2018.09.27-19.17.11:417][  0]LogUObjectGlobals: Created PersistentFrame Addr=0x000000002a752fc0, Size=64, Default__ThirdPerson_AnimBP_C Function /Engine/Transient.REINST_ThirdPerson_AnimBP_C_0:ExecuteUbergraph_ThirdPerson_AnimBP
[2018.09.27-19.17.11:425][  0]LogUObjectGlobals: Created PersistentFrame Addr=0x000000002a44e520, Size=72, Default__ThirdPerson_AnimBP_C Function /Game/Mannequin/Animations/ThirdPerson_AnimBP.ThirdPerson_AnimBP_C:ExecuteUbergraph_ThirdPerson_AnimBP
[2018.09.27-19.17.11:467][  0]LogUObjectGlobals: Created PersistentFrame Addr=0x000000002a3e9800, Size=296, Default__ThirdPersonCharacter_C Function /Game/ThirdPersonBP/Blueprints/ThirdPersonCharacter.ThirdPersonCharacter_C:ExecuteUbergraph_ThirdPersonCharacter
[2018.09.27-19.17.11:472][  0]LogUObjectGlobals: Destroyed PersistentFrame Addr=0x000000002a3e9800, Size=296
[2018.09.27-19.17.11:472][  0]LogUObjectGlobals: Created PersistentFrame Addr=0x000000002a3e9800, Size=296, Default__ThirdPersonCharacter_C Function /Engine/Transient.REINST_ThirdPersonCharacter_C_4:ExecuteUbergraph_ThirdPersonCharacter
[2018.09.27-19.17.11:477][  0]LogUObjectGlobals: Created PersistentFrame Addr=0x000000002a36f9c0, Size=296, Default__ThirdPersonCharacter_C Function /Game/ThirdPersonBP/Blueprints/ThirdPersonCharacter.ThirdPersonCharacter_C:ExecuteUbergraph_ThirdPersonCharacter
[2018.09.27-19.17.11:704][  0]LogSkeletalMesh: Skeletal Mesh found in DDC [10.002792ms] /Game/Mannequin/Character/Mesh/SK_Mannequin.SK_Mannequin
[2018.09.27-19.17.11:824][  0]LogAIModule: Creating AISystem for world ThirdPersonExampleMap
[2018.09.27-19.17.11:839][  0]LogEditorServer: Finished looking for orphan Actors (0.000 secs)
[2018.09.27-19.17.11:854][  0]LogUObjectGlobals: Destroyed PersistentFrame Addr=0x000000002a752fc0, Size=64
[2018.09.27-19.17.11:855][  0]LogUObjectGlobals: Destroyed PersistentFrame Addr=0x000000002a3e9800, Size=296
[2018.09.27-19.17.11:856][  0]Cmd: MAP CHECKDEP NOCLEARLOG
[2018.09.27-19.17.11:901][  0]MapCheck: Map check complete: 0 Error(s), 0 Warning(s), took 45.236ms to complete.
[2018.09.27-19.17.11:901][  0]LogFileHelpers: Loading map 'ThirdPersonExampleMap' took 0.568
[2018.09.27-19.17.12:112][  0]LogCollectionManager: Loaded 0 collections in 0.004554 seconds
[2018.09.27-19.17.12:160][  0]LogFileCache: Scanning file cache for directory 'D:/ProjectSpotlight/trunk/Saved/Collections/' took 0.01s
[2018.09.27-19.17.12:160][  0]LogFileCache: Scanning file cache for directory 'D:/ProjectSpotlight/trunk/Content/Developers/student/Collections/' took 0.01s
[2018.09.27-19.17.12:160][  0]LogFileCache: Scanning file cache for directory 'D:/ProjectSpotlight/trunk/Content/Collections/' took 0.01s
[2018.09.27-19.17.12:160][  0]LogCollectionManager: Rebuilt the GUID cache for 0 collections in 0.000000 seconds
[2018.09.27-19.17.12:182][  0]LogContentBrowser: Native class hierarchy populated in 0.0216 seconds. Added 2452 classes and 558 folders.
[2018.09.27-19.17.12:192][  0]LogContentBrowser: Native class hierarchy updated for 'WidgetCarousel' in 0.0003 seconds. Added 0 classes and 0 folders.
[2018.09.27-19.17.12:248][  0]LogContentBrowser: Native class hierarchy updated for 'AddContentDialog' in 0.0002 seconds. Added 0 classes and 0 folders.
[2018.09.27-19.17.12:253][  0]LogContentBrowser: Native class hierarchy updated for 'SceneOutliner' in 0.0002 seconds. Added 1 classes and 2 folders.
[2018.09.27-19.17.12:277][  0]LogSlate: Took 0.000322 seconds to synchronously load lazily loaded font '../../../Engine/Content/Slate/Fonts/Roboto-Regular.ttf' (155K)
[2018.09.27-19.17.12:281][  0]LogSlate: Took 0.000326 seconds to synchronously load lazily loaded font '../../../Engine/Content/Slate/Fonts/Roboto-Bold.ttf' (160K)
[2018.09.27-19.17.12:295][  0]LogSlate: Took 0.000295 seconds to synchronously load lazily loaded font '../../../Engine/Content/Editor/Slate/Fonts/FontAwesome.ttf' (139K)
[2018.09.27-19.17.12:435][  0]LogRenderer: Reallocating scene render targets to support 2172x736 Format 10 NumSamples 1 (Frame:1).
[2018.09.27-19.17.12:640][  0]LogSlate: FSceneViewport::OnFocusLost() reason 2
[2018.09.27-19.17.12:657][  0]LogSlate: Window 'Tutorials' being destroyed
[2018.09.27-19.17.12:685][  0]LogContentBrowser: Native class hierarchy updated for 'HierarchicalLODOutliner' in 0.0003 seconds. Added 0 classes and 0 folders.
[2018.09.27-19.17.12:685][  0]LogLoad: (Engine Initialization) Total time: 12.24 seconds
[2018.09.27-19.17.12:685][  0]LogLoad: (Engine Initialization) Total Blueprint compile time: 0.00 seconds
[2018.09.27-19.17.12:734][  0]LogContentStreaming: Texture pool size now 1000 MB
[2018.09.27-19.17.12:840][  2]LogAssetRegistry: Asset discovery search completed in 7.3373 seconds
[2018.09.27-19.17.12:842][  2]LogCollectionManager: Rebuilt the object cache for 0 collections in 0.000000 seconds (found 0 objects)
[2018.09.27-19.17.12:842][  2]LogCollectionManager: Fixed up redirectors for 0 collections in 0.000038 seconds (updated 0 objects)
[2018.09.27-19.17.15:511][261]LogSlate: FSceneViewport::OnFocusLost() reason 0
[2018.09.27-19.17.15:736][282]LogSlate: Took 0.000311 seconds to synchronously load lazily loaded font '../../../Engine/Content/Slate/Fonts/Roboto-Light.ttf' (167K)
[2018.09.27-19.17.17:801][471]LogFileCache: Retrieving MD5 hashes for directory 'D:/ProjectSpotlight/trunk/Content/' took 5.09s
[2018.09.27-19.17.23:640][115]LogSlate: Took 0.000325 seconds to synchronously load lazily loaded font '../../../Engine/Content/Slate/Fonts/Roboto-Light.ttf' (167K)
[2018.09.27-19.17.24:868][115]LogSlate: Window 'Delete Assets' being destroyed
[2018.09.27-19.17.27:813][243]LogSlate: Window 'Delete Assets' being destroyed
[2018.09.27-19.17.30:510][405]LogSlate: Window 'Delete Assets' being destroyed
[2018.09.27-19.17.42:096][771]LogLinker: Warning: Can't find file '/Game/Charecters/knight/animations/ThirdPerson_Jump'
[2018.09.27-19.17.42:096][771]LogLinker: Warning: Can't find file for asset '/Game/Charecters/knight/animations/ThirdPerson_Jump' while loading D:/ProjectSpotlight/trunk/Content/Charecters/knight/animations/ThirdPerson_AnimBP.uasset.
[2018.09.27-19.17.42:096][771]LoadErrors: Error: /Game/Charecters/knight/animations/ThirdPerson_AnimBP : Can't find file for asset. /Game/Charecters/knight/animations/ThirdPerson_Jump
[2018.09.27-19.17.42:096][771]LogLinker: Warning: Can't find file '/Game/Charecters/knight/animations/ThirdPersonJump_Loop'
[2018.09.27-19.17.42:096][771]LogLinker: Warning: Can't find file for asset '/Game/Charecters/knight/animations/ThirdPersonJump_Loop' while loading D:/ProjectSpotlight/trunk/Content/Charecters/knight/animations/ThirdPerson_AnimBP.uasset.
[2018.09.27-19.17.42:096][771]LoadErrors: Error: /Game/Charecters/knight/animations/ThirdPerson_AnimBP : Can't find file for asset. /Game/Charecters/knight/animations/ThirdPersonJump_Loop
[2018.09.27-19.17.42:096][771]LogLinker: Warning: Can't find file '/Game/Charecters/knight/animations/ThirdPersonJump_Start'
[2018.09.27-19.17.42:097][771]LogLinker: Warning: Can't find file for asset '/Game/Charecters/knight/animations/ThirdPersonJump_Start' while loading D:/ProjectSpotlight/trunk/Content/Charecters/knight/animations/ThirdPerson_AnimBP.uasset.
[2018.09.27-19.17.42:097][771]LoadErrors: Error: /Game/Charecters/knight/animations/ThirdPerson_AnimBP : Can't find file for asset. /Game/Charecters/knight/animations/ThirdPersonJump_Start
[2018.09.27-19.17.42:106][771]LogLinker: Warning: Can't find file '/Game/Charecters/knight/animations/ThirdPerson_Jump'
[2018.09.27-19.17.42:106][771]LogLinker: Warning: Can't find file for asset '/Game/Charecters/knight/animations/ThirdPerson_Jump' while loading D:/ProjectSpotlight/trunk/Content/Charecters/knight/animations/ThirdPerson_AnimBP.uasset.
[2018.09.27-19.17.42:106][771]LogLinker: Warning: Can't find file '/Game/Charecters/knight/animations/ThirdPersonJump_Loop'
[2018.09.27-19.17.42:106][771]LogLinker: Warning: Can't find file for asset '/Game/Charecters/knight/animations/ThirdPersonJump_Loop' while loading D:/ProjectSpotlight/trunk/Content/Charecters/knight/animations/ThirdPerson_AnimBP.uasset.
[2018.09.27-19.17.42:106][771]LogLinker: Warning: Can't find file '/Game/Charecters/knight/animations/ThirdPersonJump_Start'
[2018.09.27-19.17.42:106][771]LogLinker: Warning: Can't find file for asset '/Game/Charecters/knight/animations/ThirdPersonJump_Start' while loading D:/ProjectSpotlight/trunk/Content/Charecters/knight/animations/ThirdPerson_AnimBP.uasset.
[2018.09.27-19.17.42:108][771]LogUObjectGlobals: Created PersistentFrame Addr=0x0000000031e5ca40, Size=72, Default__ThirdPerson_AnimBP_C Function /Game/Charecters/knight/animations/ThirdPerson_AnimBP.ThirdPerson_AnimBP_C:ExecuteUbergraph_ThirdPerson_AnimBP
[2018.09.27-19.17.42:108][771]LogLinker: Warning: Can't find file '/Game/Charecters/knight/animations/ThirdPerson_Jump'
[2018.09.27-19.17.42:108][771]LogLinker: Warning: Can't find file for asset '/Game/Charecters/knight/animations/ThirdPerson_Jump' while loading NULL.
[2018.09.27-19.17.42:108][771]LogLinker: Warning: Can't find file '/Game/Charecters/knight/animations/ThirdPersonJump_Loop'
[2018.09.27-19.17.42:108][771]LogLinker: Warning: Can't find file for asset '/Game/Charecters/knight/animations/ThirdPersonJump_Loop' while loading NULL.
[2018.09.27-19.17.42:108][771]LogLinker: Warning: Can't find file '/Game/Charecters/knight/animations/ThirdPersonJump_Start'
[2018.09.27-19.17.42:108][771]LogLinker: Warning: Can't find file for asset '/Game/Charecters/knight/animations/ThirdPersonJump_Start' while loading NULL.
[2018.09.27-19.17.42:108][771]LogLinker: Warning: Can't find file '/Game/Charecters/knight/animations/ThirdPerson_Jump'
[2018.09.27-19.17.42:108][771]LogLinker: Warning: Can't find file for asset '/Game/Charecters/knight/animations/ThirdPerson_Jump' while loading NULL.
[2018.09.27-19.17.42:108][771]LogLinker: Warning: Can't find file '/Game/Charecters/knight/animations/ThirdPersonJump_Loop'
[2018.09.27-19.17.42:108][771]LogLinker: Warning: Can't find file for asset '/Game/Charecters/knight/animations/ThirdPersonJump_Loop' while loading NULL.
[2018.09.27-19.17.42:108][771]LogLinker: Warning: Can't find file '/Game/Charecters/knight/animations/ThirdPersonJump_Start'
[2018.09.27-19.17.42:109][771]LogLinker: Warning: Can't find file for asset '/Game/Charecters/knight/animations/ThirdPersonJump_Start' while loading NULL.
[2018.09.27-19.17.42:109][771]LogLinker: Warning: Can't find file '/Game/Charecters/knight/animations/ThirdPerson_Jump'
[2018.09.27-19.17.42:109][771]LoadErrors: Failed to load /Game/Charecters/knight/animations/ThirdPerson_Jump.ThirdPerson_Jump Referenced by Default__ThirdPerson_AnimBP_C
[2018.09.27-19.17.42:109][771]LogLinker: Warning: Can't find file for asset '/Game/Charecters/knight/animations/ThirdPerson_Jump' while loading NULL.
[2018.09.27-19.17.42:109][771]LogLinker: Warning: Can't find file '/Game/Charecters/knight/animations/ThirdPersonJump_Loop'
[2018.09.27-19.17.42:109][771]LoadErrors: Failed to load /Game/Charecters/knight/animations/ThirdPersonJump_Loop.ThirdPersonJump_Loop Referenced by Default__ThirdPerson_AnimBP_C
[2018.09.27-19.17.42:109][771]LogLinker: Warning: Can't find file for asset '/Game/Charecters/knight/animations/ThirdPersonJump_Loop' while loading NULL.
[2018.09.27-19.17.42:109][771]LogLinker: Warning: Can't find file '/Game/Charecters/knight/animations/ThirdPersonJump_Start'
[2018.09.27-19.17.42:109][771]LoadErrors: Failed to load /Game/Charecters/knight/animations/ThirdPersonJump_Start.ThirdPersonJump_Start Referenced by Default__ThirdPerson_AnimBP_C
[2018.09.27-19.17.42:109][771]LogLinker: Warning: Can't find file for asset '/Game/Charecters/knight/animations/ThirdPersonJump_Start' while loading NULL.
[2018.09.27-19.17.42:111][771]LogLinker: Warning: Can't find file '/Game/Charecters/knight/animations/ThirdPersonJump_Start'
[2018.09.27-19.17.42:111][771]LoadErrors: Failed to load /Game/Charecters/knight/animations/ThirdPersonJump_Start.ThirdPersonJump_Start Referenced by AnimGraphNode_SequencePlayer_34
[2018.09.27-19.17.42:111][771]LogLinker: Warning: Can't find file for asset '/Game/Charecters/knight/animations/ThirdPersonJump_Start' while loading NULL.
[2018.09.27-19.17.42:112][771]LogLinker: Warning: Can't find file '/Game/Charecters/knight/animations/ThirdPersonJump_Loop'
[2018.09.27-19.17.42:112][771]LoadErrors: Failed to load /Game/Charecters/knight/animations/ThirdPersonJump_Loop.ThirdPersonJump_Loop Referenced by AnimGraphNode_SequencePlayer_40
[2018.09.27-19.17.42:112][771]LogLinker: Warning: Can't find file for asset '/Game/Charecters/knight/animations/ThirdPersonJump_Loop' while loading NULL.
[2018.09.27-19.17.42:112][771]LogLinker: Warning: Can't find file '/Game/Charecters/knight/animations/ThirdPerson_Jump'
[2018.09.27-19.17.42:112][771]LoadErrors: Failed to load /Game/Charecters/knight/animations/ThirdPerson_Jump.ThirdPerson_Jump Referenced by AnimGraphNode_SequencePlayer_46
[2018.09.27-19.17.42:112][771]LogLinker: Warning: Can't find file for asset '/Game/Charecters/knight/animations/ThirdPerson_Jump' while loading NULL.
[2018.09.27-19.17.42:115][771]LogUObjectGlobals: Destroyed PersistentFrame Addr=0x0000000031e5ca40, Size=72
[2018.09.27-19.17.42:115][771]LogUObjectGlobals: Created PersistentFrame Addr=0x000000006d89a2f0, Size=72, Default__ThirdPerson_AnimBP_C Function /Engine/Transient.REINST_ThirdPerson_AnimBP_C_1:ExecuteUbergraph_ThirdPerson_AnimBP
[2018.09.27-19.17.42:117][771]LogBlueprint: Error: [Compiler ThirdPerson_AnimBP] Play (None)  references an unknown sequence
[2018.09.27-19.17.42:118][771]LogBlueprint: Error: [Compiler ThirdPerson_AnimBP] Play (None)  references an unknown sequence
[2018.09.27-19.17.42:118][771]LogBlueprint: Error: [Compiler ThirdPerson_AnimBP] Play (None)  references an unknown sequence
[2018.09.27-19.17.42:118][771]LogBlueprint: Error: [Compiler ThirdPerson_AnimBP] ICE: Player node  Play (None)  was not processed prior to handling a transition getter  Animation Asset  that used it
[2018.09.27-19.17.42:119][771]LogBlueprint: Error: [Compiler ThirdPerson_AnimBP] ICE: Player node  Play (None)  was not processed prior to handling a transition getter  Animation Asset  that used it
[2018.09.27-19.17.42:119][771]LogBlueprint: Error: [Compiler ThirdPerson_AnimBP] Missing allocated node for AnimGraphNode_SequencePlayer_34 while searching for node links - likely due to the node having outstanding errors.
[2018.09.27-19.17.42:119][771]LogBlueprint: Error: [Compiler ThirdPerson_AnimBP] Missing allocated node for AnimGraphNode_SequencePlayer_40 while searching for node links - likely due to the node having outstanding errors.
[2018.09.27-19.17.42:119][771]LogBlueprint: Error: [Compiler ThirdPerson_AnimBP] Missing allocated node for AnimGraphNode_SequencePlayer_46 while searching for node links - likely due to the node having outstanding errors.
[2018.09.27-19.17.42:120][771]LogBlueprint: Error: [Compiler ThirdPerson_AnimBP] Unexpected node type K2Node_TransitionRuleGetter encountered at  Animation Asset
[2018.09.27-19.17.42:120][771]LogBlueprint: Error: [Compiler ThirdPerson_AnimBP] Unexpected node type K2Node_TransitionRuleGetter encountered at  Animation Asset
[2018.09.27-19.17.42:120][771]LogBlueprint: Error: [Compiler ThirdPerson_AnimBP] Unexpected node type K2Node_TransitionRuleGetter encountered at  Animation Asset
[2018.09.27-19.17.42:120][771]LogBlueprint: Error: [Compiler ThirdPerson_AnimBP] Unexpected node type K2Node_TransitionRuleGetter encountered at  Animation Asset
[2018.09.27-19.17.42:121][771]LogUObjectGlobals: Created PersistentFrame Addr=0x0000000036a8d120, Size=72, Default__ThirdPerson_AnimBP_C Function /Game/Charecters/knight/animations/ThirdPerson_AnimBP.ThirdPerson_AnimBP_C:ExecuteUbergraph_ThirdPerson_AnimBP
[2018.09.27-19.17.42:121][771]LogBlueprint: Warning: [Compiler ThirdPerson_AnimBP] [0041.68] Compile of ThirdPerson_AnimBP failed. 12 Fatal Issue(s) 0 Warning(s) [in 7 ms] (/Game/Charecters/knight/animations/ThirdPerson_AnimBP.ThirdPerson_AnimBP)
[2018.09.27-19.17.42:174][771]LogSkeletalMesh: Skeletal Mesh found in DDC [1.479771ms] /Game/Charecters/knight/paladin_j_nordstrom.paladin_j_nordstrom
[2018.09.27-19.17.42:182][771]LogContentBrowser: Native class hierarchy updated for 'SkeletonEditor' in 0.0002 seconds. Added 1 classes and 2 folders.
[2018.09.27-19.17.42:479][771]LogActorComponent: RegisterComponentWithWorld: (/Engine/Transient.World_1:PersistentLevel.Actor_0.DebugSkelMeshComponent_0) Already registered. Aborting.
[2018.09.27-19.17.42:484][771]LogContentBrowser: Native class hierarchy updated for 'PinnedCommandList' in 0.0003 seconds. Added 1 classes and 0 folders.
[2018.09.27-19.17.42:724][771]LogContentBrowser: Native class hierarchy updated for 'BlueprintGraph' in 0.0005 seconds. Added 116 classes and 0 folders.
[2018.09.27-19.17.42:965][771]LogUObjectGlobals: Created PersistentFrame Addr=0x0000000032741b10, Size=4, Default__SKEL_PROTO_BP_AnimBlueprint_0_C Function /Engine/Transient.SKEL_PROTO_BP_AnimBlueprint_0_C:ExecuteUbergraph_PROTO_BP_AnimBlueprint_0
[2018.09.27-19.17.42:966][771]LogUObjectGlobals: Created PersistentFrame Addr=0x0000000032741b08, Size=4, Default__PROTO_BP_AnimBlueprint_0_C Function /Engine/Transient.PROTO_BP_AnimBlueprint_0_C:ExecuteUbergraph_PROTO_BP_AnimBlueprint_0
[2018.09.27-19.17.43:291][771]LogSkeletalMesh: USkeletalMeshComponent::InitArticulated : Bodies already created (/Engine/Transient.World_1:PersistentLevel.Actor_0.DebugSkelMeshComponent_0) - call TermArticulated first.
[2018.09.27-19.17.43:627][771]LogSlate: Took 0.000360 seconds to synchronously load lazily loaded font '../../../Engine/Content/Slate/Fonts/Roboto-BoldCondensed.ttf' (158K)
[2018.09.27-19.17.43:701][771]LogContentBrowser: Native class hierarchy updated for 'ClothingSystemEditorInterface' in 0.0002 seconds. Added 1 classes and 0 folders.
[2018.09.27-19.17.43:777][772]LogSlate: Took 0.000165 seconds to synchronously load lazily loaded font '../../../Engine/Content/Slate/Fonts/Roboto-Italic.ttf' (157K)
[2018.09.27-19.17.46:924][ 11]LogSlate: FSceneViewport::OnFocusLost() reason 0
[2018.09.27-19.17.47:029][ 20]LogSlate: Window 'ThirdPerson_AnimBP' being destroyed
[2018.09.27-19.17.47:031][ 20]LogSlate: Window 'ThirdPerson_AnimBP' being destroyed
[2018.09.27-19.18.20:410][416]LogEditorFactories: Performing atomic reimport of [C:/Users/student/Downloads/blackknightidle.fbx]
[2018.09.27-19.18.20:484][416]LogFbx: Loading FBX Scene from C:/Users/student/Downloads/blackknightidle.fbx
[2018.09.27-19.18.20:507][416]LogFbx: FBX Scene Loaded Succesfully
[2018.09.27-19.18.20:509][416]LogFbx: Parsing AnimStack mixamo.com
[2018.09.27-19.18.20:950][416]LogAnimationCompression: Building Anim DDC data for AnimSequence /Game/Charecters/knight/animations/ThirdPersonIdle.ThirdPersonIdle
[2018.09.27-19.18.20:951][416]LogAnimationCompression: Recompressing (AnimSequence /Engine/Transient.ThirdPersonIdle) using current/default (AnimCompress_RemoveLinearKeys_5) bFirstRecompressUsingCurrentOrDefault(1) bTryAlternateCompressor(0) IsCompressedDataValid(0)
[2018.09.27-19.18.21:036][416]LogEditorFactories: -- imported successfully
[2018.09.27-19.18.26:080][710]LogEditorFactories: Performing atomic reimport of [C:/Users/student/Downloads/blackknightrun.fbx]
[2018.09.27-19.18.26:104][710]LogFbx: Loading FBX Scene from C:/Users/student/Downloads/blackknightrun.fbx
[2018.09.27-19.18.26:123][710]LogFbx: FBX Scene Loaded Succesfully
[2018.09.27-19.18.26:126][710]LogFbx: Parsing AnimStack mixamo.com
[2018.09.27-19.18.26:255][710]LogAnimationCompression: Building Anim DDC data for AnimSequence /Game/Charecters/knight/animations/ThirdPersonRun.ThirdPersonRun
[2018.09.27-19.18.26:255][710]LogAnimationCompression: Recompressing (AnimSequence /Engine/Transient.ThirdPersonRun) using current/default (AnimCompress_RemoveLinearKeys_7) bFirstRecompressUsingCurrentOrDefault(1) bTryAlternateCompressor(0) IsCompressedDataValid(0)
[2018.09.27-19.18.26:281][710]LogEditorFactories: -- imported successfully
[2018.09.27-19.18.29:392][ 39]AssetReimport: New page: Outstanding source content changes 9:18:29 AM
[2018.09.27-19.18.29:396][ 39]LogFactory: FactoryCreateFile: SoundWave with ReimportSoundFactory (0 0 D:/ProjectSpotlight/trunk/Content/Sounds/Footsteps Running On Gravel Sound _ Non Copyrighted Sound Effects.wav)
[2018.09.27-19.18.29:410][ 39]LogFactory: FactoryCreateFile: SoundWave with ReimportSoundFactory (0 0 D:/ProjectSpotlight/trunk/Content/Sounds/sword slash sound effect.wav)
[2018.09.27-19.18.29:432][ 40]LogFactory: FactoryCreateFile: StaticMesh with FbxFactory (0 0 D:/ProjectSpotlight/trunk/Content/Charecters/zombies/Tank Animations/Right Hook.fbx)
[2018.09.27-19.18.29:436][ 40]LogFbx: ItemName: GlobalSettings, ItemCount : 1
[2018.09.27-19.18.29:436][ 40]LogFbx: ItemName: Model, ItemCount : 65
[2018.09.27-19.18.29:436][ 40]LogFbx: ItemName: NodeAttribute, ItemCount : 65
[2018.09.27-19.18.29:436][ 40]LogFbx: ItemName: AnimationStack, ItemCount : 1
[2018.09.27-19.18.29:436][ 40]LogFbx: ItemName: AnimationLayer, ItemCount : 1
[2018.09.27-19.18.29:436][ 40]LogFbx: ItemName: AnimationCurveNode, ItemCount : 54
[2018.09.27-19.18.29:436][ 40]LogFbx: ItemName: AnimationCurve, ItemCount : 315
[2018.09.27-19.18.29:440][ 40]LogFbx: Loading FBX Scene from D:/ProjectSpotlight/trunk/Content/Charecters/zombies/Tank Animations/Right Hook.fbx
[2018.09.27-19.18.29:459][ 40]LogFbx: FBX Scene Loaded Succesfully
[2018.09.27-19.18.32:615][ 40]LogSlate: Window 'FBX Import Options' being destroyed
[2018.09.27-19.18.32:680][ 40]LogUObjectGlobals: Destroyed PersistentFrame Addr=0x000000006d89a2f0, Size=72
[2018.09.27-19.18.32:758][ 41]LogSavePackage: Save=9.40ms
[2018.09.27-19.18.32:758][ 41]LogSavePackage: Moving 'D:/ProjectSpotlight/trunk/Saved/Footsteps_Running_On_Gravel_SounD6C857884CA1F13CEAB50292C0AB21BA.tmp' to 'D:/ProjectSpotlight/trunk/Content/Sounds/Footsteps_Running_On_Gravel_Sound___Non_Copyrighted_Sound_Effects.uasset'
[2018.09.27-19.18.32:760][ 41]LogSavePackage: Display: Finished SavePackage D:/ProjectSpotlight/trunk/Content/Sounds/Footsteps_Running_On_Gravel_Sound___Non_Copyrighted_Sound_Effects.uasset
[2018.09.27-19.18.32:771][ 41]Cmd: OBJ SAVEPACKAGE PACKAGE="/Game/Sounds/sword_slash_sound_effect" FILE="D:/ProjectSpotlight/trunk/Content/Sounds/sword_slash_sound_effect.uasset" SILENT=true
[2018.09.27-19.18.32:781][ 41]LogSavePackage: Save=7.58ms
[2018.09.27-19.18.32:781][ 41]LogSavePackage: Moving 'D:/ProjectSpotlight/trunk/Saved/sword_slash_sound_effectCCFDAB234F26E478FC19AE98F8606FBB.tmp' to 'D:/ProjectSpotlight/trunk/Content/Sounds/sword_slash_sound_effect.uasset'
[2018.09.27-19.18.32:782][ 41]LogSavePackage: Display: Finished SavePackage D:/ProjectSpotlight/trunk/Content/Sounds/sword_slash_sound_effect.uasset
[2018.09.27-19.18.35:792][396]AssetReimport: Importing new asset /Game/Sounds/Footsteps_Running_On_Gravel_Sound___Non_Copyrighted_Sound_Effects.
[2018.09.27-19.18.35:792][396]AssetReimport: Importing new asset /Game/Sounds/sword_slash_sound_effect.
[2018.09.27-19.18.35:792][396]AssetReimport: Importing new asset /Game/Charecters/zombies/Tank_Animations/Right_Hook.
[2018.09.27-19.18.35:792][396]AssetReimport: Failed to import file D:/ProjectSpotlight/trunk/Content/Charecters/zombies/Tank Animations/Right Hook.fbx.
[2018.09.27-19.18.37:001][401]LogEditorFactories: Performing atomic reimport of [C:/Users/student/Downloads/blackknightwalk.fbx]
[2018.09.27-19.18.37:024][401]LogFbx: Loading FBX Scene from C:/Users/student/Downloads/blackknightwalk.fbx
[2018.09.27-19.18.37:044][401]LogFbx: FBX Scene Loaded Succesfully
[2018.09.27-19.18.37:047][401]LogFbx: Parsing AnimStack mixamo.com
[2018.09.27-19.18.37:239][401]LogAnimationCompression: Building Anim DDC data for AnimSequence /Game/Charecters/knight/animations/ThirdPersonWalk.ThirdPersonWalk
[2018.09.27-19.18.37:239][401]LogAnimationCompression: Recompressing (AnimSequence /Engine/Transient.ThirdPersonWalk) using current/default (AnimCompress_RemoveLinearKeys_6) bFirstRecompressUsingCurrentOrDefault(1) bTryAlternateCompressor(0) IsCompressedDataValid(0)
[2018.09.27-19.18.37:289][401]LogEditorFactories: -- imported successfully
[2018.09.27-19.18.41:002][829]LogActorComponent: RegisterComponentWithWorld: (/Engine/Transient.World_8:PersistentLevel.Actor_1.DebugSkelMeshComponent_2) Already registered. Aborting.
[2018.09.27-19.18.41:034][829]LogSkeletalMesh: USkeletalMeshComponent::InitArticulated : Bodies already created (/Engine/Transient.World_8:PersistentLevel.Actor_1.DebugSkelMeshComponent_2) - call TermArticulated first.
[2018.09.27-19.18.41:387][829]LogContentBrowser: Verbose: The majority of assets in the view are of type: AnimSequence
[2018.09.27-19.18.44:655][ 64]LogSlate: FSceneViewport::OnFocusLost() reason 0
[2018.09.27-19.18.44:736][ 71]LogSlate: Window 'ThirdPersonIdle*' being destroyed
[2018.09.27-19.18.44:738][ 71]LogSlate: Window 'ThirdPersonIdle*' being destroyed
[2018.09.27-19.18.50:862][758]Cmd: OBJ SAVEPACKAGE PACKAGE="/Game/Charecters/knight/animations/ThirdPersonIdle" FILE="D:/ProjectSpotlight/trunk/Content/Charecters/knight/animations/ThirdPersonIdle.uasset" SILENT=true
[2018.09.27-19.18.50:889][758]LogSavePackage: Save=17.91ms
[2018.09.27-19.18.50:889][758]LogSavePackage: Moving 'D:/ProjectSpotlight/trunk/Saved/ThirdPersonIdle63643AC144CEF1D1B4D42FB794E83EC1.tmp' to 'D:/ProjectSpotlight/trunk/Content/Charecters/knight/animations/ThirdPersonIdle.uasset'
[2018.09.27-19.18.50:891][758]LogSavePackage: Display: Finished SavePackage D:/ProjectSpotlight/trunk/Content/Charecters/knight/animations/ThirdPersonIdle.uasset
[2018.09.27-19.18.50:918][758]Cmd: OBJ SAVEPACKAGE PACKAGE="/Game/Charecters/knight/animations/ThirdPersonRun" FILE="D:/ProjectSpotlight/trunk/Content/Charecters/knight/animations/ThirdPersonRun.uasset" SILENT=true
[2018.09.27-19.18.50:940][758]LogSavePackage: Save=14.19ms
[2018.09.27-19.18.50:940][758]LogSavePackage: Moving 'D:/ProjectSpotlight/trunk/Saved/ThirdPersonRun4DECB51546BA0C7A5AEC4AA8D947341B.tmp' to 'D:/ProjectSpotlight/trunk/Content/Charecters/knight/animations/ThirdPersonRun.uasset'
[2018.09.27-19.18.50:942][758]LogSavePackage: Display: Finished SavePackage D:/ProjectSpotlight/trunk/Content/Charecters/knight/animations/ThirdPersonRun.uasset
[2018.09.27-19.18.50:964][758]Cmd: OBJ SAVEPACKAGE PACKAGE="/Game/Charecters/knight/animations/ThirdPersonWalk" FILE="D:/ProjectSpotlight/trunk/Content/Charecters/knight/animations/ThirdPersonWalk.uasset" SILENT=true
[2018.09.27-19.18.50:987][758]LogSavePackage: Save=17.70ms
[2018.09.27-19.18.50:987][758]LogSavePackage: Moving 'D:/ProjectSpotlight/trunk/Saved/ThirdPersonWalk33881B7A446F08B1FB9B69810DA5C59E.tmp' to 'D:/ProjectSpotlight/trunk/Content/Charecters/knight/animations/ThirdPersonWalk.uasset'
[2018.09.27-19.18.50:988][758]LogSavePackage: Display: Finished SavePackage D:/ProjectSpotlight/trunk/Content/Charecters/knight/animations/ThirdPersonWalk.uasset
[2018.09.27-19.18.54:074][113]LogSlate: Window 'Spotlight - Unreal Editor' being destroyed
[2018.09.27-19.18.54:305][114]Cmd: QUIT_EDITOR
[2018.09.27-19.18.54:403][114]LogSlate: Slate User Destroyed.  User Index 0, Is Virtual User: 0
[2018.09.27-19.18.54:403][114]LogExit: Preparing to exit.
[2018.09.27-19.18.54:739][114]LogExit: Editor shut down
[2018.09.27-19.18.54:743][114]LogExit: Transaction tracking system shut down
[2018.09.27-19.18.54:743][114]LogUObjectGlobals: Destroyed PersistentFrame Addr=0x000000002a44e520, Size=72
[2018.09.27-19.18.54:744][114]LogUObjectGlobals: Destroyed PersistentFrame Addr=0x000000002a36f9c0, Size=296
[2018.09.27-19.18.54:747][114]LogUObjectGlobals: Destroyed PersistentFrame Addr=0x0000000036a8d120, Size=72
[2018.09.27-19.18.54:750][114]LogUObjectGlobals: Destroyed PersistentFrame Addr=0x0000000032741b10, Size=4
[2018.09.27-19.18.54:750][114]LogUObjectGlobals: Destroyed PersistentFrame Addr=0x0000000032741b08, Size=4
[2018.09.27-19.18.54:872][114]LogDirectoryWatcher: A directory notification for '../../../Engine/Content/' was aborted.
[2018.09.27-19.18.54:872][114]LogDirectoryWatcher: A directory notification for 'D:/ProjectSpotlight/trunk/Content/' was aborted.
[2018.09.27-19.18.54:872][114]LogDirectoryWatcher: A directory notification for '../../Plugins/2D/Paper2D/Content/' was aborted.
[2018.09.27-19.18.54:872][114]LogDirectoryWatcher: A directory notification for '../../Plugins/Enterprise/DatasmithContent/Content/' was aborted.
[2018.09.27-19.18.54:873][114]LogDirectoryWatcher: A directory notification for '../../Plugins/Media/MediaCompositing/Content/' was aborted.
[2018.09.27-19.18.54:873][114]LogDirectoryWatcher: A directory notification for '../../Plugins/Runtime/AppleARKit/Content/' was aborted.
[2018.09.27-19.18.54:873][114]LogDirectoryWatcher: A directory notification for '../../Plugins/Runtime/Oculus/OculusVR/Content/' was aborted.
[2018.09.27-19.18.54:873][114]LogDirectoryWatcher: A directory notification for '../../Plugins/Runtime/Steam/SteamVR/Content/' was aborted.
[2018.09.27-19.18.54:999][114]LogExit: Object subsystem successfully closed.
[2018.09.27-19.18.55:027][114]LogShaderCompilers: Display: Shaders left to compile 0
[2018.09.27-19.18.55:031][114]LogD3D11RHI: Shutdown
[2018.09.27-19.18.55:031][114]LogD3D11RHI: CleanupD3DDevice
[2018.09.27-19.18.55:033][114]LogD3D11RHI: ~FD3D11DynamicRHI
[2018.09.27-19.18.55:043][114]LogModuleManager: Shutting down and abandoning module AnimationEditor (586)
[2018.09.27-19.18.55:043][114]LogModuleManager: Shutting down and abandoning module ClothingSystemEditorInterface (584)
[2018.09.27-19.18.55:044][114]LogModuleManager: Shutting down and abandoning module BlueprintGraph (582)
[2018.09.27-19.18.55:044][114]LogModuleManager: Shutting down and abandoning module PinnedCommandList (580)
[2018.09.27-19.18.55:044][114]LogModuleManager: Shutting down and abandoning module SkeletonEditor (578)
[2018.09.27-19.18.55:044][114]LogModuleManager: Shutting down and abandoning module AnimationBlueprintEditor (576)
[2018.09.27-19.18.55:044][114]LogModuleManager: Shutting down and abandoning module HierarchicalLODOutliner (574)
[2018.09.27-19.18.55:044][114]LogModuleManager: Shutting down and abandoning module SceneOutliner (572)
[2018.09.27-19.18.55:044][114]LogModuleManager: Shutting down and abandoning module AddContentDialog (570)
[2018.09.27-19.18.55:044][114]LogDirectoryWatcher: A directory notification for 'C:/Program Files/Epic Games/UE_4.19/FeaturePacks/' was aborted.
[2018.09.27-19.18.55:044][114]LogModuleManager: Shutting down and abandoning module WidgetCarousel (569)
[2018.09.27-19.18.55:044][114]LogModuleManager: Shutting down and abandoning module EditorWidgets (566)
[2018.09.27-19.18.55:044][114]LogModuleManager: Shutting down and abandoning module CollectionManager (564)
[2018.09.27-19.18.55:044][114]LogDirectoryWatcher: A directory notification for 'D:/ProjectSpotlight/trunk/Content/Collections/' was aborted.
[2018.09.27-19.18.55:045][114]LogDirectoryWatcher: A directory notification for 'D:/ProjectSpotlight/trunk/Content/Developers/student/Collections/' was aborted.
[2018.09.27-19.18.55:045][114]LogDirectoryWatcher: A directory notification for 'D:/ProjectSpotlight/trunk/Saved/Collections/' was aborted.
[2018.09.27-19.18.55:045][114]LogModuleManager: Shutting down and abandoning module StatsViewer (562)
[2018.09.27-19.18.55:045][114]LogModuleManager: Shutting down and abandoning module FoliageEdit (560)
[2018.09.27-19.18.55:045][114]LogModuleManager: Shutting down and abandoning module LandscapeEditor (558)
[2018.09.27-19.18.55:045][114]LogModuleManager: Shutting down and abandoning module MeshPaintMode (556)
[2018.09.27-19.18.55:045][114]LogModuleManager: Shutting down and abandoning module SceneDepthPickerMode (554)
[2018.09.27-19.18.55:045][114]LogModuleManager: Shutting down and abandoning module ActorPickerMode (552)
[2018.09.27-19.18.55:045][114]LogModuleManager: Shutting down and abandoning module GeometryMode (550)
[2018.09.27-19.18.55:045][114]LogModuleManager: Shutting down and abandoning module TextureAlignMode (548)
[2018.09.27-19.18.55:045][114]LogModuleManager: Shutting down and abandoning module BspMode (546)
[2018.09.27-19.18.55:045][114]LogModuleManager: Shutting down and abandoning module PIEPreviewDeviceProfileSelector (544)
[2018.09.27-19.18.55:045][114]LogModuleManager: Shutting down and abandoning module HardwareSurvey (542)
[2018.09.27-19.18.55:045][114]LogModuleManager: Shutting down and abandoning module SequenceRecorderSections (540)
[2018.09.27-19.18.55:045][114]LogModuleManager: Shutting down and abandoning module AutomationWorker (538)
[2018.09.27-19.18.55:045][114]LogModuleManager: Shutting down and abandoning module AudioCaptureEditor (536)
[2018.09.27-19.18.55:045][114]LogModuleManager: Shutting down and abandoning module SequenceRecorder (535)
[2018.09.27-19.18.55:045][114]LogModuleManager: Shutting down and abandoning module MatineeToLevelSequence (532)
[2018.09.27-19.18.55:045][114]LogModuleManager: Shutting down and abandoning module LevelSequenceEditor (530)
[2018.09.27-19.18.55:045][114]LogModuleManager: Shutting down and abandoning module PlacementMode (529)
[2018.09.27-19.18.55:045][114]LogModuleManager: Shutting down and abandoning module MaterialEditor (528)
[2018.09.27-19.18.55:045][114]LogModuleManager: Shutting down and abandoning module WmfMediaFactory (524)
[2018.09.27-19.18.55:045][114]LogModuleManager: Shutting down and abandoning module WmfMediaEditor (522)
[2018.09.27-19.18.55:045][114]LogModuleManager: Shutting down and abandoning module MediaPlayerEditor (520)
[2018.09.27-19.18.55:045][114]LogModuleManager: Shutting down and abandoning module OpenExrWrapper (518)
[2018.09.27-19.18.55:045][114]LogModuleManager: Shutting down and abandoning module ImgMediaFactory (516)
[2018.09.27-19.18.55:045][114]LogModuleManager: Shutting down and abandoning module ImgMediaEditor (514)
[2018.09.27-19.18.55:045][114]LogModuleManager: Shutting down and abandoning module AvfMediaFactory (512)
[2018.09.27-19.18.55:045][114]LogModuleManager: Shutting down and abandoning module AvfMediaEditor (510)
[2018.09.27-19.18.55:045][114]LogModuleManager: Shutting down and abandoning module AndroidMediaFactory (508)
[2018.09.27-19.18.55:045][114]LogModuleManager: Shutting down and abandoning module AndroidMediaEditor (506)
[2018.09.27-19.18.55:045][114]LogModuleManager: Shutting down and abandoning module CharacterAI (504)
[2018.09.27-19.18.55:045][114]LogModuleManager: Shutting down and abandoning module SmartSnapping (502)
[2018.09.27-19.18.55:045][114]LogModuleManager: Shutting down and abandoning module SessionServices (500)
[2018.09.27-19.18.55:045][114]LogModuleManager: Shutting down and abandoning module ViewportSnapping (498)
[2018.09.27-19.18.55:045][114]LogModuleManager: Shutting down and abandoning module ViewportInteraction (496)
[2018.09.27-19.18.55:045][114]LogModuleManager: Shutting down and abandoning module ClothPainter (494)
[2018.09.27-19.18.55:045][114]LogModuleManager: Shutting down and abandoning module SkeletalMeshEditor (493)
[2018.09.27-19.18.55:045][114]LogModuleManager: Shutting down and abandoning module LogVisualizer (490)
[2018.09.27-19.18.55:045][114]LogModuleManager: Shutting down and abandoning module IntroTutorials (488)
[2018.09.27-19.18.55:046][114]LogModuleManager: Shutting down and abandoning module GameProjectGeneration (487)
[2018.09.27-19.18.55:046][114]LogModuleManager: Shutting down and abandoning module IOSPlatformEditor (484)
[2018.09.27-19.18.55:046][114]LogModuleManager: Shutting down and abandoning module HTML5PlatformEditor (482)
[2018.09.27-19.18.55:046][114]LogModuleManager: Shutting down and abandoning module AndroidPlatformEditor (480)
[2018.09.27-19.18.55:046][114]LogModuleManager: Shutting down and abandoning module AndroidDeviceDetection (479)
[2018.09.27-19.18.55:636][114]LogModuleManager: Shutting down and abandoning module WindowsPlatformEditor (476)
[2018.09.27-19.18.55:636][114]LogModuleManager: Shutting down and abandoning module IOSRuntimeSettings (474)
[2018.09.27-19.18.55:636][114]LogModuleManager: Shutting down and abandoning module AndroidRuntimeSettings (472)
[2018.09.27-19.18.55:636][114]LogModuleManager: Shutting down and abandoning module InputBindingEditor (470)
[2018.09.27-19.18.55:637][114]LogModuleManager: Shutting down and abandoning module MergeActors (468)
[2018.09.27-19.18.55:637][114]LogModuleManager: Shutting down and abandoning module LocalizationDashboard (466)
[2018.09.27-19.18.55:637][114]LogModuleManager: Shutting down and abandoning module LocalizationService (465)
[2018.09.27-19.18.55:637][114]LogModuleManager: Shutting down and abandoning module HardwareTargeting (462)
[2018.09.27-19.18.55:637][114]LogModuleManager: Shutting down and abandoning module DeviceProfileEditor (460)
[2018.09.27-19.18.55:637][114]LogModuleManager: Shutting down and abandoning module UndoHistory (458)
[2018.09.27-19.18.55:637][114]LogModuleManager: Shutting down and abandoning module XmlParser (456)
[2018.09.27-19.18.55:637][114]LogModuleManager: Shutting down and abandoning module Blutility (454)
[2018.09.27-19.18.55:637][114]LogModuleManager: Shutting down and abandoning module ProjectSettingsViewer (452)
[2018.09.27-19.18.55:637][114]LogModuleManager: Shutting down and abandoning module ProjectTargetPlatformEditor (451)
[2018.09.27-19.18.55:637][114]LogModuleManager: Shutting down and abandoning module EditorSettingsViewer (448)
[2018.09.27-19.18.55:637][114]LogModuleManager: Shutting down and abandoning module SettingsEditor (446)
[2018.09.27-19.18.55:637][114]LogModuleManager: Shutting down and abandoning module ProjectLauncher (444)
[2018.09.27-19.18.55:638][114]LogModuleManager: Shutting down and abandoning module SessionFrontend (442)
[2018.09.27-19.18.55:638][114]LogModuleManager: Shutting down and abandoning module ProfilerClient (440)
[2018.09.27-19.18.55:638][114]LogModuleManager: Shutting down and abandoning module DeviceManager (438)
[2018.09.27-19.18.55:638][114]LogModuleManager: Shutting down and abandoning module TargetDeviceServices (437)
[2018.09.27-19.18.55:688][114]LogModuleManager: Shutting down and abandoning module AutomationController (434)
[2018.09.27-19.18.55:688][114]LogModuleManager: Shutting down and abandoning module AutomationWindow (432)
[2018.09.27-19.18.55:688][114]LogModuleManager: Shutting down and abandoning module Layers (430)
[2018.09.27-19.18.55:688][114]LogModuleManager: Shutting down and abandoning module ComponentVisualizers (428)
[2018.09.27-19.18.55:688][114]LogModuleManager: Shutting down and abandoning module DetailCustomizations (426)
[2018.09.27-19.18.55:688][114]LogModuleManager: Shutting down and abandoning module PackagesDialog (424)
[2018.09.27-19.18.55:688][114]LogModuleManager: Shutting down and abandoning module Persona (422)
[2018.09.27-19.18.55:688][114]LogModuleManager: Shutting down and abandoning module AdvancedPreviewScene (421)
[2018.09.27-19.18.55:688][114]LogModuleManager: Shutting down and abandoning module AnimGraph (419)
[2018.09.27-19.18.55:689][114]LogModuleManager: Shutting down and abandoning module Kismet (416)
[2018.09.27-19.18.55:700][114]LogModuleManager: Shutting down and abandoning module GraphEditor (414)
[2018.09.27-19.18.55:700][114]LogModuleManager: Shutting down and abandoning module ClassViewer (412)
[2018.09.27-19.18.55:700][114]LogModuleManager: Shutting down and abandoning module Toolbox (410)
[2018.09.27-19.18.55:700][114]LogModuleManager: Shutting down and abandoning module ModuleUI (408)
[2018.09.27-19.18.55:700][114]LogModuleManager: Shutting down and abandoning module MovieSceneTools (406)
[2018.09.27-19.18.55:701][114]LogModuleManager: Shutting down and abandoning module OutputLog (404)
[2018.09.27-19.18.55:701][114]LogModuleManager: Shutting down and abandoning module GammaUI (402)
[2018.09.27-19.18.55:701][114]LogModuleManager: Shutting down and abandoning module Documentation (400)
[2018.09.27-19.18.55:701][114]LogModuleManager: Shutting down and abandoning module MovieSceneTracks (398)
[2018.09.27-19.18.55:701][114]LogModuleManager: Shutting down and abandoning module MovieScene (396)
[2018.09.27-19.18.55:701][114]LogModuleManager: Shutting down and abandoning module StreamingPauseRendering (394)
[2018.09.27-19.18.55:701][114]LogModuleManager: Shutting down and abandoning module LauncherPlatform (392)
[2018.09.27-19.18.55:701][114]LogModuleManager: Shutting down and abandoning module AnalyticsET (390)
[2018.09.27-19.18.55:701][114]LogModuleManager: Shutting down and abandoning module PortalServices (388)
[2018.09.27-19.18.55:701][114]LogModuleManager: Shutting down and abandoning module PortalRpc (386)
[2018.09.27-19.18.55:701][114]LogModuleManager: Shutting down and abandoning module MessagingRpc (384)
[2018.09.27-19.18.55:701][114]LogModuleManager: Shutting down and abandoning module AIModule (382)
[2018.09.27-19.18.55:701][114]LogModuleManager: Shutting down and abandoning module GameplayDebugger (381)
[2018.09.27-19.18.55:701][114]LogModuleManager: Shutting down and abandoning module AITestSuite (379)
[2018.09.27-19.18.55:701][114]LogModuleManager: Shutting down and abandoning module DesktopPlatform (376)
[2018.09.27-19.18.55:701][114]LogModuleManager: Shutting down and abandoning module ProfilerService (374)
[2018.09.27-19.18.55:777][114]LogModuleManager: Shutting down and abandoning module TaskGraph (372)
[2018.09.27-19.18.55:777][114]LogModuleManager: Shutting down and abandoning module SteamVRController (370)
[2018.09.27-19.18.55:777][114]LogModuleManager: Shutting down and abandoning module ProceduralMeshComponentEditor (368)
[2018.09.27-19.18.55:777][114]LogModuleManager: Shutting down and abandoning module ProceduralMeshComponent (366)
[2018.09.27-19.18.55:777][114]LogModuleManager: Shutting down and abandoning module OculusInput (364)
[2018.09.27-19.18.55:777][114]LogModuleManager: Shutting down and abandoning module MobilePatchingUtils (362)
[2018.09.27-19.18.55:777][114]LogModuleManager: Shutting down and abandoning module CustomMeshComponent (360)
[2018.09.27-19.18.55:777][114]LogModuleManager: Shutting down and abandoning module CableComponent (358)
[2018.09.27-19.18.55:777][114]LogModuleManager: Shutting down and abandoning module AudioCapture (356)
[2018.09.27-19.18.55:777][114]LogModuleManager: Shutting down and abandoning module ArchVisCharacter (354)
[2018.09.27-19.18.55:777][114]LogModuleManager: Shutting down and abandoning module AndroidPermission (352)
[2018.09.27-19.18.55:777][114]LogModuleManager: Shutting down and abandoning module NUTUnrealEngine4 (348)
[2018.09.27-19.18.55:777][114]LogModuleManager: Shutting down and abandoning module NetcodeUnitTest (346)
[2018.09.27-19.18.55:777][114]LogModuleManager: Shutting down and abandoning module MediaCompositingEditor (344)
[2018.09.27-19.18.55:777][114]LogModuleManager: Shutting down and abandoning module MediaCompositing (342)
[2018.09.27-19.18.55:777][114]LogModuleManager: Shutting down and abandoning module LinearTimecode (340)
[2018.09.27-19.18.55:777][114]LogModuleManager: Shutting down and abandoning module ImgMedia (338)
[2018.09.27-19.18.55:783][114]LogModuleManager: Shutting down and abandoning module HTML5Networking (336)
[2018.09.27-19.18.55:783][114]LogModuleManager: Shutting down and abandoning module AlembicImporter (334)
[2018.09.27-19.18.55:783][114]LogModuleManager: Shutting down and abandoning module AlembicLibrary (333)
[2018.09.27-19.18.55:783][114]LogModuleManager: Shutting down and abandoning module GeometryCache (332)
[2018.09.27-19.18.55:783][114]LogModuleManager: Shutting down and abandoning module GeometryCacheEd (331)
[2018.09.27-19.18.55:783][114]LogModuleManager: Shutting down and abandoning module DatasmithContent (326)
[2018.09.27-19.18.55:783][114]LogModuleManager: Shutting down and abandoning module SpeedTreeImporter (324)
[2018.09.27-19.18.55:783][114]LogModuleManager: Shutting down and abandoning module PluginBrowser (322)
[2018.09.27-19.18.55:784][114]LogModuleManager: Shutting down and abandoning module MobileLauncherProfileWizard (320)
[2018.09.27-19.18.55:784][114]LogModuleManager: Shutting down and abandoning module CryptoKeysOpenSSL (318)
[2018.09.27-19.18.55:784][114]LogModuleManager: Shutting down and abandoning module CryptoKeys (316)
[2018.09.27-19.18.55:784][114]LogModuleManager: Shutting down and abandoning module VisualStudioSourceCodeAccess (314)
[2018.09.27-19.18.55:784][114]LogModuleManager: Shutting down and abandoning module VisualStudioCodeSourceCodeAccess (312)
[2018.09.27-19.18.55:784][114]LogModuleManager: Shutting down and abandoning module UObjectPlugin (310)
[2018.09.27-19.18.55:784][114]LogModuleManager: Shutting down and abandoning module SubversionSourceControl (308)
[2018.09.27-19.18.55:784][114]LogModuleManager: Shutting down and abandoning module PerforceSourceControl (306)
[2018.09.27-19.18.55:784][114]LogModuleManager: Shutting down and abandoning module GitSourceControl (304)
[2018.09.27-19.18.55:784][114]LogModuleManager: Shutting down and abandoning module SourceControl (303)
[2018.09.27-19.18.55:784][114]LogModuleManager: Shutting down and abandoning module CLionSourceCodeAccess (300)
[2018.09.27-19.18.55:784][114]LogModuleManager: Shutting down and abandoning module LightPropagationVolumeEditor (298)
[2018.09.27-19.18.55:784][114]LogModuleManager: Shutting down and abandoning module PaperTiledImporter (296)
[2018.09.27-19.18.55:784][114]LogModuleManager: Shutting down and abandoning module PaperSpriteSheetImporter (294)
[2018.09.27-19.18.55:784][114]LogModuleManager: Shutting down and abandoning module Paper2DEditor (292)
[2018.09.27-19.18.55:784][114]LogModuleManager: Shutting down and abandoning module MeshPaint (291)
[2018.09.27-19.18.55:784][114]LogModuleManager: Shutting down and abandoning module RuntimePhysXCooking (288)
[2018.09.27-19.18.55:785][114]LogModuleManager: Shutting down and abandoning module PhysXVehiclesEditor (286)
[2018.09.27-19.18.55:785][114]LogModuleManager: Shutting down and abandoning module PhysXVehicles (284)
[2018.09.27-19.18.55:785][114]LogModuleManager: Shutting down and abandoning module OculusEditor (282)
[2018.09.27-19.18.55:785][114]LogModuleManager: Shutting down and abandoning module LocationServicesBPLibrary (280)
[2018.09.27-19.18.55:785][114]LogModuleManager: Shutting down and abandoning module ImmediatePhysicsEditor (278)
[2018.09.27-19.18.55:785][114]LogModuleManager: Shutting down and abandoning module ImmediatePhysics (276)
[2018.09.27-19.18.55:785][114]LogModuleManager: Shutting down and abandoning module ActorSequence (274)
[2018.09.27-19.18.55:785][114]LogModuleManager: Shutting down and abandoning module UdpMessaging (272)
[2018.09.27-19.18.55:885][114]LogModuleManager: Shutting down and abandoning module TcpMessaging (270)
[2018.09.27-19.18.55:985][114]LogModuleManager: Shutting down and abandoning module GameplayTagsEditor (268)
[2018.09.27-19.18.55:985][114]LogModuleManager: Shutting down and abandoning module FacialAnimationEditor (266)
[2018.09.27-19.18.55:985][114]LogModuleManager: Shutting down and abandoning module FacialAnimation (264)
[2018.09.27-19.18.55:985][114]LogModuleManager: Shutting down and abandoning module DataValidation (262)
[2018.09.27-19.18.55:985][114]LogModuleManager: Shutting down and abandoning module AssetManagerEditor (260)
[2018.09.27-19.18.55:985][114]LogModuleManager: Shutting down and abandoning module LevelEditor (259)
[2018.09.27-19.18.55:987][114]LogModuleManager: Shutting down and abandoning module PixelInspectorModule (258)
[2018.09.27-19.18.55:987][114]LogModuleManager: Shutting down and abandoning module CommonMenuExtensions (256)
[2018.09.27-19.18.55:987][114]LogModuleManager: Shutting down and abandoning module MainFrame (254)
[2018.09.27-19.18.55:987][114]LogModuleManager: Shutting down and abandoning module HotReload (253)
[2018.09.27-19.18.55:989][114]LogModuleManager: Shutting down and abandoning module ContentBrowser (249)
[2018.09.27-19.18.55:991][114]LogModuleManager: Shutting down and abandoning module TreeMap (247)
[2018.09.27-19.18.55:991][114]LogModuleManager: Shutting down and abandoning module LightPropagationVolumeRuntime (244)
[2018.09.27-19.18.55:991][114]LogModuleManager: Shutting down and abandoning module LiveLinkEditor (242)
[2018.09.27-19.18.55:991][114]LogModuleManager: Shutting down and abandoning module LiveLink (240)
[2018.09.27-19.18.56:373][114]LogModuleManager: Shutting down and abandoning module Paper2D (238)
[2018.09.27-19.18.56:373][114]LogModuleManager: Shutting down and abandoning module WindowsMoviePlayer (236)
[2018.09.27-19.18.56:373][114]LogModuleManager: Shutting down and abandoning module WmfMedia (234)
[2018.09.27-19.18.56:374][114]LogModuleManager: Shutting down and abandoning module Media (233)
[2018.09.27-19.18.56:379][114]LogModuleManager: Shutting down and abandoning module PacketHandler (230)
[2018.09.27-19.18.56:379][114]LogModuleManager: Shutting down and abandoning module ClothingSystemEditor (228)
[2018.09.27-19.18.56:379][114]LogModuleManager: Shutting down and abandoning module ClothingSystemRuntime (226)
[2018.09.27-19.18.56:380][114]LogModuleManager: Shutting down and abandoning module MediaAssets (224)
[2018.09.27-19.18.56:380][114]LogModuleManager: Shutting down and abandoning module Overlay (222)
[2018.09.27-19.18.56:380][114]LogModuleManager: Shutting down and abandoning module OverlayEditor (221)
[2018.09.27-19.18.56:380][114]LogModuleManager: Shutting down and abandoning module VREditor (218)
[2018.09.27-19.18.56:380][114]LogModuleManager: Shutting down and abandoning module StringTableEditor (216)
[2018.09.27-19.18.56:380][114]LogModuleManager: Shutting down and abandoning module GameplayTasksEditor (214)
[2018.09.27-19.18.56:380][114]LogModuleManager: Shutting down and abandoning module BehaviorTreeEditor (212)
[2018.09.27-19.18.56:380][114]LogModuleManager: Shutting down and abandoning module FunctionalTesting (210)
[2018.09.27-19.18.56:380][114]LogModuleManager: Shutting down and abandoning module CollisionAnalyzer (208)
[2018.09.27-19.18.56:380][114]LogModuleManager: Shutting down and abandoning module WorkspaceMenuStructure (207)
[2018.09.27-19.18.56:380][114]LogModuleManager: Shutting down and abandoning module UMG (204)
[2018.09.27-19.18.56:380][114]LogModuleManager: Shutting down and abandoning module UMGEditor (203)
[2018.09.27-19.18.56:380][114]LogModuleManager: Shutting down and abandoning module Sequencer (202)
[2018.09.27-19.18.56:380][114]LogModuleManager: Shutting down and abandoning module MessageLog (199)
[2018.09.27-19.18.56:380][114]LogModuleManager: Shutting down and abandoning module SlateReflector (194)
[2018.09.27-19.18.56:381][114]LogModuleManager: Shutting down and abandoning module Slate (192)
[2018.09.27-19.18.56:381][114]LogModuleManager: Shutting down and abandoning module EditorStyle (190)
[2018.09.27-19.18.56:384][114]LogModuleManager: Shutting down and abandoning module MRMesh (188)
[2018.09.27-19.18.56:384][114]LogModuleManager: Shutting down and abandoning module SourceCodeAccess (186)
[2018.09.27-19.18.56:384][114]LogModuleManager: Shutting down and abandoning module HeadMountedDisplay (184)
[2018.09.27-19.18.56:384][114]LogModuleManager: Shutting down and abandoning module XAudio2 (182)
[2018.09.27-19.18.56:384][114]LogModuleManager: Shutting down and abandoning module Networking (180)
[2018.09.27-19.18.56:384][114]LogModuleManager: Shutting down and abandoning module Core (178)
[2018.09.27-19.18.56:384][114]LogModuleManager: Shutting down and abandoning module LevelSequence (176)
[2018.09.27-19.18.56:385][114]LogModuleManager: Shutting down and abandoning module KismetCompiler (174)
[2018.09.27-19.18.56:385][114]LogModuleManager: Shutting down and abandoning module MeshUtilities (172)
[2018.09.27-19.18.56:385][114]LogModuleManager: Shutting down and abandoning module MeshMergeUtilities (171)
[2018.09.27-19.18.56:385][114]LogModuleManager: Shutting down and abandoning module MeshReductionInterface (170)
[2018.09.27-19.18.56:385][114]LogModuleManager: Shutting down and abandoning module SimplygonSwarm (169)
[2018.09.27-19.18.56:385][114]LogModuleManager: Shutting down and abandoning module SimplygonMeshReduction (167)
[2018.09.27-19.18.56:385][114]LogModuleManager: Shutting down and abandoning module QuadricMeshReduction (165)
[2018.09.27-19.18.56:385][114]LogModuleManager: Shutting down and abandoning module MaterialBaking (161)
[2018.09.27-19.18.56:385][114]LogModuleManager: Shutting down and abandoning module DirectoryWatcher (157)
[2018.09.27-19.18.56:389][114]LogModuleManager: Shutting down and abandoning module DerivedDataCache (154)
[2018.09.27-19.18.56:872][114]LogDerivedDataCache: Shutdown
[2018.09.27-19.18.56:872][114]LogModuleManager: Shutting down and abandoning module XGEController (152)
[2018.09.27-19.18.56:872][114]LogXGEController: Cleaning working directory: C:/Users/student/AppData/Local/Temp/UnrealXGEWorkingDir/
[2018.09.27-19.18.56:872][114]LogModuleManager: Shutting down and abandoning module TargetPlatform (150)
[2018.09.27-19.18.56:872][114]LogModuleManager: Shutting down and abandoning module VulkanShaderFormat (149)
[2018.09.27-19.18.56:872][114]LogModuleManager: Shutting down and abandoning module ShaderFormatVectorVM (147)
[2018.09.27-19.18.56:872][114]LogModuleManager: Shutting down and abandoning module ShaderFormatOpenGL (145)
[2018.09.27-19.18.56:872][114]LogModuleManager: Shutting down and abandoning module ShaderFormatD3D (143)
[2018.09.27-19.18.56:872][114]LogModuleManager: Shutting down and abandoning module MetalShaderFormat (141)
[2018.09.27-19.18.56:872][114]LogModuleManager: Shutting down and abandoning module TextureFormatUncompressed (139)
[2018.09.27-19.18.56:872][114]LogModuleManager: Shutting down and abandoning module TextureFormatPVR (137)
[2018.09.27-19.18.56:872][114]LogModuleManager: Shutting down and abandoning module TextureFormatDXT (135)
[2018.09.27-19.18.56:872][114]LogModuleManager: Shutting down and abandoning module TextureFormatIntelISPCTexComp (133)
[2018.09.27-19.18.56:873][114]LogModuleManager: Shutting down and abandoning module TextureFormatASTC (131)
[2018.09.27-19.18.56:873][114]LogModuleManager: Shutting down and abandoning module ImageWrapper (130)
[2018.09.27-19.18.56:873][114]LogModuleManager: Shutting down and abandoning module TextureFormatAndroid (127)
[2018.09.27-19.18.56:873][114]LogModuleManager: Shutting down and abandoning module AudioFormatOpus (125)
[2018.09.27-19.18.56:873][114]LogModuleManager: Shutting down and abandoning module AudioFormatOgg (123)
[2018.09.27-19.18.56:873][114]LogModuleManager: Shutting down and abandoning module AudioFormatADPCM (121)
[2018.09.27-19.18.56:873][114]LogModuleManager: Shutting down and abandoning module LinuxTargetPlatform (119)
[2018.09.27-19.18.56:873][114]LogModuleManager: Shutting down and abandoning module LinuxServerTargetPlatform (117)
[2018.09.27-19.18.56:873][114]LogModuleManager: Shutting down and abandoning module LinuxNoEditorTargetPlatform (115)
[2018.09.27-19.18.56:873][114]LogModuleManager: Shutting down and abandoning module LinuxClientTargetPlatform (113)
[2018.09.27-19.18.56:873][114]LogModuleManager: Shutting down and abandoning module TVOSTargetPlatform (111)
[2018.09.27-19.18.56:873][114]LogModuleManager: Shutting down and abandoning module Messaging (109)
[2018.09.27-19.18.56:873][114]LogModuleManager: Shutting down and abandoning module IOSTargetPlatform (107)
[2018.09.27-19.18.56:873][114]LogModuleManager: Shutting down and abandoning module HTML5TargetPlatform (105)
[2018.09.27-19.18.56:873][114]LogModuleManager: Shutting down and abandoning module AndroidTargetPlatform (103)
[2018.09.27-19.18.56:873][114]LogModuleManager: Shutting down and abandoning module Android_PVRTCTargetPlatform (101)
[2018.09.27-19.18.56:873][114]LogModuleManager: Shutting down and abandoning module Android_MultiTargetPlatform (99)
[2018.09.27-19.18.56:873][114]LogModuleManager: Shutting down and abandoning module Android_ETC2TargetPlatform (97)
[2018.09.27-19.18.56:873][114]LogModuleManager: Shutting down and abandoning module Android_ETC1TargetPlatform (95)
[2018.09.27-19.18.56:873][114]LogModuleManager: Shutting down and abandoning module Android_ETC1aTargetPlatform (93)
[2018.09.27-19.18.56:873][114]LogModuleManager: Shutting down and abandoning module Android_DXTTargetPlatform (91)
[2018.09.27-19.18.56:873][114]LogModuleManager: Shutting down and abandoning module Android_ATCTargetPlatform (89)
[2018.09.27-19.18.56:873][114]LogModuleManager: Shutting down and abandoning module Android_ASTCTargetPlatform (87)
[2018.09.27-19.18.56:873][114]LogModuleManager: Shutting down and abandoning module WindowsTargetPlatform (85)
[2018.09.27-19.18.56:874][114]LogModuleManager: Shutting down and abandoning module WindowsServerTargetPlatform (83)
[2018.09.27-19.18.56:874][114]LogModuleManager: Shutting down and abandoning module WindowsNoEditorTargetPlatform (81)
[2018.09.27-19.18.56:874][114]LogModuleManager: Shutting down and abandoning module WindowsClientTargetPlatform (79)
[2018.09.27-19.18.56:874][114]LogModuleManager: Shutting down and abandoning module MacTargetPlatform (77)
[2018.09.27-19.18.56:874][114]LogModuleManager: Shutting down and abandoning module MacServerTargetPlatform (75)
[2018.09.27-19.18.56:874][114]LogModuleManager: Shutting down and abandoning module MacNoEditorTargetPlatform (73)
[2018.09.27-19.18.56:874][114]LogModuleManager: Shutting down and abandoning module MacClientTargetPlatform (71)
[2018.09.27-19.18.56:874][114]LogModuleManager: Shutting down and abandoning module AllDesktopTargetPlatform (69)
[2018.09.27-19.18.56:874][114]LogModuleManager: Shutting down and abandoning module InputCore (66)
[2018.09.27-19.18.56:874][114]LogModuleManager: Shutting down and abandoning module Settings (64)
[2018.09.27-19.18.56:874][114]LogModuleManager: Shutting down and abandoning module PhysXCooking (62)
[2018.09.27-19.18.56:874][114]LogModuleManager: Shutting down and abandoning module SteamVR (60)
[2018.09.27-19.18.56:874][114]LogModuleManager: Shutting down and abandoning module OculusHMD (58)
[2018.09.27-19.18.56:874][114]LogModuleManager: Shutting down and abandoning module ExampleDeviceProfileSelector (56)
[2018.09.27-19.18.56:874][114]LogModuleManager: Shutting down and abandoning module AppleARKit (54)
[2018.09.27-19.18.56:874][114]LogModuleManager: Shutting down and abandoning module AugmentedReality (51)
[2018.09.27-19.18.56:874][114]LogModuleManager: Shutting down and abandoning module OnlineBlueprintSupport (48)
[2018.09.27-19.18.56:874][114]LogModuleManager: Shutting down and abandoning module OnlineSubsystem (44)
[2018.09.27-19.18.56:874][114]LogModuleManager: Shutting down and abandoning module XMPP (43)
[2018.09.27-19.18.56:874][114]LogModuleManager: Shutting down and abandoning module HTTP (41)
[2018.09.27-19.18.56:874][114]LogHttp: Display: Http module shutting down, but needs to wait on 1 outstanding Http requests:
[2018.09.27-19.18.56:875][114]LogHttp: Display: 	verb=[POST] url=[https://datarouter.ol.epicgames.com/datarouter/api/v1/public/data?SessionID=%7BFA83330C-4E95-B13A-3B33-9E8F7357C21A%7D&AppID=UEEditor.Rocket.Release&AppVersion=4.19.2-4033788%2B%2B%2BUE4%2BRelease-4.19&UserID=1151f1be43a692b902ed169b396b4e98%7Ce67724c06ae34bcab9b8bfae92f27281%7C0d795e83-8b02-4b75-a048-1a5d25071ed2&AppEnvironment=datacollector-binary&UploadType=eteventstream] status=Processing
[2018.09.27-19.18.56:895][114]LogModuleManager: Shutting down and abandoning module SSL (40)
[2018.09.27-19.18.56:897][114]LogModuleManager: Shutting down and abandoning module AnimationModifiers (36)
[2018.09.27-19.18.56:897][114]LogModuleManager: Shutting down and abandoning module PropertyEditor (35)
[2018.09.27-19.18.56:897][114]LogModuleManager: Shutting down and abandoning module AudioEditor (32)
[2018.09.27-19.18.56:897][114]LogModuleManager: Shutting down and abandoning module TextureCompressor (30)
[2018.09.27-19.18.56:897][114]LogModuleManager: Shutting down and abandoning module ShaderCore (28)
[2018.09.27-19.18.56:897][114]LogModuleManager: Shutting down and abandoning module Landscape (26)
[2018.09.27-19.18.56:897][114]LogModuleManager: Shutting down and abandoning module SlateRHIRenderer (24)
[2018.09.27-19.18.56:899][114]LogModuleManager: Shutting down and abandoning module OpenGLDrv (22)
[2018.09.27-19.18.56:899][114]LogModuleManager: Shutting down and abandoning module D3D11RHI (20)
[2018.09.27-19.18.56:899][114]LogModuleManager: Shutting down and abandoning module AnimGraphRuntime (18)
[2018.09.27-19.18.56:899][114]LogModuleManager: Shutting down and abandoning module Renderer (16)
[2018.09.27-19.18.56:899][114]LogModuleManager: Shutting down and abandoning module Engine (14)
[2018.09.27-19.18.56:899][114]LogModuleManager: Shutting down and abandoning module CoreUObject (12)
[2018.09.27-19.18.56:899][114]LogModuleManager: Shutting down and abandoning module NetworkFile (10)
[2018.09.27-19.18.56:899][114]LogModuleManager: Shutting down and abandoning module CookedIterativeFile (8)
[2018.09.27-19.18.56:899][114]LogModuleManager: Shutting down and abandoning module StreamingFile (6)
[2018.09.27-19.18.56:900][114]LogModuleManager: Shutting down and abandoning module SandboxFile (4)
[2018.09.27-19.18.56:900][114]LogModuleManager: Shutting down and abandoning module PakFile (2)
[2018.09.27-19.18.56:917][114]LogExit: Exiting.
[2018.09.27-19.18.56:945][114]Log file closed, 09/27/18 14:18:56
